[DEBUG] 2019-11-14 11:39:50.483 [main] IntegratorServiceImpl - Adding Integrator [org.hibernate.cfg.beanvalidation.BeanValidationIntegrator].
[DEBUG] 2019-11-14 11:39:50.507 [main] IntegratorServiceImpl - Adding Integrator [org.hibernate.secure.spi.JaccIntegrator].
[DEBUG] 2019-11-14 11:39:50.517 [main] IntegratorServiceImpl - Adding Integrator [org.hibernate.cache.internal.CollectionCacheInvalidator].
[INFO ] 2019-11-14 11:39:50.693 [main] Version - HHH000412: Hibernate Core {5.4.4.Final}
[DEBUG] 2019-11-14 11:39:50.697 [main] Environment - HHH000206: hibernate.properties not found
[DEBUG] 2019-11-14 11:39:51.210 [main] LocalXmlResourceResolver - Interpreting public/system identifier : [-//Hibernate/Hibernate Configuration DTD//EN] - [http://www.hibernate.org/dtd/hibernate-configuration-3.0.dtd]
[DEBUG] 2019-11-14 11:39:51.213 [main] LocalXmlResourceResolver - Recognized hibernate-configuration identifier; attempting to resolve on classpath under org/hibernate/
[DEBUG] 2019-11-14 11:39:51.223 [main] JaxbCfgProcessor - cfg.xml document did not define namespaces; wrapping in custom event reader to introduce namespace information
[DEBUG] 2019-11-14 11:39:51.909 [main] ServiceBinding - Overriding existing service binding [org.hibernate.secure.spi.JaccService]
[DEBUG] 2019-11-14 11:39:51.931 [main] RegionFactoryInitiator - Cannot default RegionFactory based on registered strategies as `[]` RegionFactory strategies were registered
[DEBUG] 2019-11-14 11:39:51.932 [main] RegionFactoryInitiator - Cache region factory : org.hibernate.cache.internal.NoCachingRegionFactory
[INFO ] 2019-11-14 11:39:51.957 [main] Version - HCANN000001: Hibernate Commons Annotations {5.1.0.Final}
[DEBUG] 2019-11-14 11:39:52.010 [main] BasicTypeRegistry - Adding type registration boolean -> org.hibernate.type.BooleanType@57bd802b
[DEBUG] 2019-11-14 11:39:52.010 [main] BasicTypeRegistry - Adding type registration boolean -> org.hibernate.type.BooleanType@57bd802b
[DEBUG] 2019-11-14 11:39:52.010 [main] BasicTypeRegistry - Adding type registration java.lang.Boolean -> org.hibernate.type.BooleanType@57bd802b
[DEBUG] 2019-11-14 11:39:52.010 [main] BasicTypeRegistry - Adding type registration numeric_boolean -> org.hibernate.type.NumericBooleanType@5183d589
[DEBUG] 2019-11-14 11:39:52.013 [main] BasicTypeRegistry - Adding type registration true_false -> org.hibernate.type.TrueFalseType@68e62ca4
[DEBUG] 2019-11-14 11:39:52.014 [main] BasicTypeRegistry - Adding type registration yes_no -> org.hibernate.type.YesNoType@11653e3b
[DEBUG] 2019-11-14 11:39:52.015 [main] BasicTypeRegistry - Adding type registration byte -> org.hibernate.type.ByteType@1eea9d2d
[DEBUG] 2019-11-14 11:39:52.015 [main] BasicTypeRegistry - Adding type registration byte -> org.hibernate.type.ByteType@1eea9d2d
[DEBUG] 2019-11-14 11:39:52.015 [main] BasicTypeRegistry - Adding type registration java.lang.Byte -> org.hibernate.type.ByteType@1eea9d2d
[DEBUG] 2019-11-14 11:39:52.015 [main] BasicTypeRegistry - Adding type registration character -> org.hibernate.type.CharacterType@6d91790b
[DEBUG] 2019-11-14 11:39:52.016 [main] BasicTypeRegistry - Adding type registration char -> org.hibernate.type.CharacterType@6d91790b
[DEBUG] 2019-11-14 11:39:52.017 [main] BasicTypeRegistry - Adding type registration java.lang.Character -> org.hibernate.type.CharacterType@6d91790b
[DEBUG] 2019-11-14 11:39:52.017 [main] BasicTypeRegistry - Adding type registration short -> org.hibernate.type.ShortType@4b1c0397
[DEBUG] 2019-11-14 11:39:52.017 [main] BasicTypeRegistry - Adding type registration short -> org.hibernate.type.ShortType@4b1c0397
[DEBUG] 2019-11-14 11:39:52.018 [main] BasicTypeRegistry - Adding type registration java.lang.Short -> org.hibernate.type.ShortType@4b1c0397
[DEBUG] 2019-11-14 11:39:52.020 [main] BasicTypeRegistry - Adding type registration integer -> org.hibernate.type.IntegerType@2d84cb86
[DEBUG] 2019-11-14 11:39:52.020 [main] BasicTypeRegistry - Adding type registration int -> org.hibernate.type.IntegerType@2d84cb86
[DEBUG] 2019-11-14 11:39:52.020 [main] BasicTypeRegistry - Adding type registration java.lang.Integer -> org.hibernate.type.IntegerType@2d84cb86
[DEBUG] 2019-11-14 11:39:52.021 [main] BasicTypeRegistry - Adding type registration long -> org.hibernate.type.LongType@4482469c
[DEBUG] 2019-11-14 11:39:52.023 [main] BasicTypeRegistry - Adding type registration long -> org.hibernate.type.LongType@4482469c
[DEBUG] 2019-11-14 11:39:52.023 [main] BasicTypeRegistry - Adding type registration java.lang.Long -> org.hibernate.type.LongType@4482469c
[DEBUG] 2019-11-14 11:39:52.024 [main] BasicTypeRegistry - Adding type registration float -> org.hibernate.type.FloatType@4b1abd11
[DEBUG] 2019-11-14 11:39:52.024 [main] BasicTypeRegistry - Adding type registration float -> org.hibernate.type.FloatType@4b1abd11
[DEBUG] 2019-11-14 11:39:52.024 [main] BasicTypeRegistry - Adding type registration java.lang.Float -> org.hibernate.type.FloatType@4b1abd11
[DEBUG] 2019-11-14 11:39:52.025 [main] BasicTypeRegistry - Adding type registration double -> org.hibernate.type.DoubleType@1b32cd16
[DEBUG] 2019-11-14 11:39:52.026 [main] BasicTypeRegistry - Adding type registration double -> org.hibernate.type.DoubleType@1b32cd16
[DEBUG] 2019-11-14 11:39:52.026 [main] BasicTypeRegistry - Adding type registration java.lang.Double -> org.hibernate.type.DoubleType@1b32cd16
[DEBUG] 2019-11-14 11:39:52.027 [main] BasicTypeRegistry - Adding type registration big_decimal -> org.hibernate.type.BigDecimalType@19593091
[DEBUG] 2019-11-14 11:39:52.027 [main] BasicTypeRegistry - Adding type registration java.math.BigDecimal -> org.hibernate.type.BigDecimalType@19593091
[DEBUG] 2019-11-14 11:39:52.028 [main] BasicTypeRegistry - Adding type registration big_integer -> org.hibernate.type.BigIntegerType@4e868ef5
[DEBUG] 2019-11-14 11:39:52.028 [main] BasicTypeRegistry - Adding type registration java.math.BigInteger -> org.hibernate.type.BigIntegerType@4e868ef5
[DEBUG] 2019-11-14 11:39:52.030 [main] BasicTypeRegistry - Adding type registration string -> org.hibernate.type.StringType@afb5821
[DEBUG] 2019-11-14 11:39:52.030 [main] BasicTypeRegistry - Adding type registration java.lang.String -> org.hibernate.type.StringType@afb5821
[DEBUG] 2019-11-14 11:39:52.030 [main] BasicTypeRegistry - Adding type registration nstring -> org.hibernate.type.StringNVarcharType@2f879bab
[DEBUG] 2019-11-14 11:39:52.031 [main] BasicTypeRegistry - Adding type registration ncharacter -> org.hibernate.type.CharacterNCharType@458544e0
[DEBUG] 2019-11-14 11:39:52.034 [main] BasicTypeRegistry - Adding type registration url -> org.hibernate.type.UrlType@47b2e9e1
[DEBUG] 2019-11-14 11:39:52.035 [main] BasicTypeRegistry - Adding type registration java.net.URL -> org.hibernate.type.UrlType@47b2e9e1
[DEBUG] 2019-11-14 11:39:52.035 [main] BasicTypeRegistry - Adding type registration Duration -> org.hibernate.type.DurationType@25b865b5
[DEBUG] 2019-11-14 11:39:52.035 [main] BasicTypeRegistry - Adding type registration java.time.Duration -> org.hibernate.type.DurationType@25b865b5
[DEBUG] 2019-11-14 11:39:52.043 [main] BasicTypeRegistry - Adding type registration Instant -> org.hibernate.type.InstantType@7e8a46b7
[DEBUG] 2019-11-14 11:39:52.046 [main] BasicTypeRegistry - Adding type registration java.time.Instant -> org.hibernate.type.InstantType@7e8a46b7
[DEBUG] 2019-11-14 11:39:52.047 [main] BasicTypeRegistry - Adding type registration LocalDateTime -> org.hibernate.type.LocalDateTimeType@1e6308a9
[DEBUG] 2019-11-14 11:39:52.047 [main] BasicTypeRegistry - Adding type registration java.time.LocalDateTime -> org.hibernate.type.LocalDateTimeType@1e6308a9
[DEBUG] 2019-11-14 11:39:52.048 [main] BasicTypeRegistry - Adding type registration LocalDate -> org.hibernate.type.LocalDateType@783ec989
[DEBUG] 2019-11-14 11:39:52.048 [main] BasicTypeRegistry - Adding type registration java.time.LocalDate -> org.hibernate.type.LocalDateType@783ec989
[DEBUG] 2019-11-14 11:39:52.049 [main] BasicTypeRegistry - Adding type registration LocalTime -> org.hibernate.type.LocalTimeType@50825a02
[DEBUG] 2019-11-14 11:39:52.049 [main] BasicTypeRegistry - Adding type registration java.time.LocalTime -> org.hibernate.type.LocalTimeType@50825a02
[DEBUG] 2019-11-14 11:39:52.051 [main] BasicTypeRegistry - Adding type registration OffsetDateTime -> org.hibernate.type.OffsetDateTimeType@2abc224d
[DEBUG] 2019-11-14 11:39:52.053 [main] BasicTypeRegistry - Adding type registration java.time.OffsetDateTime -> org.hibernate.type.OffsetDateTimeType@2abc224d
[DEBUG] 2019-11-14 11:39:52.055 [main] BasicTypeRegistry - Adding type registration OffsetTime -> org.hibernate.type.OffsetTimeType@71178a52
[DEBUG] 2019-11-14 11:39:52.055 [main] BasicTypeRegistry - Adding type registration java.time.OffsetTime -> org.hibernate.type.OffsetTimeType@71178a52
[DEBUG] 2019-11-14 11:39:52.055 [main] BasicTypeRegistry - Adding type registration ZonedDateTime -> org.hibernate.type.ZonedDateTimeType@1ded7b14
[DEBUG] 2019-11-14 11:39:52.056 [main] BasicTypeRegistry - Adding type registration java.time.ZonedDateTime -> org.hibernate.type.ZonedDateTimeType@1ded7b14
[DEBUG] 2019-11-14 11:39:52.060 [main] BasicTypeRegistry - Adding type registration date -> org.hibernate.type.DateType@245a060f
[DEBUG] 2019-11-14 11:39:52.060 [main] BasicTypeRegistry - Adding type registration java.sql.Date -> org.hibernate.type.DateType@245a060f
[DEBUG] 2019-11-14 11:39:52.061 [main] BasicTypeRegistry - Adding type registration time -> org.hibernate.type.TimeType@29314cc9
[DEBUG] 2019-11-14 11:39:52.062 [main] BasicTypeRegistry - Adding type registration java.sql.Time -> org.hibernate.type.TimeType@29314cc9
[DEBUG] 2019-11-14 11:39:52.063 [main] BasicTypeRegistry - Adding type registration timestamp -> org.hibernate.type.TimestampType@1280851e
[DEBUG] 2019-11-14 11:39:52.065 [main] BasicTypeRegistry - Adding type registration java.sql.Timestamp -> org.hibernate.type.TimestampType@1280851e
[DEBUG] 2019-11-14 11:39:52.065 [main] BasicTypeRegistry - Adding type registration java.util.Date -> org.hibernate.type.TimestampType@1280851e
[DEBUG] 2019-11-14 11:39:52.066 [main] BasicTypeRegistry - Adding type registration dbtimestamp -> org.hibernate.type.DbTimestampType@4fcc0416
[DEBUG] 2019-11-14 11:39:52.069 [main] BasicTypeRegistry - Adding type registration calendar -> org.hibernate.type.CalendarType@6075b2d3
[DEBUG] 2019-11-14 11:39:52.069 [main] BasicTypeRegistry - Adding type registration java.util.Calendar -> org.hibernate.type.CalendarType@6075b2d3
[DEBUG] 2019-11-14 11:39:52.070 [main] BasicTypeRegistry - Adding type registration java.util.GregorianCalendar -> org.hibernate.type.CalendarType@6075b2d3
[DEBUG] 2019-11-14 11:39:52.071 [main] BasicTypeRegistry - Adding type registration calendar_date -> org.hibernate.type.CalendarDateType@7a18e8d
[DEBUG] 2019-11-14 11:39:52.071 [main] BasicTypeRegistry - Adding type registration locale -> org.hibernate.type.LocaleType@4c9e38
[DEBUG] 2019-11-14 11:39:52.072 [main] BasicTypeRegistry - Adding type registration java.util.Locale -> org.hibernate.type.LocaleType@4c9e38
[DEBUG] 2019-11-14 11:39:52.073 [main] BasicTypeRegistry - Adding type registration currency -> org.hibernate.type.CurrencyType@c4c0b41
[DEBUG] 2019-11-14 11:39:52.075 [main] BasicTypeRegistry - Adding type registration java.util.Currency -> org.hibernate.type.CurrencyType@c4c0b41
[DEBUG] 2019-11-14 11:39:52.076 [main] BasicTypeRegistry - Adding type registration timezone -> org.hibernate.type.TimeZoneType@65cc8228
[DEBUG] 2019-11-14 11:39:52.076 [main] BasicTypeRegistry - Adding type registration java.util.TimeZone -> org.hibernate.type.TimeZoneType@65cc8228
[DEBUG] 2019-11-14 11:39:52.076 [main] BasicTypeRegistry - Adding type registration class -> org.hibernate.type.ClassType@304a3655
[DEBUG] 2019-11-14 11:39:52.076 [main] BasicTypeRegistry - Adding type registration java.lang.Class -> org.hibernate.type.ClassType@304a3655
[DEBUG] 2019-11-14 11:39:52.081 [main] BasicTypeRegistry - Adding type registration uuid-binary -> org.hibernate.type.UUIDBinaryType@2ca6546f
[DEBUG] 2019-11-14 11:39:52.081 [main] BasicTypeRegistry - Adding type registration java.util.UUID -> org.hibernate.type.UUIDBinaryType@2ca6546f
[DEBUG] 2019-11-14 11:39:52.081 [main] BasicTypeRegistry - Adding type registration uuid-char -> org.hibernate.type.UUIDCharType@7578e06a
[DEBUG] 2019-11-14 11:39:52.082 [main] BasicTypeRegistry - Adding type registration binary -> org.hibernate.type.BinaryType@4c0884e8
[DEBUG] 2019-11-14 11:39:52.082 [main] BasicTypeRegistry - Adding type registration byte[] -> org.hibernate.type.BinaryType@4c0884e8
[DEBUG] 2019-11-14 11:39:52.082 [main] BasicTypeRegistry - Adding type registration [B -> org.hibernate.type.BinaryType@4c0884e8
[DEBUG] 2019-11-14 11:39:52.083 [main] BasicTypeRegistry - Adding type registration wrapper-binary -> org.hibernate.type.WrapperBinaryType@7cedfa63
[DEBUG] 2019-11-14 11:39:52.083 [main] BasicTypeRegistry - Adding type registration Byte[] -> org.hibernate.type.WrapperBinaryType@7cedfa63
[DEBUG] 2019-11-14 11:39:52.084 [main] BasicTypeRegistry - Adding type registration [Ljava.lang.Byte; -> org.hibernate.type.WrapperBinaryType@7cedfa63
[DEBUG] 2019-11-14 11:39:52.084 [main] BasicTypeRegistry - Adding type registration row_version -> org.hibernate.type.RowVersionType@4443ef6f
[DEBUG] 2019-11-14 11:39:52.084 [main] BasicTypeRegistry - Adding type registration image -> org.hibernate.type.ImageType@7068f7ca
[DEBUG] 2019-11-14 11:39:52.085 [main] BasicTypeRegistry - Adding type registration characters -> org.hibernate.type.CharArrayType@6fca2a8f
[DEBUG] 2019-11-14 11:39:52.085 [main] BasicTypeRegistry - Adding type registration char[] -> org.hibernate.type.CharArrayType@6fca2a8f
[DEBUG] 2019-11-14 11:39:52.085 [main] BasicTypeRegistry - Adding type registration [C -> org.hibernate.type.CharArrayType@6fca2a8f
[DEBUG] 2019-11-14 11:39:52.088 [main] BasicTypeRegistry - Adding type registration wrapper-characters -> org.hibernate.type.CharacterArrayType@a7f0ab6
[DEBUG] 2019-11-14 11:39:52.088 [main] BasicTypeRegistry - Adding type registration [Ljava.lang.Character; -> org.hibernate.type.CharacterArrayType@a7f0ab6
[DEBUG] 2019-11-14 11:39:52.088 [main] BasicTypeRegistry - Adding type registration Character[] -> org.hibernate.type.CharacterArrayType@a7f0ab6
[DEBUG] 2019-11-14 11:39:52.088 [main] BasicTypeRegistry - Adding type registration text -> org.hibernate.type.TextType@425d5d46
[DEBUG] 2019-11-14 11:39:52.089 [main] BasicTypeRegistry - Adding type registration ntext -> org.hibernate.type.NTextType@7a639ec5
[DEBUG] 2019-11-14 11:39:52.092 [main] BasicTypeRegistry - Adding type registration blob -> org.hibernate.type.BlobType@7bef452c
[DEBUG] 2019-11-14 11:39:52.092 [main] BasicTypeRegistry - Adding type registration java.sql.Blob -> org.hibernate.type.BlobType@7bef452c
[DEBUG] 2019-11-14 11:39:52.092 [main] BasicTypeRegistry - Adding type registration materialized_blob -> org.hibernate.type.MaterializedBlobType@4bee18dc
[DEBUG] 2019-11-14 11:39:52.094 [main] BasicTypeRegistry - Adding type registration clob -> org.hibernate.type.ClobType@3c89bb12
[DEBUG] 2019-11-14 11:39:52.094 [main] BasicTypeRegistry - Adding type registration java.sql.Clob -> org.hibernate.type.ClobType@3c89bb12
[DEBUG] 2019-11-14 11:39:52.098 [main] BasicTypeRegistry - Adding type registration nclob -> org.hibernate.type.NClobType@47f08b81
[DEBUG] 2019-11-14 11:39:52.099 [main] BasicTypeRegistry - Adding type registration java.sql.NClob -> org.hibernate.type.NClobType@47f08b81
[DEBUG] 2019-11-14 11:39:52.100 [main] BasicTypeRegistry - Adding type registration materialized_clob -> org.hibernate.type.MaterializedClobType@267517e4
[DEBUG] 2019-11-14 11:39:52.100 [main] BasicTypeRegistry - Adding type registration materialized_nclob -> org.hibernate.type.MaterializedNClobType@614aeccc
[DEBUG] 2019-11-14 11:39:52.102 [main] BasicTypeRegistry - Adding type registration serializable -> org.hibernate.type.SerializableType@3a91d146
[DEBUG] 2019-11-14 11:39:52.109 [main] BasicTypeRegistry - Adding type registration object -> org.hibernate.type.ObjectType@76075d65
[DEBUG] 2019-11-14 11:39:52.110 [main] BasicTypeRegistry - Adding type registration java.lang.Object -> org.hibernate.type.ObjectType@76075d65
[DEBUG] 2019-11-14 11:39:52.110 [main] BasicTypeRegistry - Adding type registration imm_date -> org.hibernate.type.AdaptedImmutableType@74971ed9
[DEBUG] 2019-11-14 11:39:52.112 [main] BasicTypeRegistry - Adding type registration imm_time -> org.hibernate.type.AdaptedImmutableType@131fcb6f
[DEBUG] 2019-11-14 11:39:52.114 [main] BasicTypeRegistry - Adding type registration imm_timestamp -> org.hibernate.type.AdaptedImmutableType@ccd1bc3
[DEBUG] 2019-11-14 11:39:52.114 [main] BasicTypeRegistry - Adding type registration imm_dbtimestamp -> org.hibernate.type.AdaptedImmutableType@878537d
[DEBUG] 2019-11-14 11:39:52.114 [main] BasicTypeRegistry - Adding type registration imm_calendar -> org.hibernate.type.AdaptedImmutableType@4455f57d
[DEBUG] 2019-11-14 11:39:52.115 [main] BasicTypeRegistry - Adding type registration imm_calendar_date -> org.hibernate.type.AdaptedImmutableType@29fc1a2b
[DEBUG] 2019-11-14 11:39:52.115 [main] BasicTypeRegistry - Adding type registration imm_binary -> org.hibernate.type.AdaptedImmutableType@4d0b0fd4
[DEBUG] 2019-11-14 11:39:52.115 [main] BasicTypeRegistry - Adding type registration imm_serializable -> org.hibernate.type.AdaptedImmutableType@7a24eb3
[DEBUG] 2019-11-14 11:39:52.203 [main] DefaultIdentifierGeneratorFactory - Registering IdentifierGenerator strategy [uuid2] -> [org.hibernate.id.UUIDGenerator]
[DEBUG] 2019-11-14 11:39:52.206 [main] DefaultIdentifierGeneratorFactory - Registering IdentifierGenerator strategy [guid] -> [org.hibernate.id.GUIDGenerator]
[DEBUG] 2019-11-14 11:39:52.209 [main] DefaultIdentifierGeneratorFactory - Registering IdentifierGenerator strategy [uuid] -> [org.hibernate.id.UUIDHexGenerator]
[DEBUG] 2019-11-14 11:39:52.210 [main] DefaultIdentifierGeneratorFactory - Registering IdentifierGenerator strategy [uuid.hex] -> [org.hibernate.id.UUIDHexGenerator]
[DEBUG] 2019-11-14 11:39:52.211 [main] DefaultIdentifierGeneratorFactory - Registering IdentifierGenerator strategy [assigned] -> [org.hibernate.id.Assigned]
[DEBUG] 2019-11-14 11:39:52.213 [main] DefaultIdentifierGeneratorFactory - Registering IdentifierGenerator strategy [identity] -> [org.hibernate.id.IdentityGenerator]
[DEBUG] 2019-11-14 11:39:52.213 [main] DefaultIdentifierGeneratorFactory - Registering IdentifierGenerator strategy [select] -> [org.hibernate.id.SelectGenerator]
[DEBUG] 2019-11-14 11:39:52.214 [main] DefaultIdentifierGeneratorFactory - Registering IdentifierGenerator strategy [sequence] -> [org.hibernate.id.enhanced.SequenceStyleGenerator]
[DEBUG] 2019-11-14 11:39:52.216 [main] DefaultIdentifierGeneratorFactory - Registering IdentifierGenerator strategy [seqhilo] -> [org.hibernate.id.SequenceHiLoGenerator]
[DEBUG] 2019-11-14 11:39:52.217 [main] DefaultIdentifierGeneratorFactory - Registering IdentifierGenerator strategy [increment] -> [org.hibernate.id.IncrementGenerator]
[DEBUG] 2019-11-14 11:39:52.217 [main] DefaultIdentifierGeneratorFactory - Registering IdentifierGenerator strategy [foreign] -> [org.hibernate.id.ForeignGenerator]
[DEBUG] 2019-11-14 11:39:52.217 [main] DefaultIdentifierGeneratorFactory - Registering IdentifierGenerator strategy [sequence-identity] -> [org.hibernate.id.SequenceIdentityGenerator]
[DEBUG] 2019-11-14 11:39:52.217 [main] DefaultIdentifierGeneratorFactory - Registering IdentifierGenerator strategy [enhanced-sequence] -> [org.hibernate.id.enhanced.SequenceStyleGenerator]
[DEBUG] 2019-11-14 11:39:52.218 [main] DefaultIdentifierGeneratorFactory - Registering IdentifierGenerator strategy [enhanced-table] -> [org.hibernate.id.enhanced.TableGenerator]
[INFO ] 2019-11-14 11:39:52.224 [main] C3P0ConnectionProvider - HHH010002: C3P0 using driver: com.mysql.cj.jdbc.Driver at URL: jdbc:mysql://localhost:3306/favorite_places
[INFO ] 2019-11-14 11:39:52.224 [main] C3P0ConnectionProvider - HHH10001001: Connection properties: {password=****, user=root}
[INFO ] 2019-11-14 11:39:52.224 [main] C3P0ConnectionProvider - HHH10001003: Autocommit mode: false
[INFO ] 2019-11-14 11:39:52.407 [main] C3P0ConnectionProvider - HHH10001007: JDBC isolation level: <unknown>
[DEBUG] 2019-11-14 11:39:53.265 [main] JdbcEnvironmentInitiator - Database ->
       name : MySQL
    version : 8.0.17
      major : 8
      minor : 0
[DEBUG] 2019-11-14 11:39:53.267 [main] JdbcEnvironmentInitiator - Driver ->
       name : MySQL Connector/J
    version : mysql-connector-java-8.0.16 (Revision: 34cbc6bc61f72836e26327537a432d6db7c77de6)
      major : 8
      minor : 0
[DEBUG] 2019-11-14 11:39:53.267 [main] JdbcEnvironmentInitiator - JDBC version : 4.2
[INFO ] 2019-11-14 11:39:53.320 [main] Dialect - HHH000400: Using dialect: org.hibernate.dialect.MySQL8Dialect
[DEBUG] 2019-11-14 11:39:53.339 [main] IdentifierHelperBuilder - JDBC driver metadata reported database stores quoted identifiers in more than one case
[DEBUG] 2019-11-14 11:39:53.381 [main] IdentifierHelperBuilder - IdentifierCaseStrategy for both quoted and unquoted identifiers was set to the same strategy [MIXED]; that will likely lead to problems in schema update and validation if using quoted identifiers
[DEBUG] 2019-11-14 11:39:53.442 [main] Namespace - Created database namespace [logicalName=Name{catalog=null, schema=null}, physicalName=Name{catalog=null, schema=null}]
[DEBUG] 2019-11-14 11:39:53.444 [main] TypeConfiguration$Scope - Scoping TypeConfiguration [org.hibernate.type.spi.TypeConfiguration@39fa8ad2] to MetadataBuildingContext [org.hibernate.boot.internal.MetadataBuildingContextRootImpl@76ddd61a]
[DEBUG] 2019-11-14 11:39:53.493 [main] AnnotationBinder - Binding entity from annotated class: com.teamresistance.entity.Favorites
[DEBUG] 2019-11-14 11:39:53.522 [main] Ejb3Column - Binding column: Ejb3DiscriminatorColumn{logicalColumnName'DTYPE', discriminatorTypeName='string'}
[DEBUG] 2019-11-14 11:39:53.530 [main] EntityBinder - Import with entity name Favorites
[DEBUG] 2019-11-14 11:39:53.532 [main] EntityBinder - Bind entity com.teamresistance.entity.Favorites on table favorites
[DEBUG] 2019-11-14 11:39:53.565 [main] Ejb3Column - Binding column: Ejb3Column{table=org.hibernate.mapping.Table(favorites), mappingColumn=Id, insertable=true, updatable=true, unique=false}
[DEBUG] 2019-11-14 11:39:53.570 [main] PropertyBinder - MetadataSourceProcessor property Id with lazy=false
[DEBUG] 2019-11-14 11:39:53.571 [main] AbstractPropertyHolder - Attempting to locate auto-apply AttributeConverter for property [com.teamresistance.entity.Favorites:Id]
[DEBUG] 2019-11-14 11:39:53.573 [main] SimpleValueBinder - building SimpleValue for Id
[DEBUG] 2019-11-14 11:39:53.575 [main] PropertyBinder - Building property Id
[DEBUG] 2019-11-14 11:39:53.578 [main] BinderHelper - #makeIdGenerator(org.hibernate.mapping.SimpleValue([org.hibernate.mapping.Column(Id)]), Id, org.hibernate.id.enhanced.SequenceStyleGenerator, native, ...)
[DEBUG] 2019-11-14 11:39:53.580 [main] Ejb3Column - Binding column: Ejb3Column{table=org.hibernate.mapping.Table(favorites), mappingColumn=available, insertable=true, updatable=true, unique=false}
[DEBUG] 2019-11-14 11:39:53.581 [main] PropertyBinder - MetadataSourceProcessor property availableLots with lazy=false
[DEBUG] 2019-11-14 11:39:53.581 [main] AbstractPropertyHolder - Attempting to locate auto-apply AttributeConverter for property [com.teamresistance.entity.Favorites:availableLots]
[DEBUG] 2019-11-14 11:39:53.581 [main] SimpleValueBinder - building SimpleValue for availableLots
[DEBUG] 2019-11-14 11:39:53.581 [main] PropertyBinder - Building property availableLots
[DEBUG] 2019-11-14 11:39:53.582 [main] Ejb3Column - Binding column: Ejb3Column{table=org.hibernate.mapping.Table(favorites), mappingColumn=description, insertable=true, updatable=true, unique=false}
[DEBUG] 2019-11-14 11:39:53.582 [main] PropertyBinder - MetadataSourceProcessor property description with lazy=false
[DEBUG] 2019-11-14 11:39:53.583 [main] AbstractPropertyHolder - Attempting to locate auto-apply AttributeConverter for property [com.teamresistance.entity.Favorites:description]
[DEBUG] 2019-11-14 11:39:53.583 [main] SimpleValueBinder - building SimpleValue for description
[DEBUG] 2019-11-14 11:39:53.583 [main] PropertyBinder - Building property description
[DEBUG] 2019-11-14 11:39:53.583 [main] Ejb3Column - Binding column: Ejb3Column{table=org.hibernate.mapping.Table(favorites), mappingColumn=name, insertable=true, updatable=true, unique=false}
[DEBUG] 2019-11-14 11:39:53.585 [main] PropertyBinder - MetadataSourceProcessor property name with lazy=false
[DEBUG] 2019-11-14 11:39:53.588 [main] AbstractPropertyHolder - Attempting to locate auto-apply AttributeConverter for property [com.teamresistance.entity.Favorites:name]
[DEBUG] 2019-11-14 11:39:53.588 [main] SimpleValueBinder - building SimpleValue for name
[DEBUG] 2019-11-14 11:39:53.588 [main] PropertyBinder - Building property name
[DEBUG] 2019-11-14 11:39:53.588 [main] Ejb3Column - Binding column: Ejb3Column{table=org.hibernate.mapping.Table(favorites), mappingColumn=parkingLotId, insertable=true, updatable=true, unique=false}
[DEBUG] 2019-11-14 11:39:53.588 [main] PropertyBinder - MetadataSourceProcessor property parkingLotId with lazy=false
[DEBUG] 2019-11-14 11:39:53.588 [main] AbstractPropertyHolder - Attempting to locate auto-apply AttributeConverter for property [com.teamresistance.entity.Favorites:parkingLotId]
[DEBUG] 2019-11-14 11:39:53.588 [main] SimpleValueBinder - building SimpleValue for parkingLotId
[DEBUG] 2019-11-14 11:39:53.589 [main] PropertyBinder - Building property parkingLotId
[DEBUG] 2019-11-14 11:39:53.589 [main] Ejb3Column - Binding column: Ejb3Column{table=org.hibernate.mapping.Table(favorites), mappingColumn=price, insertable=true, updatable=true, unique=false}
[DEBUG] 2019-11-14 11:39:53.589 [main] PropertyBinder - MetadataSourceProcessor property price with lazy=false
[DEBUG] 2019-11-14 11:39:53.589 [main] AbstractPropertyHolder - Attempting to locate auto-apply AttributeConverter for property [com.teamresistance.entity.Favorites:price]
[DEBUG] 2019-11-14 11:39:53.589 [main] SimpleValueBinder - building SimpleValue for price
[DEBUG] 2019-11-14 11:39:53.589 [main] PropertyBinder - Building property price
[DEBUG] 2019-11-14 11:39:53.591 [main] Ejb3Column - Binding column: Ejb3JoinColumn{logicalColumnName='null', referencedColumn='null', mappedBy='null'}
[DEBUG] 2019-11-14 11:39:53.591 [main] Ejb3Column - Binding column: Ejb3Column{table=org.hibernate.mapping.Table(favorites), mappingColumn=user, insertable=true, updatable=true, unique=false}
[DEBUG] 2019-11-14 11:39:53.594 [main] PropertyBinder - Building property user
[DEBUG] 2019-11-14 11:39:53.595 [main] AnnotationBinder - Binding entity from annotated class: com.teamresistance.entity.User
[DEBUG] 2019-11-14 11:39:53.596 [main] Ejb3Column - Binding column: Ejb3DiscriminatorColumn{logicalColumnName'DTYPE', discriminatorTypeName='string'}
[DEBUG] 2019-11-14 11:39:53.597 [main] EntityBinder - Import with entity name User
[DEBUG] 2019-11-14 11:39:53.597 [main] EntityBinder - Bind entity com.teamresistance.entity.User on table user
[DEBUG] 2019-11-14 11:39:53.600 [main] Ejb3Column - Binding column: Ejb3Column{table=org.hibernate.mapping.Table(user), mappingColumn=userID, insertable=true, updatable=true, unique=false}
[DEBUG] 2019-11-14 11:39:53.600 [main] PropertyBinder - MetadataSourceProcessor property userID with lazy=false
[DEBUG] 2019-11-14 11:39:53.600 [main] AbstractPropertyHolder - Attempting to locate auto-apply AttributeConverter for property [com.teamresistance.entity.User:userID]
[DEBUG] 2019-11-14 11:39:53.600 [main] SimpleValueBinder - building SimpleValue for userID
[DEBUG] 2019-11-14 11:39:53.600 [main] PropertyBinder - Building property userID
[DEBUG] 2019-11-14 11:39:53.601 [main] BinderHelper - #makeIdGenerator(org.hibernate.mapping.SimpleValue([org.hibernate.mapping.Column(userID)]), userID, org.hibernate.id.enhanced.SequenceStyleGenerator, native, ...)
[DEBUG] 2019-11-14 11:39:53.601 [main] Ejb3Column - Binding column: Ejb3JoinColumn{logicalColumnName='null', referencedColumn='null', mappedBy='user'}
[DEBUG] 2019-11-14 11:39:53.601 [main] Ejb3Column - Binding column: Ejb3Column{table=org.hibernate.mapping.Table(user), mappingColumn=favorites, insertable=true, updatable=true, unique=false}
[DEBUG] 2019-11-14 11:39:53.602 [main] Ejb3Column - Binding column: Ejb3Column{table=org.hibernate.mapping.Table(user), mappingColumn=null, insertable=true, updatable=true, unique=false}
[DEBUG] 2019-11-14 11:39:53.609 [main] Ejb3Column - Binding column: Ejb3Column{table=org.hibernate.mapping.Table(user), mappingColumn=element, insertable=true, updatable=true, unique=false}
[DEBUG] 2019-11-14 11:39:53.609 [main] Ejb3Column - Binding column: Ejb3Column{table=org.hibernate.mapping.Table(user), mappingColumn=favorites_KEY, insertable=true, updatable=true, unique=false}
[DEBUG] 2019-11-14 11:39:53.610 [main] Ejb3Column - Binding column: Ejb3JoinColumn{logicalColumnName='favorites_KEY', referencedColumn='null', mappedBy='null'}
[DEBUG] 2019-11-14 11:39:53.610 [main] Ejb3Column - Binding column: Ejb3JoinColumn{logicalColumnName='null', referencedColumn='null', mappedBy='user'}
[DEBUG] 2019-11-14 11:39:53.610 [main] Ejb3Column - Binding column: Ejb3JoinColumn{logicalColumnName='null', referencedColumn='null', mappedBy='user'}
[DEBUG] 2019-11-14 11:39:53.611 [main] CollectionBinder - Collection role: com.teamresistance.entity.User.favorites
[DEBUG] 2019-11-14 11:39:53.612 [main] PropertyBinder - Building property favorites
[DEBUG] 2019-11-14 11:39:53.614 [main] Ejb3Column - Binding column: Ejb3Column{table=org.hibernate.mapping.Table(user), mappingColumn=passWord, insertable=true, updatable=true, unique=false}
[DEBUG] 2019-11-14 11:39:53.617 [main] PropertyBinder - MetadataSourceProcessor property passWord with lazy=false
[DEBUG] 2019-11-14 11:39:53.617 [main] AbstractPropertyHolder - Attempting to locate auto-apply AttributeConverter for property [com.teamresistance.entity.User:passWord]
[DEBUG] 2019-11-14 11:39:53.618 [main] SimpleValueBinder - building SimpleValue for passWord
[DEBUG] 2019-11-14 11:39:53.618 [main] PropertyBinder - Building property passWord
[DEBUG] 2019-11-14 11:39:53.618 [main] Ejb3Column - Binding column: Ejb3Column{table=org.hibernate.mapping.Table(user), mappingColumn=userName, insertable=true, updatable=true, unique=false}
[DEBUG] 2019-11-14 11:39:53.618 [main] PropertyBinder - MetadataSourceProcessor property userName with lazy=false
[DEBUG] 2019-11-14 11:39:53.619 [main] AbstractPropertyHolder - Attempting to locate auto-apply AttributeConverter for property [com.teamresistance.entity.User:userName]
[DEBUG] 2019-11-14 11:39:53.622 [main] SimpleValueBinder - building SimpleValue for userName
[DEBUG] 2019-11-14 11:39:53.622 [main] PropertyBinder - Building property userName
[DEBUG] 2019-11-14 11:39:53.623 [main] SimpleValueBinder - Starting fillSimpleValue for Id
[DEBUG] 2019-11-14 11:39:53.623 [main] SimpleValueBinder - Starting fillSimpleValue for availableLots
[DEBUG] 2019-11-14 11:39:53.623 [main] SimpleValueBinder - Starting fillSimpleValue for description
[DEBUG] 2019-11-14 11:39:53.623 [main] SimpleValueBinder - Starting fillSimpleValue for name
[DEBUG] 2019-11-14 11:39:53.623 [main] SimpleValueBinder - Starting fillSimpleValue for parkingLotId
[DEBUG] 2019-11-14 11:39:53.623 [main] SimpleValueBinder - Starting fillSimpleValue for price
[DEBUG] 2019-11-14 11:39:53.623 [main] SimpleValueBinder - Starting fillSimpleValue for userID
[DEBUG] 2019-11-14 11:39:53.623 [main] SimpleValueBinder - Starting fillSimpleValue for passWord
[DEBUG] 2019-11-14 11:39:53.623 [main] SimpleValueBinder - Starting fillSimpleValue for userName
[DEBUG] 2019-11-14 11:39:53.628 [main] PrimaryKey - Forcing column [id] to be non-null as it is part of the primary key for table [favorites]
[DEBUG] 2019-11-14 11:39:53.628 [main] PrimaryKey - Forcing column [userid] to be non-null as it is part of the primary key for table [user]
[DEBUG] 2019-11-14 11:39:53.628 [main] CollectionSecondPass - Second pass for collection: com.teamresistance.entity.User.favorites
[DEBUG] 2019-11-14 11:39:53.628 [main] CollectionBinder - Binding a OneToMany: com.teamresistance.entity.User.favorites through a foreign key
[DEBUG] 2019-11-14 11:39:53.629 [main] CollectionBinder - Mapping collection: com.teamresistance.entity.User.favorites -> favorites
[DEBUG] 2019-11-14 11:39:53.630 [main] TableBinder - Retrieving property com.teamresistance.entity.Favorites.user
[DEBUG] 2019-11-14 11:39:53.630 [main] CollectionSecondPass - Mapped collection key: user_userID, one-to-many: com.teamresistance.entity.Favorites
[DEBUG] 2019-11-14 11:39:53.630 [main] InFlightMetadataCollectorImpl - Resolving reference to class: com.teamresistance.entity.User
[DEBUG] 2019-11-14 11:39:53.633 [main] InFlightMetadataCollectorImpl - Resolving reference to class: com.teamresistance.entity.User
[DEBUG] 2019-11-14 11:39:53.668 [main] SessionFactoryImpl - Building session factory
[DEBUG] 2019-11-14 11:39:53.668 [main] Settings - SessionFactory name : null
[DEBUG] 2019-11-14 11:39:53.672 [main] Settings - Automatic flush during beforeCompletion(): enabled
[DEBUG] 2019-11-14 11:39:53.672 [main] Settings - Automatic session close at end of transaction: disabled
[DEBUG] 2019-11-14 11:39:53.672 [main] Settings - Statistics: disabled
[DEBUG] 2019-11-14 11:39:53.672 [main] Settings - Deleted entity synthetic identifier rollback: disabled
[DEBUG] 2019-11-14 11:39:53.672 [main] Settings - Default entity-mode: pojo
[DEBUG] 2019-11-14 11:39:53.672 [main] Settings - Check Nullability in Core (should be disabled when Bean Validation is on): enabled
[DEBUG] 2019-11-14 11:39:53.672 [main] Settings - Allow initialization of lazy state outside session : disabled
[DEBUG] 2019-11-14 11:39:53.672 [main] Settings - Using BatchFetchStyle : LEGACY
[DEBUG] 2019-11-14 11:39:53.672 [main] Settings - Default batch fetch size: -1
[DEBUG] 2019-11-14 11:39:53.672 [main] Settings - Maximum outer join fetch depth: 2
[DEBUG] 2019-11-14 11:39:53.672 [main] Settings - Default null ordering: NONE
[DEBUG] 2019-11-14 11:39:53.673 [main] Settings - Order SQL updates by primary key: disabled
[DEBUG] 2019-11-14 11:39:53.673 [main] Settings - Order SQL inserts for batching: disabled
[DEBUG] 2019-11-14 11:39:53.673 [main] Settings - multi-tenancy strategy : NONE
[DEBUG] 2019-11-14 11:39:53.673 [main] Settings - JTA Track by Thread: enabled
[DEBUG] 2019-11-14 11:39:53.674 [main] Settings - Query language substitutions: {}
[DEBUG] 2019-11-14 11:39:53.675 [main] Settings - Named query checking : enabled
[DEBUG] 2019-11-14 11:39:53.676 [main] Settings - Second-level cache: disabled
[DEBUG] 2019-11-14 11:39:53.676 [main] Settings - Second-level query cache: disabled
[DEBUG] 2019-11-14 11:39:53.676 [main] Settings - Second-level query cache factory: null
[DEBUG] 2019-11-14 11:39:53.676 [main] Settings - Second-level cache region prefix: null
[DEBUG] 2019-11-14 11:39:53.676 [main] Settings - Optimize second-level cache for minimal puts: disabled
[DEBUG] 2019-11-14 11:39:53.676 [main] Settings - Structured second-level cache entries: disabled
[DEBUG] 2019-11-14 11:39:53.676 [main] Settings - Second-level cache direct-reference entries: disabled
[DEBUG] 2019-11-14 11:39:53.676 [main] Settings - Automatic eviction of collection cache: disabled
[DEBUG] 2019-11-14 11:39:53.676 [main] Settings - JDBC batch size: 15
[DEBUG] 2019-11-14 11:39:53.676 [main] Settings - JDBC batch updates for versioned data: enabled
[DEBUG] 2019-11-14 11:39:53.676 [main] Settings - Scrollable result sets: enabled
[DEBUG] 2019-11-14 11:39:53.676 [main] Settings - Wrap result sets: disabled
[DEBUG] 2019-11-14 11:39:53.676 [main] Settings - JDBC3 getGeneratedKeys(): enabled
[DEBUG] 2019-11-14 11:39:53.676 [main] Settings - JDBC result set fetch size: null
[DEBUG] 2019-11-14 11:39:53.676 [main] Settings - Connection release mode: AFTER_TRANSACTION
[DEBUG] 2019-11-14 11:39:53.677 [main] Settings - Generate SQL with comments: disabled
[DEBUG] 2019-11-14 11:39:53.677 [main] Settings - JPA compliance - query : 
[DEBUG] 2019-11-14 11:39:53.677 [main] Settings - JPA compliance - closed-handling : 
[DEBUG] 2019-11-14 11:39:53.677 [main] Settings - JPA compliance - lists : 
[DEBUG] 2019-11-14 11:39:53.677 [main] Settings - JPA compliance - transactions : 
[INFO ] 2019-11-14 11:39:53.746 [main] beans - HHH10005002: No explicit CDI BeanManager reference was passed to Hibernate, but CDI is available on the Hibernate ClassLoader.
[DEBUG] 2019-11-14 11:39:53.771 [main] SessionFactoryImpl - Session factory constructed with filter configurations : {}
[DEBUG] 2019-11-14 11:39:53.771 [main] SessionFactoryImpl - Instantiating session factory with properties: {sun.desktop=gnome, awt.toolkit=sun.awt.X11.XToolkit, java.specification.version=11, sun.cpu.isalist=, hibernate.c3p0.idle_test_period=3000, sun.jnu.encoding=UTF-8, hibernate.c3p0.min_size=5, java.class.path=/home/student/intellij/lib/idea_rt.jar:/home/student/intellij/plugins/junit/lib/junit-rt.jar:/home/student/intellij/plugins/junit/lib/junit5-rt.jar:/home/student/IdeaProjects/parkingLots/target/test-classes:/home/student/IdeaProjects/parkingLots/target/classes:/home/student/.m2/repository/org/hibernate/hibernate-core/5.4.4.Final/hibernate-core-5.4.4.Final.jar:/home/student/.m2/repository/org/jboss/logging/jboss-logging/3.3.2.Final/jboss-logging-3.3.2.Final.jar:/home/student/.m2/repository/javax/persistence/javax.persistence-api/2.2/javax.persistence-api-2.2.jar:/home/student/.m2/repository/org/javassist/javassist/3.24.0-GA/javassist-3.24.0-GA.jar:/home/student/.m2/repository/net/bytebuddy/byte-buddy/1.9.11/byte-buddy-1.9.11.jar:/home/student/.m2/repository/antlr/antlr/2.7.7/antlr-2.7.7.jar:/home/student/.m2/repository/org/jboss/spec/javax/transaction/jboss-transaction-api_1.2_spec/1.1.1.Final/jboss-transaction-api_1.2_spec-1.1.1.Final.jar:/home/student/.m2/repository/org/jboss/jandex/2.0.5.Final/jandex-2.0.5.Final.jar:/home/student/.m2/repository/com/fasterxml/classmate/1.3.4/classmate-1.3.4.jar:/home/student/.m2/repository/javax/activation/javax.activation-api/1.2.0/javax.activation-api-1.2.0.jar:/home/student/.m2/repository/org/dom4j/dom4j/2.1.1/dom4j-2.1.1.jar:/home/student/.m2/repository/org/hibernate/common/hibernate-commons-annotations/5.1.0.Final/hibernate-commons-annotations-5.1.0.Final.jar:/home/student/.m2/repository/javax/xml/bind/jaxb-api/2.3.1/jaxb-api-2.3.1.jar:/home/student/.m2/repository/org/glassfish/jaxb/jaxb-runtime/2.3.1/jaxb-runtime-2.3.1.jar:/home/student/.m2/repository/org/glassfish/jaxb/txw2/2.3.1/txw2-2.3.1.jar:/home/student/.m2/repository/com/sun/istack/istack-commons-runtime/3.0.7/istack-commons-runtime-3.0.7.jar:/home/student/.m2/repository/org/jvnet/staxex/stax-ex/1.8/stax-ex-1.8.jar:/home/student/.m2/repository/com/sun/xml/fastinfoset/FastInfoset/1.2.15/FastInfoset-1.2.15.jar:/home/student/.m2/repository/org/hibernate/hibernate-c3p0/5.4.4.Final/hibernate-c3p0-5.4.4.Final.jar:/home/student/.m2/repository/com/mchange/c3p0/0.9.5.3/c3p0-0.9.5.3.jar:/home/student/.m2/repository/com/mchange/mchange-commons-java/0.2.15/mchange-commons-java-0.2.15.jar:/home/student/.m2/repository/org/apache/logging/log4j/log4j-api/2.10.0/log4j-api-2.10.0.jar:/home/student/.m2/repository/org/apache/logging/log4j/log4j-core/2.10.0/log4j-core-2.10.0.jar:/home/student/.m2/repository/javax/javaee-web-api/7.0/javaee-web-api-7.0.jar:/home/student/.m2/repository/org/junit/platform/junit-platform-runner/1.0.0/junit-platform-runner-1.0.0.jar:/home/student/.m2/repository/org/apiguardian/apiguardian-api/1.0.0/apiguardian-api-1.0.0.jar:/home/student/.m2/repository/org/junit/platform/junit-platform-launcher/1.0.0/junit-platform-launcher-1.0.0.jar:/home/student/.m2/repository/org/junit/platform/junit-platform-suite-api/1.0.0/junit-platform-suite-api-1.0.0.jar:/home/student/.m2/repository/org/junit/platform/junit-platform-commons/1.0.0/junit-platform-commons-1.0.0.jar:/home/student/.m2/repository/org/junit/vintage/junit-vintage-engine/4.12.0/junit-vintage-engine-4.12.0.jar:/home/student/.m2/repository/org/junit/platform/junit-platform-engine/1.0.0/junit-platform-engine-1.0.0.jar:/home/student/.m2/repository/org/opentest4j/opentest4j/1.0.0/opentest4j-1.0.0.jar:/home/student/.m2/repository/org/junit/jupiter/junit-jupiter-engine/5.0.0/junit-jupiter-engine-5.0.0.jar:/home/student/.m2/repository/org/junit/jupiter/junit-jupiter-api/5.0.0/junit-jupiter-api-5.0.0.jar:/home/student/.m2/repository/junit/junit/4.12/junit-4.12.jar:/home/student/.m2/repository/org/hamcrest/hamcrest-core/1.3/hamcrest-core-1.3.jar:/home/student/.m2/repository/jstl/jstl/1.2/jstl-1.2.jar:/home/student/.m2/repository/mysql/mysql-connector-java/8.0.16/mysql-connector-java-8.0.16.jar:/home/student/.m2/repository/com/google/protobuf/protobuf-java/3.6.1/protobuf-java-3.6.1.jar:/home/student/.m2/repository/org/glassfish/jersey/core/jersey-client/2.29.1/jersey-client-2.29.1.jar:/home/student/.m2/repository/jakarta/ws/rs/jakarta.ws.rs-api/2.1.6/jakarta.ws.rs-api-2.1.6.jar:/home/student/.m2/repository/org/glassfish/jersey/core/jersey-common/2.29.1/jersey-common-2.29.1.jar:/home/student/.m2/repository/jakarta/annotation/jakarta.annotation-api/1.3.5/jakarta.annotation-api-1.3.5.jar:/home/student/.m2/repository/org/glassfish/hk2/osgi-resource-locator/1.0.3/osgi-resource-locator-1.0.3.jar:/home/student/.m2/repository/org/glassfish/hk2/external/jakarta.inject/2.6.1/jakarta.inject-2.6.1.jar:/home/student/.m2/repository/org/glassfish/jersey/inject/jersey-hk2/2.29.1/jersey-hk2-2.29.1.jar:/home/student/.m2/repository/org/glassfish/hk2/hk2-locator/2.6.1/hk2-locator-2.6.1.jar:/home/student/.m2/repository/org/glassfish/hk2/external/aopalliance-repackaged/2.6.1/aopalliance-repackaged-2.6.1.jar:/home/student/.m2/repository/org/glassfish/hk2/hk2-api/2.6.1/hk2-api-2.6.1.jar:/home/student/.m2/repository/org/glassfish/hk2/hk2-utils/2.6.1/hk2-utils-2.6.1.jar:/home/student/.m2/repository/org/glassfish/jersey/containers/jersey-container-servlet/2.29.1/jersey-container-servlet-2.29.1.jar:/home/student/.m2/repository/org/glassfish/jersey/containers/jersey-container-servlet-core/2.29.1/jersey-container-servlet-core-2.29.1.jar:/home/student/.m2/repository/org/glassfish/jersey/core/jersey-server/2.29.1/jersey-server-2.29.1.jar:/home/student/.m2/repository/org/glassfish/jersey/media/jersey-media-jaxb/2.29.1/jersey-media-jaxb-2.29.1.jar:/home/student/.m2/repository/jakarta/validation/jakarta.validation-api/2.0.2/jakarta.validation-api-2.0.2.jar:/home/student/.m2/repository/com/fasterxml/jackson/core/jackson-core/2.10.0/jackson-core-2.10.0.jar:/home/student/.m2/repository/com/fasterxml/jackson/core/jackson-annotations/2.10.0/jackson-annotations-2.10.0.jar:/home/student/.m2/repository/com/fasterxml/jackson/core/jackson-databind/2.10.0/jackson-databind-2.10.0.jar, java.vm.vendor=Ubuntu, sun.arch.data.model=64, idea.test.cyclic.buffer.size=1048576, java.vendor.url=https://ubuntu.com/, user.timezone=America/Chicago, os.name=Linux, java.vm.specification.version=11, sun.java.launcher=SUN_STANDARD, user.country=US, sun.boot.library.path=/usr/lib/jvm/java-11-openjdk-amd64/lib, sun.java.command=com.intellij.rt.execution.junit.JUnitStarter -ideVersion5 -junit5 com.teamresistance.service.FavoritesServiceTest,testInsert, jdk.debug=release, sun.cpu.endian=little, user.home=/home/student, hibernate.c3p0.max_statements=50, user.language=en, java.specification.vendor=Oracle Corporation, java.version.date=2019-07-16, java.home=/usr/lib/jvm/java-11-openjdk-amd64, file.separator=/, java.vm.compressedOopsMode=Zero based, line.separator=
, hibernate.c3p0.timeout=300, java.specification.name=Java Platform API Specification, java.vm.specification.vendor=Oracle Corporation, java.awt.graphicsenv=sun.awt.X11GraphicsEnvironment, connection.password=student, sun.management.compiler=HotSpot 64-Bit Tiered Compilers, hibernate.c3p0.max_size=20, java.runtime.version=11.0.4+11-post-Ubuntu-1ubuntu218.04.3, user.name=student, path.separator=:, hibernate.connection.username=****, os.version=5.0.0-36-generic, java.runtime.name=OpenJDK Runtime Environment, hibernate.connection.url=jdbc:mysql://localhost:3306/favorite_places, file.encoding=UTF-8, java.vm.name=OpenJDK 64-Bit Server VM, hibernate.connection.driver_class=com.mysql.cj.jdbc.Driver, java.vendor.url.bug=https://bugs.launchpad.net/ubuntu/+source/openjdk-lts, java.io.tmpdir=/tmp, java.version=11.0.4, user.dir=/home/student/IdeaProjects/parkingLots, os.arch=amd64, connection.username=root, java.vm.specification.name=Java Virtual Machine Specification, java.awt.printerjob=sun.print.PSPrinterJob, hibernate.connection.password=****, sun.os.patch.level=unknown, connection.driver_class=com.mysql.cj.jdbc.Driver, hibernate.boot.CfgXmlAccessService.key=org.hibernate.boot.cfgxml.spi.LoadedConfig@6504a875, java.library.path=/usr/java/packages/lib:/usr/lib/x86_64-linux-gnu/jni:/lib/x86_64-linux-gnu:/usr/lib/x86_64-linux-gnu:/usr/lib/jni:/lib:/usr/lib, java.vendor=Ubuntu, java.vm.info=mixed mode, sharing, java.vm.version=11.0.4+11-post-Ubuntu-1ubuntu218.04.3, hibernate.bytecode.use_reflection_optimizer=false, sun.io.unicode.encoding=UnicodeLittle, connection.url=jdbc:mysql://localhost:3306/favorite_places, java.class.version=55.0}
[DEBUG] 2019-11-14 11:39:53.796 [main] TypeSafeActivator - Unable to acquire Bean Validation ValidatorFactory, skipping activation
[DEBUG] 2019-11-14 11:39:53.796 [main] JaccIntegrator - Skipping JACC integration as it was not enabled
[DEBUG] 2019-11-14 11:39:53.801 [main] SessionFactoryImpl - Instantiated session factory
[DEBUG] 2019-11-14 11:39:53.801 [main] TypeConfiguration$Scope - Scoping TypeConfiguration [org.hibernate.type.spi.TypeConfiguration@39fa8ad2] to SessionFactoryImpl [org.hibernate.internal.SessionFactoryImpl@e76b097]
[DEBUG] 2019-11-14 11:39:53.933 [main] ClassLoaderAccessImpl - Not known whether passed class name [com.teamresistance.entity.User] is safe
[DEBUG] 2019-11-14 11:39:53.933 [main] ClassLoaderAccessImpl - No temp ClassLoader provided; using live ClassLoader for loading potentially unsafe class : com.teamresistance.entity.User
[DEBUG] 2019-11-14 11:39:53.956 [main] ClassLoaderAccessImpl - Not known whether passed class name [com.teamresistance.entity.User] is safe
[DEBUG] 2019-11-14 11:39:53.956 [main] ClassLoaderAccessImpl - No temp ClassLoader provided; using live ClassLoader for loading potentially unsafe class : com.teamresistance.entity.User
[DEBUG] 2019-11-14 11:39:54.196 [main] ClassLoaderAccessImpl - Not known whether passed class name [com.teamresistance.entity.Favorites] is safe
[DEBUG] 2019-11-14 11:39:54.200 [main] ClassLoaderAccessImpl - No temp ClassLoader provided; using live ClassLoader for loading potentially unsafe class : com.teamresistance.entity.Favorites
[DEBUG] 2019-11-14 11:39:54.200 [main] ClassLoaderAccessImpl - Not known whether passed class name [com.teamresistance.entity.Favorites] is safe
[DEBUG] 2019-11-14 11:39:54.200 [main] ClassLoaderAccessImpl - No temp ClassLoader provided; using live ClassLoader for loading potentially unsafe class : com.teamresistance.entity.Favorites
[DEBUG] 2019-11-14 11:39:54.257 [main] AbstractCollectionPersister - Static SQL for collection: com.teamresistance.entity.User.favorites
[DEBUG] 2019-11-14 11:39:54.258 [main] AbstractCollectionPersister -  Row insert: update favorites set user_userID=? where Id=?
[DEBUG] 2019-11-14 11:39:54.258 [main] AbstractCollectionPersister -  Row update: update favorites set  where Id=?
[DEBUG] 2019-11-14 11:39:54.258 [main] AbstractCollectionPersister -  Row delete: update favorites set user_userID=null where user_userID=? and Id=?
[DEBUG] 2019-11-14 11:39:54.258 [main] AbstractCollectionPersister -  One-shot delete: update favorites set user_userID=null where user_userID=?
[DEBUG] 2019-11-14 11:39:54.264 [main] AbstractEntityPersister - Static SQL for entity: com.teamresistance.entity.User
[DEBUG] 2019-11-14 11:39:54.264 [main] AbstractEntityPersister -  Version select: select userID from user where userID =?
[DEBUG] 2019-11-14 11:39:54.264 [main] AbstractEntityPersister -  Snapshot select: select user_.userID, user_.passWord as passWord2_1_, user_.userName as userName3_1_ from user user_ where user_.userID=?
[DEBUG] 2019-11-14 11:39:54.264 [main] AbstractEntityPersister -  Insert 0: insert into user (passWord, userName, userID) values (?, ?, ?)
[DEBUG] 2019-11-14 11:39:54.264 [main] AbstractEntityPersister -  Update 0: update user set passWord=?, userName=? where userID=?
[DEBUG] 2019-11-14 11:39:54.264 [main] AbstractEntityPersister -  Delete 0: delete from user where userID=?
[DEBUG] 2019-11-14 11:39:54.264 [main] AbstractEntityPersister -  Identity insert: insert into user (passWord, userName) values (?, ?)
[DEBUG] 2019-11-14 11:39:54.292 [main] QuerySpacesImpl - Adding QuerySpace : uid = <gen:0> -> org.hibernate.loader.plan.build.internal.spaces.EntityQuerySpaceImpl@7c40ffef]
[DEBUG] 2019-11-14 11:39:54.292 [main] MetamodelGraphWalker - Visiting attribute path : favorites
[DEBUG] 2019-11-14 11:39:54.298 [main] QuerySpacesImpl - Adding QuerySpace : uid = <gen:1> -> org.hibernate.loader.plan.build.internal.spaces.CollectionQuerySpaceImpl@4998e74b]
[DEBUG] 2019-11-14 11:39:54.301 [main] QuerySpacesImpl - Adding QuerySpace : uid = <gen:2> -> org.hibernate.loader.plan.build.internal.spaces.EntityQuerySpaceImpl@f238e4f]
[DEBUG] 2019-11-14 11:39:54.305 [main] MetamodelGraphWalker - Visiting attribute path : favorites.availableLots
[DEBUG] 2019-11-14 11:39:54.305 [main] MetamodelGraphWalker - Visiting attribute path : favorites.description
[DEBUG] 2019-11-14 11:39:54.305 [main] MetamodelGraphWalker - Visiting attribute path : favorites.name
[DEBUG] 2019-11-14 11:39:54.305 [main] MetamodelGraphWalker - Visiting attribute path : favorites.parkingLotId
[DEBUG] 2019-11-14 11:39:54.305 [main] MetamodelGraphWalker - Visiting attribute path : favorites.price
[DEBUG] 2019-11-14 11:39:54.305 [main] MetamodelGraphWalker - Visiting attribute path : favorites.user
[DEBUG] 2019-11-14 11:39:54.305 [main] MetamodelGraphWalker - Property path deemed to be circular : favorites.user
[DEBUG] 2019-11-14 11:39:54.306 [main] MetamodelGraphWalker - Visiting attribute path : passWord
[DEBUG] 2019-11-14 11:39:54.306 [main] MetamodelGraphWalker - Visiting attribute path : userName
[DEBUG] 2019-11-14 11:39:54.307 [main] FetchStyleLoadPlanBuildingAssociationVisitationStrategy - Building LoadPlan...
[DEBUG] 2019-11-14 11:39:54.324 [main] LoadQueryJoinAndFetchProcessor - processing queryspace <gen:0>
[DEBUG] 2019-11-14 11:39:54.332 [main] LoadPlanTreePrinter - LoadPlan(entity=com.teamresistance.entity.User)
    - Returns
       - EntityReturnImpl(entity=com.teamresistance.entity.User, querySpaceUid=<gen:0>, path=com.teamresistance.entity.User)
          - CollectionAttributeFetchImpl(collection=com.teamresistance.entity.User.favorites, querySpaceUid=<gen:1>, path=com.teamresistance.entity.User.favorites)
             - (collection element) CollectionFetchableElementEntityGraph(entity=com.teamresistance.entity.Favorites, querySpaceUid=<gen:2>, path=com.teamresistance.entity.User.favorites.<elements>)
    - QuerySpaces
       - EntityQuerySpaceImpl(uid=<gen:0>, entity=com.teamresistance.entity.User)
          - SQL table alias mapping - user0_
          - alias suffix - 0_
          - suffixed key columns - {userID1_1_0_}
          - JOIN (JoinDefinedByMetadata(favorites)) : <gen:0> -> <gen:1>
             - CollectionQuerySpaceImpl(uid=<gen:1>, collection=com.teamresistance.entity.User.favorites)
                - SQL table alias mapping - favorites1_
                - alias suffix - 1_
                - suffixed key columns - {user_use7_0_1_}
                - entity-element alias suffix - 2_
                - 2_entity-element suffixed key columns - Id1_0_2_
                - JOIN (JoinDefinedByMetadata(elements)) : <gen:1> -> <gen:2>
                   - EntityQuerySpaceImpl(uid=<gen:2>, entity=com.teamresistance.entity.Favorites)
                      - SQL table alias mapping - favorites1_
                      - alias suffix - 2_
                      - suffixed key columns - {Id1_0_2_}

[DEBUG] 2019-11-14 11:39:54.333 [main] EntityLoader - Static select for entity com.teamresistance.entity.User [NONE]: select user0_.userID as userID1_1_0_, user0_.passWord as passWord2_1_0_, user0_.userName as userName3_1_0_, favorites1_.user_userID as user_use7_0_1_, favorites1_.Id as Id1_0_1_, favorites1_.Id as Id1_0_2_, favorites1_.available as availabl2_0_2_, favorites1_.description as descript3_0_2_, favorites1_.name as name4_0_2_, favorites1_.parkingLotId as parkingL5_0_2_, favorites1_.price as price6_0_2_, favorites1_.user_userID as user_use7_0_2_ from user user0_ left outer join favorites favorites1_ on user0_.userID=favorites1_.user_userID where user0_.userID=?
[DEBUG] 2019-11-14 11:39:54.333 [main] QuerySpacesImpl - Adding QuerySpace : uid = <gen:0> -> org.hibernate.loader.plan.build.internal.spaces.EntityQuerySpaceImpl@4a9a878]
[DEBUG] 2019-11-14 11:39:54.333 [main] MetamodelGraphWalker - Visiting attribute path : favorites
[DEBUG] 2019-11-14 11:39:54.336 [main] QuerySpacesImpl - Adding QuerySpace : uid = <gen:1> -> org.hibernate.loader.plan.build.internal.spaces.CollectionQuerySpaceImpl@5c6a5192]
[DEBUG] 2019-11-14 11:39:54.336 [main] QuerySpacesImpl - Adding QuerySpace : uid = <gen:2> -> org.hibernate.loader.plan.build.internal.spaces.EntityQuerySpaceImpl@1c8f6c66]
[DEBUG] 2019-11-14 11:39:54.337 [main] MetamodelGraphWalker - Visiting attribute path : favorites.availableLots
[DEBUG] 2019-11-14 11:39:54.337 [main] MetamodelGraphWalker - Visiting attribute path : favorites.description
[DEBUG] 2019-11-14 11:39:54.337 [main] MetamodelGraphWalker - Visiting attribute path : favorites.name
[DEBUG] 2019-11-14 11:39:54.337 [main] MetamodelGraphWalker - Visiting attribute path : favorites.parkingLotId
[DEBUG] 2019-11-14 11:39:54.337 [main] MetamodelGraphWalker - Visiting attribute path : favorites.price
[DEBUG] 2019-11-14 11:39:54.337 [main] MetamodelGraphWalker - Visiting attribute path : favorites.user
[DEBUG] 2019-11-14 11:39:54.337 [main] MetamodelGraphWalker - Property path deemed to be circular : favorites.user
[DEBUG] 2019-11-14 11:39:54.337 [main] MetamodelGraphWalker - Visiting attribute path : passWord
[DEBUG] 2019-11-14 11:39:54.337 [main] MetamodelGraphWalker - Visiting attribute path : userName
[DEBUG] 2019-11-14 11:39:54.337 [main] FetchStyleLoadPlanBuildingAssociationVisitationStrategy - Building LoadPlan...
[DEBUG] 2019-11-14 11:39:54.337 [main] LoadQueryJoinAndFetchProcessor - processing queryspace <gen:0>
[DEBUG] 2019-11-14 11:39:54.337 [main] LoadPlanTreePrinter - LoadPlan(entity=com.teamresistance.entity.User)
    - Returns
       - EntityReturnImpl(entity=com.teamresistance.entity.User, querySpaceUid=<gen:0>, path=com.teamresistance.entity.User)
          - CollectionAttributeFetchImpl(collection=com.teamresistance.entity.User.favorites, querySpaceUid=<gen:1>, path=com.teamresistance.entity.User.favorites)
             - (collection element) CollectionFetchableElementEntityGraph(entity=com.teamresistance.entity.Favorites, querySpaceUid=<gen:2>, path=com.teamresistance.entity.User.favorites.<elements>)
    - QuerySpaces
       - EntityQuerySpaceImpl(uid=<gen:0>, entity=com.teamresistance.entity.User)
          - SQL table alias mapping - user0_
          - alias suffix - 0_
          - suffixed key columns - {userID1_1_0_}
          - JOIN (JoinDefinedByMetadata(favorites)) : <gen:0> -> <gen:1>
             - CollectionQuerySpaceImpl(uid=<gen:1>, collection=com.teamresistance.entity.User.favorites)
                - SQL table alias mapping - favorites1_
                - alias suffix - 1_
                - suffixed key columns - {user_use7_0_1_}
                - entity-element alias suffix - 2_
                - 2_entity-element suffixed key columns - Id1_0_2_
                - JOIN (JoinDefinedByMetadata(elements)) : <gen:1> -> <gen:2>
                   - EntityQuerySpaceImpl(uid=<gen:2>, entity=com.teamresistance.entity.Favorites)
                      - SQL table alias mapping - favorites1_
                      - alias suffix - 2_
                      - suffixed key columns - {Id1_0_2_}

[DEBUG] 2019-11-14 11:39:54.337 [main] EntityLoader - Static select for entity com.teamresistance.entity.User [READ]: select user0_.userID as userID1_1_0_, user0_.passWord as passWord2_1_0_, user0_.userName as userName3_1_0_, favorites1_.user_userID as user_use7_0_1_, favorites1_.Id as Id1_0_1_, favorites1_.Id as Id1_0_2_, favorites1_.available as availabl2_0_2_, favorites1_.description as descript3_0_2_, favorites1_.name as name4_0_2_, favorites1_.parkingLotId as parkingL5_0_2_, favorites1_.price as price6_0_2_, favorites1_.user_userID as user_use7_0_2_ from user user0_ left outer join favorites favorites1_ on user0_.userID=favorites1_.user_userID where user0_.userID=?
[DEBUG] 2019-11-14 11:39:54.356 [main] Loader - Static select for action ACTION_MERGE on entity com.teamresistance.entity.User: select user0_.userID as userID1_1_1_, user0_.passWord as passWord2_1_1_, user0_.userName as userName3_1_1_, favorites1_.user_userID as user_use7_0_3_, favorites1_.Id as Id1_0_3_, favorites1_.Id as Id1_0_0_, favorites1_.available as availabl2_0_0_, favorites1_.description as descript3_0_0_, favorites1_.name as name4_0_0_, favorites1_.parkingLotId as parkingL5_0_0_, favorites1_.price as price6_0_0_, favorites1_.user_userID as user_use7_0_0_ from user user0_ left outer join favorites favorites1_ on user0_.userID=favorites1_.user_userID where user0_.userID=?
[DEBUG] 2019-11-14 11:39:54.357 [main] Loader - Static select for action ACTION_REFRESH on entity com.teamresistance.entity.User: select user0_.userID as userID1_1_1_, user0_.passWord as passWord2_1_1_, user0_.userName as userName3_1_1_, favorites1_.user_userID as user_use7_0_3_, favorites1_.Id as Id1_0_3_, favorites1_.Id as Id1_0_0_, favorites1_.available as availabl2_0_0_, favorites1_.description as descript3_0_0_, favorites1_.name as name4_0_0_, favorites1_.parkingLotId as parkingL5_0_0_, favorites1_.price as price6_0_0_, favorites1_.user_userID as user_use7_0_0_ from user user0_ left outer join favorites favorites1_ on user0_.userID=favorites1_.user_userID where user0_.userID=?
[DEBUG] 2019-11-14 11:39:54.357 [main] AbstractEntityPersister - Static SQL for entity: com.teamresistance.entity.Favorites
[DEBUG] 2019-11-14 11:39:54.357 [main] AbstractEntityPersister -  Version select: select Id from favorites where Id =?
[DEBUG] 2019-11-14 11:39:54.357 [main] AbstractEntityPersister -  Snapshot select: select favorites_.Id, favorites_.available as availabl2_0_, favorites_.description as descript3_0_, favorites_.name as name4_0_, favorites_.parkingLotId as parkingL5_0_, favorites_.price as price6_0_, favorites_.user_userID as user_use7_0_ from favorites favorites_ where favorites_.Id=?
[DEBUG] 2019-11-14 11:39:54.357 [main] AbstractEntityPersister -  Insert 0: insert into favorites (available, description, name, parkingLotId, price, user_userID, Id) values (?, ?, ?, ?, ?, ?, ?)
[DEBUG] 2019-11-14 11:39:54.357 [main] AbstractEntityPersister -  Update 0: update favorites set available=?, description=?, name=?, parkingLotId=?, price=?, user_userID=? where Id=?
[DEBUG] 2019-11-14 11:39:54.357 [main] AbstractEntityPersister -  Delete 0: delete from favorites where Id=?
[DEBUG] 2019-11-14 11:39:54.357 [main] AbstractEntityPersister -  Identity insert: insert into favorites (available, description, name, parkingLotId, price, user_userID) values (?, ?, ?, ?, ?, ?)
[DEBUG] 2019-11-14 11:39:54.357 [main] QuerySpacesImpl - Adding QuerySpace : uid = <gen:0> -> org.hibernate.loader.plan.build.internal.spaces.EntityQuerySpaceImpl@35dece42]
[DEBUG] 2019-11-14 11:39:54.358 [main] MetamodelGraphWalker - Visiting attribute path : availableLots
[DEBUG] 2019-11-14 11:39:54.358 [main] MetamodelGraphWalker - Visiting attribute path : description
[DEBUG] 2019-11-14 11:39:54.358 [main] MetamodelGraphWalker - Visiting attribute path : name
[DEBUG] 2019-11-14 11:39:54.358 [main] MetamodelGraphWalker - Visiting attribute path : parkingLotId
[DEBUG] 2019-11-14 11:39:54.359 [main] MetamodelGraphWalker - Visiting attribute path : price
[DEBUG] 2019-11-14 11:39:54.359 [main] MetamodelGraphWalker - Visiting attribute path : user
[DEBUG] 2019-11-14 11:39:54.359 [main] QuerySpacesImpl - Adding QuerySpace : uid = <gen:1> -> org.hibernate.loader.plan.build.internal.spaces.EntityQuerySpaceImpl@3d615b2e]
[DEBUG] 2019-11-14 11:39:54.359 [main] MetamodelGraphWalker - Visiting attribute path : user.favorites
[DEBUG] 2019-11-14 11:39:54.359 [main] MetamodelGraphWalker - Property path deemed to be circular : user.favorites
[DEBUG] 2019-11-14 11:39:54.359 [main] MetamodelGraphWalker - Visiting attribute path : user.passWord
[DEBUG] 2019-11-14 11:39:54.361 [main] MetamodelGraphWalker - Visiting attribute path : user.userName
[DEBUG] 2019-11-14 11:39:54.361 [main] FetchStyleLoadPlanBuildingAssociationVisitationStrategy - Building LoadPlan...
[DEBUG] 2019-11-14 11:39:54.363 [main] LoadQueryJoinAndFetchProcessor - processing queryspace <gen:0>
[DEBUG] 2019-11-14 11:39:54.364 [main] LoadPlanTreePrinter - LoadPlan(entity=com.teamresistance.entity.Favorites)
    - Returns
       - EntityReturnImpl(entity=com.teamresistance.entity.Favorites, querySpaceUid=<gen:0>, path=com.teamresistance.entity.Favorites)
          - EntityAttributeFetchImpl(entity=com.teamresistance.entity.User, querySpaceUid=<gen:1>, path=com.teamresistance.entity.Favorites.user)
    - QuerySpaces
       - EntityQuerySpaceImpl(uid=<gen:0>, entity=com.teamresistance.entity.Favorites)
          - SQL table alias mapping - favorites0_
          - alias suffix - 0_
          - suffixed key columns - {Id1_0_0_}
          - JOIN (JoinDefinedByMetadata(user)) : <gen:0> -> <gen:1>
             - EntityQuerySpaceImpl(uid=<gen:1>, entity=com.teamresistance.entity.User)
                - SQL table alias mapping - user1_
                - alias suffix - 1_
                - suffixed key columns - {userID1_1_1_}

[DEBUG] 2019-11-14 11:39:54.364 [main] EntityLoader - Static select for entity com.teamresistance.entity.Favorites [NONE]: select favorites0_.Id as Id1_0_0_, favorites0_.available as availabl2_0_0_, favorites0_.description as descript3_0_0_, favorites0_.name as name4_0_0_, favorites0_.parkingLotId as parkingL5_0_0_, favorites0_.price as price6_0_0_, favorites0_.user_userID as user_use7_0_0_, user1_.userID as userID1_1_1_, user1_.passWord as passWord2_1_1_, user1_.userName as userName3_1_1_ from favorites favorites0_ left outer join user user1_ on favorites0_.user_userID=user1_.userID where favorites0_.Id=?
[DEBUG] 2019-11-14 11:39:54.364 [main] QuerySpacesImpl - Adding QuerySpace : uid = <gen:0> -> org.hibernate.loader.plan.build.internal.spaces.EntityQuerySpaceImpl@5d05f453]
[DEBUG] 2019-11-14 11:39:54.365 [main] MetamodelGraphWalker - Visiting attribute path : availableLots
[DEBUG] 2019-11-14 11:39:54.365 [main] MetamodelGraphWalker - Visiting attribute path : description
[DEBUG] 2019-11-14 11:39:54.365 [main] MetamodelGraphWalker - Visiting attribute path : name
[DEBUG] 2019-11-14 11:39:54.365 [main] MetamodelGraphWalker - Visiting attribute path : parkingLotId
[DEBUG] 2019-11-14 11:39:54.365 [main] MetamodelGraphWalker - Visiting attribute path : price
[DEBUG] 2019-11-14 11:39:54.365 [main] MetamodelGraphWalker - Visiting attribute path : user
[DEBUG] 2019-11-14 11:39:54.365 [main] QuerySpacesImpl - Adding QuerySpace : uid = <gen:1> -> org.hibernate.loader.plan.build.internal.spaces.EntityQuerySpaceImpl@160b4809]
[DEBUG] 2019-11-14 11:39:54.365 [main] MetamodelGraphWalker - Visiting attribute path : user.favorites
[DEBUG] 2019-11-14 11:39:54.365 [main] MetamodelGraphWalker - Property path deemed to be circular : user.favorites
[DEBUG] 2019-11-14 11:39:54.365 [main] MetamodelGraphWalker - Visiting attribute path : user.passWord
[DEBUG] 2019-11-14 11:39:54.365 [main] MetamodelGraphWalker - Visiting attribute path : user.userName
[DEBUG] 2019-11-14 11:39:54.365 [main] FetchStyleLoadPlanBuildingAssociationVisitationStrategy - Building LoadPlan...
[DEBUG] 2019-11-14 11:39:54.365 [main] LoadQueryJoinAndFetchProcessor - processing queryspace <gen:0>
[DEBUG] 2019-11-14 11:39:54.367 [main] LoadPlanTreePrinter - LoadPlan(entity=com.teamresistance.entity.Favorites)
    - Returns
       - EntityReturnImpl(entity=com.teamresistance.entity.Favorites, querySpaceUid=<gen:0>, path=com.teamresistance.entity.Favorites)
          - EntityAttributeFetchImpl(entity=com.teamresistance.entity.User, querySpaceUid=<gen:1>, path=com.teamresistance.entity.Favorites.user)
    - QuerySpaces
       - EntityQuerySpaceImpl(uid=<gen:0>, entity=com.teamresistance.entity.Favorites)
          - SQL table alias mapping - favorites0_
          - alias suffix - 0_
          - suffixed key columns - {Id1_0_0_}
          - JOIN (JoinDefinedByMetadata(user)) : <gen:0> -> <gen:1>
             - EntityQuerySpaceImpl(uid=<gen:1>, entity=com.teamresistance.entity.User)
                - SQL table alias mapping - user1_
                - alias suffix - 1_
                - suffixed key columns - {userID1_1_1_}

[DEBUG] 2019-11-14 11:39:54.367 [main] EntityLoader - Static select for entity com.teamresistance.entity.Favorites [READ]: select favorites0_.Id as Id1_0_0_, favorites0_.available as availabl2_0_0_, favorites0_.description as descript3_0_0_, favorites0_.name as name4_0_0_, favorites0_.parkingLotId as parkingL5_0_0_, favorites0_.price as price6_0_0_, favorites0_.user_userID as user_use7_0_0_, user1_.userID as userID1_1_1_, user1_.passWord as passWord2_1_1_, user1_.userName as userName3_1_1_ from favorites favorites0_ left outer join user user1_ on favorites0_.user_userID=user1_.userID where favorites0_.Id=?
[DEBUG] 2019-11-14 11:39:54.367 [main] Loader - Static select for action ACTION_MERGE on entity com.teamresistance.entity.Favorites: select favorites0_.Id as Id1_0_0_, favorites0_.available as availabl2_0_0_, favorites0_.description as descript3_0_0_, favorites0_.name as name4_0_0_, favorites0_.parkingLotId as parkingL5_0_0_, favorites0_.price as price6_0_0_, favorites0_.user_userID as user_use7_0_0_ from favorites favorites0_ where favorites0_.Id=?
[DEBUG] 2019-11-14 11:39:54.367 [main] Loader - Static select for action ACTION_REFRESH on entity com.teamresistance.entity.Favorites: select favorites0_.Id as Id1_0_0_, favorites0_.available as availabl2_0_0_, favorites0_.description as descript3_0_0_, favorites0_.name as name4_0_0_, favorites0_.parkingLotId as parkingL5_0_0_, favorites0_.price as price6_0_0_, favorites0_.user_userID as user_use7_0_0_ from favorites favorites0_ where favorites0_.Id=?
[DEBUG] 2019-11-14 11:39:54.375 [main] QuerySpacesImpl - Adding QuerySpace : uid = <gen:0> -> org.hibernate.loader.plan.build.internal.spaces.CollectionQuerySpaceImpl@656a3d6b]
[DEBUG] 2019-11-14 11:39:54.378 [main] QuerySpacesImpl - Adding QuerySpace : uid = <gen:1> -> org.hibernate.loader.plan.build.internal.spaces.EntityQuerySpaceImpl@25b38203]
[DEBUG] 2019-11-14 11:39:54.379 [main] MetamodelGraphWalker - Visiting attribute path : availableLots
[DEBUG] 2019-11-14 11:39:54.379 [main] MetamodelGraphWalker - Visiting attribute path : description
[DEBUG] 2019-11-14 11:39:54.379 [main] MetamodelGraphWalker - Visiting attribute path : name
[DEBUG] 2019-11-14 11:39:54.379 [main] MetamodelGraphWalker - Visiting attribute path : parkingLotId
[DEBUG] 2019-11-14 11:39:54.379 [main] MetamodelGraphWalker - Visiting attribute path : price
[DEBUG] 2019-11-14 11:39:54.379 [main] MetamodelGraphWalker - Visiting attribute path : user
[DEBUG] 2019-11-14 11:39:54.380 [main] MetamodelGraphWalker - Property path deemed to be circular : user
[DEBUG] 2019-11-14 11:39:54.380 [main] FetchStyleLoadPlanBuildingAssociationVisitationStrategy - Building LoadPlan...
[DEBUG] 2019-11-14 11:39:54.385 [main] LoadQueryJoinAndFetchProcessor - processing queryspace <gen:0>
[DEBUG] 2019-11-14 11:39:54.385 [main] LoadPlanTreePrinter - LoadPlan(collection=com.teamresistance.entity.User.favorites)
    - Returns
       - CollectionReturnImpl(collection=com.teamresistance.entity.User.favorites, querySpaceUid=<gen:0>, path=[com.teamresistance.entity.User.favorites])
          - (collection element) CollectionFetchableElementEntityGraph(entity=com.teamresistance.entity.Favorites, querySpaceUid=<gen:1>, path=[com.teamresistance.entity.User.favorites].<elements>)
    - QuerySpaces
       - CollectionQuerySpaceImpl(uid=<gen:0>, collection=com.teamresistance.entity.User.favorites)
          - SQL table alias mapping - favorites0_
          - alias suffix - 0_
          - suffixed key columns - {user_use7_0_0_}
          - entity-element alias suffix - 1_
          - 1_entity-element suffixed key columns - Id1_0_1_
          - JOIN (JoinDefinedByMetadata(elements)) : <gen:0> -> <gen:1>
             - EntityQuerySpaceImpl(uid=<gen:1>, entity=com.teamresistance.entity.Favorites)
                - SQL table alias mapping - favorites0_
                - alias suffix - 1_
                - suffixed key columns - {Id1_0_1_}

[DEBUG] 2019-11-14 11:39:54.387 [main] CollectionLoader - Static select for collection com.teamresistance.entity.User.favorites: select favorites0_.user_userID as user_use7_0_0_, favorites0_.Id as Id1_0_0_, favorites0_.Id as Id1_0_1_, favorites0_.available as availabl2_0_1_, favorites0_.description as descript3_0_1_, favorites0_.name as name4_0_1_, favorites0_.parkingLotId as parkingL5_0_1_, favorites0_.price as price6_0_1_, favorites0_.user_userID as user_use7_0_1_ from favorites favorites0_ where favorites0_.user_userID=?
[DEBUG] 2019-11-14 11:39:54.425 [main] SchemaManagementToolCoordinator - No actions specified; doing nothing
[DEBUG] 2019-11-14 11:39:54.425 [main] JtaPlatformInitiator - No JtaPlatform was specified, checking resolver
[DEBUG] 2019-11-14 11:39:54.429 [main] JtaPlatformResolverInitiator - No JtaPlatformResolver was specified, using default [org.hibernate.engine.transaction.jta.platform.internal.StandardJtaPlatformResolver]
[DEBUG] 2019-11-14 11:39:54.435 [main] StandardJtaPlatformResolver - Could not resolve JtaPlatform, using default [org.hibernate.engine.transaction.jta.platform.internal.NoJtaPlatform]
[INFO ] 2019-11-14 11:39:54.435 [main] JtaPlatformInitiator - HHH000490: Using JtaPlatform implementation: [org.hibernate.engine.transaction.jta.platform.internal.NoJtaPlatform]
[DEBUG] 2019-11-14 11:39:54.435 [main] NamedQueryRepository - Checking 0 named HQL queries
[DEBUG] 2019-11-14 11:39:54.435 [main] NamedQueryRepository - Checking 0 named SQL queries
[DEBUG] 2019-11-14 11:39:54.438 [main] SessionFactoryRegistry - Initializing SessionFactoryRegistry : org.hibernate.internal.SessionFactoryRegistry@e5c2463
[DEBUG] 2019-11-14 11:39:54.440 [main] SessionFactoryRegistry - Registering SessionFactory: 6d9c253d-209f-4af4-8536-96932a05a9c5 (<unnamed>)
[DEBUG] 2019-11-14 11:39:54.440 [main] SessionFactoryRegistry - Not binding SessionFactory to JNDI, no JNDI name configured
[DEBUG] 2019-11-14 11:39:54.604 [main] StatisticsInitiator - Statistics initialized [enabled=false]
[DEBUG] 2019-11-14 11:39:54.615 [main] TransactionImpl - On TransactionImpl creation, JpaCompliance#isJpaTransactionComplianceEnabled == false
[DEBUG] 2019-11-14 11:39:54.615 [main] TransactionImpl - begin
[DEBUG] 2019-11-14 11:39:54.680 [main] ActionQueue - Executing identity-insert immediately
[DEBUG] 2019-11-14 11:39:54.685 [main] SQL - insert into favorites (available, description, name, parkingLotId, price, user_userID) values (?, ?, ?, ?, ?, ?)
[DEBUG] 2019-11-14 11:39:54.728 [main] SqlExceptionHelper - could not execute statement [n/a]
java.sql.SQLSyntaxErrorException: Unknown column 'user_userID' in 'field list'
	at com.mysql.cj.jdbc.exceptions.SQLError.createSQLException(SQLError.java:120) ~[mysql-connector-java-8.0.16.jar:8.0.16]
	at com.mysql.cj.jdbc.exceptions.SQLError.createSQLException(SQLError.java:97) ~[mysql-connector-java-8.0.16.jar:8.0.16]
	at com.mysql.cj.jdbc.exceptions.SQLExceptionsMapping.translateException(SQLExceptionsMapping.java:122) ~[mysql-connector-java-8.0.16.jar:8.0.16]
	at com.mysql.cj.jdbc.ClientPreparedStatement.executeInternal(ClientPreparedStatement.java:955) ~[mysql-connector-java-8.0.16.jar:8.0.16]
	at com.mysql.cj.jdbc.ClientPreparedStatement.executeUpdateInternal(ClientPreparedStatement.java:1094) ~[mysql-connector-java-8.0.16.jar:8.0.16]
	at com.mysql.cj.jdbc.ClientPreparedStatement.executeUpdateInternal(ClientPreparedStatement.java:1042) ~[mysql-connector-java-8.0.16.jar:8.0.16]
	at com.mysql.cj.jdbc.ClientPreparedStatement.executeLargeUpdate(ClientPreparedStatement.java:1345) ~[mysql-connector-java-8.0.16.jar:8.0.16]
	at com.mysql.cj.jdbc.ClientPreparedStatement.executeUpdate(ClientPreparedStatement.java:1027) ~[mysql-connector-java-8.0.16.jar:8.0.16]
	at com.mchange.v2.c3p0.impl.NewProxyPreparedStatement.executeUpdate(NewProxyPreparedStatement.java:410) ~[c3p0-0.9.5.3.jar:0.9.5.3]
	at org.hibernate.engine.jdbc.internal.ResultSetReturnImpl.executeUpdate(ResultSetReturnImpl.java:175) [hibernate-core-5.4.4.Final.jar:5.4.4.Final]
	at org.hibernate.dialect.identity.GetGeneratedKeysDelegate.executeAndExtract(GetGeneratedKeysDelegate.java:57) [hibernate-core-5.4.4.Final.jar:5.4.4.Final]
	at org.hibernate.id.insert.AbstractReturningDelegate.performInsert(AbstractReturningDelegate.java:43) [hibernate-core-5.4.4.Final.jar:5.4.4.Final]
	at org.hibernate.persister.entity.AbstractEntityPersister.insert(AbstractEntityPersister.java:3112) [hibernate-core-5.4.4.Final.jar:5.4.4.Final]
	at org.hibernate.persister.entity.AbstractEntityPersister.insert(AbstractEntityPersister.java:3705) [hibernate-core-5.4.4.Final.jar:5.4.4.Final]
	at org.hibernate.action.internal.EntityIdentityInsertAction.execute(EntityIdentityInsertAction.java:84) [hibernate-core-5.4.4.Final.jar:5.4.4.Final]
	at org.hibernate.engine.spi.ActionQueue.execute(ActionQueue.java:645) [hibernate-core-5.4.4.Final.jar:5.4.4.Final]
	at org.hibernate.engine.spi.ActionQueue.addResolvedEntityInsertAction(ActionQueue.java:282) [hibernate-core-5.4.4.Final.jar:5.4.4.Final]
	at org.hibernate.engine.spi.ActionQueue.addInsertAction(ActionQueue.java:263) [hibernate-core-5.4.4.Final.jar:5.4.4.Final]
	at org.hibernate.engine.spi.ActionQueue.addAction(ActionQueue.java:317) [hibernate-core-5.4.4.Final.jar:5.4.4.Final]
	at org.hibernate.event.internal.AbstractSaveEventListener.addInsertAction(AbstractSaveEventListener.java:335) [hibernate-core-5.4.4.Final.jar:5.4.4.Final]
	at org.hibernate.event.internal.AbstractSaveEventListener.performSaveOrReplicate(AbstractSaveEventListener.java:292) [hibernate-core-5.4.4.Final.jar:5.4.4.Final]
	at org.hibernate.event.internal.AbstractSaveEventListener.performSave(AbstractSaveEventListener.java:198) [hibernate-core-5.4.4.Final.jar:5.4.4.Final]
	at org.hibernate.event.internal.AbstractSaveEventListener.saveWithGeneratedId(AbstractSaveEventListener.java:128) [hibernate-core-5.4.4.Final.jar:5.4.4.Final]
	at org.hibernate.event.internal.DefaultSaveOrUpdateEventListener.saveWithGeneratedOrRequestedId(DefaultSaveOrUpdateEventListener.java:193) [hibernate-core-5.4.4.Final.jar:5.4.4.Final]
	at org.hibernate.event.internal.DefaultSaveEventListener.saveWithGeneratedOrRequestedId(DefaultSaveEventListener.java:38) [hibernate-core-5.4.4.Final.jar:5.4.4.Final]
	at org.hibernate.event.internal.DefaultSaveOrUpdateEventListener.entityIsTransient(DefaultSaveOrUpdateEventListener.java:178) [hibernate-core-5.4.4.Final.jar:5.4.4.Final]
	at org.hibernate.event.internal.DefaultSaveEventListener.performSaveOrUpdate(DefaultSaveEventListener.java:32) [hibernate-core-5.4.4.Final.jar:5.4.4.Final]
	at org.hibernate.event.internal.DefaultSaveOrUpdateEventListener.onSaveOrUpdate(DefaultSaveOrUpdateEventListener.java:75) [hibernate-core-5.4.4.Final.jar:5.4.4.Final]
	at org.hibernate.internal.SessionImpl.fireSave(SessionImpl.java:697) [hibernate-core-5.4.4.Final.jar:5.4.4.Final]
	at org.hibernate.internal.SessionImpl.save(SessionImpl.java:689) [hibernate-core-5.4.4.Final.jar:5.4.4.Final]
	at org.hibernate.internal.SessionImpl.save(SessionImpl.java:684) [hibernate-core-5.4.4.Final.jar:5.4.4.Final]
	at com.teamresistance.persistence.GenericDao.insert(GenericDao.java:72) [classes/:?]
	at com.teamresistance.service.FavoritesServiceTest.testInsert(FavoritesServiceTest.java:51) [test-classes/:?]
	at jdk.internal.reflect.NativeMethodAccessorImpl.invoke0(Native Method) ~[?:?]
	at jdk.internal.reflect.NativeMethodAccessorImpl.invoke(NativeMethodAccessorImpl.java:62) ~[?:?]
	at jdk.internal.reflect.DelegatingMethodAccessorImpl.invoke(DelegatingMethodAccessorImpl.java:43) ~[?:?]
	at java.lang.reflect.Method.invoke(Method.java:566) ~[?:?]
	at org.junit.platform.commons.util.ReflectionUtils.invokeMethod(ReflectionUtils.java:389) [junit-platform-commons-1.0.0.jar:1.0.0]
	at org.junit.jupiter.engine.execution.ExecutableInvoker.invoke(ExecutableInvoker.java:115) [junit-jupiter-engine-5.0.0.jar:5.0.0]
	at org.junit.jupiter.engine.descriptor.TestMethodTestDescriptor.lambda$invokeTestMethod$6(TestMethodTestDescriptor.java:167) [junit-jupiter-engine-5.0.0.jar:5.0.0]
	at org.junit.jupiter.engine.execution.ThrowableCollector.execute(ThrowableCollector.java:40) [junit-jupiter-engine-5.0.0.jar:5.0.0]
	at org.junit.jupiter.engine.descriptor.TestMethodTestDescriptor.invokeTestMethod(TestMethodTestDescriptor.java:163) [junit-jupiter-engine-5.0.0.jar:5.0.0]
	at org.junit.jupiter.engine.descriptor.TestMethodTestDescriptor.execute(TestMethodTestDescriptor.java:110) [junit-jupiter-engine-5.0.0.jar:5.0.0]
	at org.junit.jupiter.engine.descriptor.TestMethodTestDescriptor.execute(TestMethodTestDescriptor.java:57) [junit-jupiter-engine-5.0.0.jar:5.0.0]
	at org.junit.platform.engine.support.hierarchical.HierarchicalTestExecutor.lambda$execute$3(HierarchicalTestExecutor.java:83) [junit-platform-engine-1.0.0.jar:1.0.0]
	at org.junit.platform.engine.support.hierarchical.SingleTestExecutor.executeSafely(SingleTestExecutor.java:66) [junit-platform-engine-1.0.0.jar:1.0.0]
	at org.junit.platform.engine.support.hierarchical.HierarchicalTestExecutor.execute(HierarchicalTestExecutor.java:77) [junit-platform-engine-1.0.0.jar:1.0.0]
	at org.junit.platform.engine.support.hierarchical.HierarchicalTestExecutor.lambda$null$2(HierarchicalTestExecutor.java:92) [junit-platform-engine-1.0.0.jar:1.0.0]
	at java.util.stream.ForEachOps$ForEachOp$OfRef.accept(ForEachOps.java:183) [?:?]
	at java.util.stream.ReferencePipeline$2$1.accept(ReferencePipeline.java:177) [?:?]
	at java.util.Iterator.forEachRemaining(Iterator.java:133) [?:?]
	at java.util.Spliterators$IteratorSpliterator.forEachRemaining(Spliterators.java:1801) [?:?]
	at java.util.stream.AbstractPipeline.copyInto(AbstractPipeline.java:484) [?:?]
	at java.util.stream.AbstractPipeline.wrapAndCopyInto(AbstractPipeline.java:474) [?:?]
	at java.util.stream.ForEachOps$ForEachOp.evaluateSequential(ForEachOps.java:150) [?:?]
	at java.util.stream.ForEachOps$ForEachOp$OfRef.evaluateSequential(ForEachOps.java:173) [?:?]
	at java.util.stream.AbstractPipeline.evaluate(AbstractPipeline.java:234) [?:?]
	at java.util.stream.ReferencePipeline.forEach(ReferencePipeline.java:497) [?:?]
	at org.junit.platform.engine.support.hierarchical.HierarchicalTestExecutor.lambda$execute$3(HierarchicalTestExecutor.java:92) [junit-platform-engine-1.0.0.jar:1.0.0]
	at org.junit.platform.engine.support.hierarchical.SingleTestExecutor.executeSafely(SingleTestExecutor.java:66) [junit-platform-engine-1.0.0.jar:1.0.0]
	at org.junit.platform.engine.support.hierarchical.HierarchicalTestExecutor.execute(HierarchicalTestExecutor.java:77) [junit-platform-engine-1.0.0.jar:1.0.0]
	at org.junit.platform.engine.support.hierarchical.HierarchicalTestExecutor.lambda$null$2(HierarchicalTestExecutor.java:92) [junit-platform-engine-1.0.0.jar:1.0.0]
	at java.util.stream.ForEachOps$ForEachOp$OfRef.accept(ForEachOps.java:183) [?:?]
	at java.util.stream.ReferencePipeline$2$1.accept(ReferencePipeline.java:177) [?:?]
	at java.util.Iterator.forEachRemaining(Iterator.java:133) [?:?]
	at java.util.Spliterators$IteratorSpliterator.forEachRemaining(Spliterators.java:1801) [?:?]
	at java.util.stream.AbstractPipeline.copyInto(AbstractPipeline.java:484) [?:?]
	at java.util.stream.AbstractPipeline.wrapAndCopyInto(AbstractPipeline.java:474) [?:?]
	at java.util.stream.ForEachOps$ForEachOp.evaluateSequential(ForEachOps.java:150) [?:?]
	at java.util.stream.ForEachOps$ForEachOp$OfRef.evaluateSequential(ForEachOps.java:173) [?:?]
	at java.util.stream.AbstractPipeline.evaluate(AbstractPipeline.java:234) [?:?]
	at java.util.stream.ReferencePipeline.forEach(ReferencePipeline.java:497) [?:?]
	at org.junit.platform.engine.support.hierarchical.HierarchicalTestExecutor.lambda$execute$3(HierarchicalTestExecutor.java:92) [junit-platform-engine-1.0.0.jar:1.0.0]
	at org.junit.platform.engine.support.hierarchical.SingleTestExecutor.executeSafely(SingleTestExecutor.java:66) [junit-platform-engine-1.0.0.jar:1.0.0]
	at org.junit.platform.engine.support.hierarchical.HierarchicalTestExecutor.execute(HierarchicalTestExecutor.java:77) [junit-platform-engine-1.0.0.jar:1.0.0]
	at org.junit.platform.engine.support.hierarchical.HierarchicalTestExecutor.execute(HierarchicalTestExecutor.java:51) [junit-platform-engine-1.0.0.jar:1.0.0]
	at org.junit.platform.engine.support.hierarchical.HierarchicalTestEngine.execute(HierarchicalTestEngine.java:43) [junit-platform-engine-1.0.0.jar:1.0.0]
	at org.junit.platform.launcher.core.DefaultLauncher.execute(DefaultLauncher.java:170) [junit-platform-launcher-1.0.0.jar:1.0.0]
	at org.junit.platform.launcher.core.DefaultLauncher.execute(DefaultLauncher.java:154) [junit-platform-launcher-1.0.0.jar:1.0.0]
	at org.junit.platform.launcher.core.DefaultLauncher.execute(DefaultLauncher.java:90) [junit-platform-launcher-1.0.0.jar:1.0.0]
	at com.intellij.junit5.JUnit5IdeaTestRunner.startRunnerWithArgs(JUnit5IdeaTestRunner.java:69) [junit5-rt.jar:?]
	at com.intellij.rt.execution.junit.IdeaTestRunner$Repeater.startRunnerWithArgs(IdeaTestRunner.java:47) [junit-rt.jar:?]
	at com.intellij.rt.execution.junit.JUnitStarter.prepareStreamsAndStart(JUnitStarter.java:242) [junit-rt.jar:?]
	at com.intellij.rt.execution.junit.JUnitStarter.main(JUnitStarter.java:70) [junit-rt.jar:?]
[WARN ] 2019-11-14 11:39:54.736 [main] SqlExceptionHelper - SQL Error: 1054, SQLState: 42S22
[ERROR] 2019-11-14 11:39:54.737 [main] SqlExceptionHelper - Unknown column 'user_userID' in 'field list'
