[DEBUG] 2019-11-14 15:23:35.697 [main] IntegratorServiceImpl - Adding Integrator [org.hibernate.cfg.beanvalidation.BeanValidationIntegrator].
[DEBUG] 2019-11-14 15:23:35.826 [main] IntegratorServiceImpl - Adding Integrator [org.hibernate.secure.spi.JaccIntegrator].
[DEBUG] 2019-11-14 15:23:35.891 [main] IntegratorServiceImpl - Adding Integrator [org.hibernate.cache.internal.CollectionCacheInvalidator].
[INFO ] 2019-11-14 15:23:36.709 [main] Version - HHH000412: Hibernate Core {5.4.4.Final}
[DEBUG] 2019-11-14 15:23:36.744 [main] Environment - HHH000206: hibernate.properties not found
[DEBUG] 2019-11-14 15:23:40.002 [main] LocalXmlResourceResolver - Interpreting public/system identifier : [-//Hibernate/Hibernate Configuration DTD//EN] - [http://www.hibernate.org/dtd/hibernate-configuration-3.0.dtd]
[DEBUG] 2019-11-14 15:23:40.008 [main] LocalXmlResourceResolver - Recognized hibernate-configuration identifier; attempting to resolve on classpath under org/hibernate/
[DEBUG] 2019-11-14 15:23:40.045 [main] JaxbCfgProcessor - cfg.xml document did not define namespaces; wrapping in custom event reader to introduce namespace information
[DEBUG] 2019-11-14 15:23:42.388 [main] ServiceBinding - Overriding existing service binding [org.hibernate.secure.spi.JaccService]
[DEBUG] 2019-11-14 15:23:42.696 [main] RegionFactoryInitiator - Cannot default RegionFactory based on registered strategies as `[]` RegionFactory strategies were registered
[DEBUG] 2019-11-14 15:23:42.715 [main] RegionFactoryInitiator - Cache region factory : org.hibernate.cache.internal.NoCachingRegionFactory
[INFO ] 2019-11-14 15:23:42.936 [main] Version - HCANN000001: Hibernate Commons Annotations {5.1.0.Final}
[DEBUG] 2019-11-14 15:23:43.295 [main] BasicTypeRegistry - Adding type registration boolean -> org.hibernate.type.BooleanType@46866946
[DEBUG] 2019-11-14 15:23:43.296 [main] BasicTypeRegistry - Adding type registration boolean -> org.hibernate.type.BooleanType@46866946
[DEBUG] 2019-11-14 15:23:43.296 [main] BasicTypeRegistry - Adding type registration java.lang.Boolean -> org.hibernate.type.BooleanType@46866946
[DEBUG] 2019-11-14 15:23:43.299 [main] BasicTypeRegistry - Adding type registration numeric_boolean -> org.hibernate.type.NumericBooleanType@76d05cc9
[DEBUG] 2019-11-14 15:23:43.302 [main] BasicTypeRegistry - Adding type registration true_false -> org.hibernate.type.TrueFalseType@5177e388
[DEBUG] 2019-11-14 15:23:43.305 [main] BasicTypeRegistry - Adding type registration yes_no -> org.hibernate.type.YesNoType@69d6a7cd
[DEBUG] 2019-11-14 15:23:43.310 [main] BasicTypeRegistry - Adding type registration byte -> org.hibernate.type.ByteType@1b29d52b
[DEBUG] 2019-11-14 15:23:43.311 [main] BasicTypeRegistry - Adding type registration byte -> org.hibernate.type.ByteType@1b29d52b
[DEBUG] 2019-11-14 15:23:43.312 [main] BasicTypeRegistry - Adding type registration java.lang.Byte -> org.hibernate.type.ByteType@1b29d52b
[DEBUG] 2019-11-14 15:23:43.317 [main] BasicTypeRegistry - Adding type registration character -> org.hibernate.type.CharacterType@c6e0f32
[DEBUG] 2019-11-14 15:23:43.318 [main] BasicTypeRegistry - Adding type registration char -> org.hibernate.type.CharacterType@c6e0f32
[DEBUG] 2019-11-14 15:23:43.319 [main] BasicTypeRegistry - Adding type registration java.lang.Character -> org.hibernate.type.CharacterType@c6e0f32
[DEBUG] 2019-11-14 15:23:43.324 [main] BasicTypeRegistry - Adding type registration short -> org.hibernate.type.ShortType@4a68135e
[DEBUG] 2019-11-14 15:23:43.325 [main] BasicTypeRegistry - Adding type registration short -> org.hibernate.type.ShortType@4a68135e
[DEBUG] 2019-11-14 15:23:43.325 [main] BasicTypeRegistry - Adding type registration java.lang.Short -> org.hibernate.type.ShortType@4a68135e
[DEBUG] 2019-11-14 15:23:43.331 [main] BasicTypeRegistry - Adding type registration integer -> org.hibernate.type.IntegerType@6e57b5e9
[DEBUG] 2019-11-14 15:23:43.332 [main] BasicTypeRegistry - Adding type registration int -> org.hibernate.type.IntegerType@6e57b5e9
[DEBUG] 2019-11-14 15:23:43.332 [main] BasicTypeRegistry - Adding type registration java.lang.Integer -> org.hibernate.type.IntegerType@6e57b5e9
[DEBUG] 2019-11-14 15:23:43.338 [main] BasicTypeRegistry - Adding type registration long -> org.hibernate.type.LongType@1549bba7
[DEBUG] 2019-11-14 15:23:43.339 [main] BasicTypeRegistry - Adding type registration long -> org.hibernate.type.LongType@1549bba7
[DEBUG] 2019-11-14 15:23:43.339 [main] BasicTypeRegistry - Adding type registration java.lang.Long -> org.hibernate.type.LongType@1549bba7
[DEBUG] 2019-11-14 15:23:43.345 [main] BasicTypeRegistry - Adding type registration float -> org.hibernate.type.FloatType@4f82663e
[DEBUG] 2019-11-14 15:23:43.346 [main] BasicTypeRegistry - Adding type registration float -> org.hibernate.type.FloatType@4f82663e
[DEBUG] 2019-11-14 15:23:43.346 [main] BasicTypeRegistry - Adding type registration java.lang.Float -> org.hibernate.type.FloatType@4f82663e
[DEBUG] 2019-11-14 15:23:43.352 [main] BasicTypeRegistry - Adding type registration double -> org.hibernate.type.DoubleType@6a9b0a6f
[DEBUG] 2019-11-14 15:23:43.352 [main] BasicTypeRegistry - Adding type registration double -> org.hibernate.type.DoubleType@6a9b0a6f
[DEBUG] 2019-11-14 15:23:43.353 [main] BasicTypeRegistry - Adding type registration java.lang.Double -> org.hibernate.type.DoubleType@6a9b0a6f
[DEBUG] 2019-11-14 15:23:43.359 [main] BasicTypeRegistry - Adding type registration big_decimal -> org.hibernate.type.BigDecimalType@640dc4c6
[DEBUG] 2019-11-14 15:23:43.359 [main] BasicTypeRegistry - Adding type registration java.math.BigDecimal -> org.hibernate.type.BigDecimalType@640dc4c6
[DEBUG] 2019-11-14 15:23:43.365 [main] BasicTypeRegistry - Adding type registration big_integer -> org.hibernate.type.BigIntegerType@6411d3c8
[DEBUG] 2019-11-14 15:23:43.365 [main] BasicTypeRegistry - Adding type registration java.math.BigInteger -> org.hibernate.type.BigIntegerType@6411d3c8
[DEBUG] 2019-11-14 15:23:43.371 [main] BasicTypeRegistry - Adding type registration string -> org.hibernate.type.StringType@4441d567
[DEBUG] 2019-11-14 15:23:43.371 [main] BasicTypeRegistry - Adding type registration java.lang.String -> org.hibernate.type.StringType@4441d567
[DEBUG] 2019-11-14 15:23:43.374 [main] BasicTypeRegistry - Adding type registration nstring -> org.hibernate.type.StringNVarcharType@47ec7422
[DEBUG] 2019-11-14 15:23:43.377 [main] BasicTypeRegistry - Adding type registration ncharacter -> org.hibernate.type.CharacterNCharType@2b56f5f8
[DEBUG] 2019-11-14 15:23:43.382 [main] BasicTypeRegistry - Adding type registration url -> org.hibernate.type.UrlType@a20b94b
[DEBUG] 2019-11-14 15:23:43.383 [main] BasicTypeRegistry - Adding type registration java.net.URL -> org.hibernate.type.UrlType@a20b94b
[DEBUG] 2019-11-14 15:23:43.389 [main] BasicTypeRegistry - Adding type registration Duration -> org.hibernate.type.DurationType@cfbc8e8
[DEBUG] 2019-11-14 15:23:43.389 [main] BasicTypeRegistry - Adding type registration java.time.Duration -> org.hibernate.type.DurationType@cfbc8e8
[DEBUG] 2019-11-14 15:23:43.409 [main] BasicTypeRegistry - Adding type registration Instant -> org.hibernate.type.InstantType@9fec931
[DEBUG] 2019-11-14 15:23:43.410 [main] BasicTypeRegistry - Adding type registration java.time.Instant -> org.hibernate.type.InstantType@9fec931
[DEBUG] 2019-11-14 15:23:43.416 [main] BasicTypeRegistry - Adding type registration LocalDateTime -> org.hibernate.type.LocalDateTimeType@7ce4de34
[DEBUG] 2019-11-14 15:23:43.417 [main] BasicTypeRegistry - Adding type registration java.time.LocalDateTime -> org.hibernate.type.LocalDateTimeType@7ce4de34
[DEBUG] 2019-11-14 15:23:43.439 [main] BasicTypeRegistry - Adding type registration LocalDate -> org.hibernate.type.LocalDateType@acf859d
[DEBUG] 2019-11-14 15:23:43.439 [main] BasicTypeRegistry - Adding type registration java.time.LocalDate -> org.hibernate.type.LocalDateType@acf859d
[DEBUG] 2019-11-14 15:23:43.455 [main] BasicTypeRegistry - Adding type registration LocalTime -> org.hibernate.type.LocalTimeType@35764bef
[DEBUG] 2019-11-14 15:23:43.456 [main] BasicTypeRegistry - Adding type registration java.time.LocalTime -> org.hibernate.type.LocalTimeType@35764bef
[DEBUG] 2019-11-14 15:23:43.462 [main] BasicTypeRegistry - Adding type registration OffsetDateTime -> org.hibernate.type.OffsetDateTimeType@778d82e9
[DEBUG] 2019-11-14 15:23:43.463 [main] BasicTypeRegistry - Adding type registration java.time.OffsetDateTime -> org.hibernate.type.OffsetDateTimeType@778d82e9
[DEBUG] 2019-11-14 15:23:43.469 [main] BasicTypeRegistry - Adding type registration OffsetTime -> org.hibernate.type.OffsetTimeType@10cd6753
[DEBUG] 2019-11-14 15:23:43.470 [main] BasicTypeRegistry - Adding type registration java.time.OffsetTime -> org.hibernate.type.OffsetTimeType@10cd6753
[DEBUG] 2019-11-14 15:23:43.478 [main] BasicTypeRegistry - Adding type registration ZonedDateTime -> org.hibernate.type.ZonedDateTimeType@81b5db0
[DEBUG] 2019-11-14 15:23:43.479 [main] BasicTypeRegistry - Adding type registration java.time.ZonedDateTime -> org.hibernate.type.ZonedDateTimeType@81b5db0
[DEBUG] 2019-11-14 15:23:43.488 [main] BasicTypeRegistry - Adding type registration date -> org.hibernate.type.DateType@161f6623
[DEBUG] 2019-11-14 15:23:43.489 [main] BasicTypeRegistry - Adding type registration java.sql.Date -> org.hibernate.type.DateType@161f6623
[DEBUG] 2019-11-14 15:23:43.495 [main] BasicTypeRegistry - Adding type registration time -> org.hibernate.type.TimeType@524a2ffb
[DEBUG] 2019-11-14 15:23:43.496 [main] BasicTypeRegistry - Adding type registration java.sql.Time -> org.hibernate.type.TimeType@524a2ffb
[DEBUG] 2019-11-14 15:23:43.503 [main] BasicTypeRegistry - Adding type registration timestamp -> org.hibernate.type.TimestampType@4d192aef
[DEBUG] 2019-11-14 15:23:43.504 [main] BasicTypeRegistry - Adding type registration java.sql.Timestamp -> org.hibernate.type.TimestampType@4d192aef
[DEBUG] 2019-11-14 15:23:43.505 [main] BasicTypeRegistry - Adding type registration java.util.Date -> org.hibernate.type.TimestampType@4d192aef
[DEBUG] 2019-11-14 15:23:43.520 [main] BasicTypeRegistry - Adding type registration dbtimestamp -> org.hibernate.type.DbTimestampType@bfc14b9
[DEBUG] 2019-11-14 15:23:43.526 [main] BasicTypeRegistry - Adding type registration calendar -> org.hibernate.type.CalendarType@43d38654
[DEBUG] 2019-11-14 15:23:43.527 [main] BasicTypeRegistry - Adding type registration java.util.Calendar -> org.hibernate.type.CalendarType@43d38654
[DEBUG] 2019-11-14 15:23:43.528 [main] BasicTypeRegistry - Adding type registration java.util.GregorianCalendar -> org.hibernate.type.CalendarType@43d38654
[DEBUG] 2019-11-14 15:23:43.531 [main] BasicTypeRegistry - Adding type registration calendar_date -> org.hibernate.type.CalendarDateType@3419e23b
[DEBUG] 2019-11-14 15:23:43.537 [main] BasicTypeRegistry - Adding type registration locale -> org.hibernate.type.LocaleType@5e048149
[DEBUG] 2019-11-14 15:23:43.538 [main] BasicTypeRegistry - Adding type registration java.util.Locale -> org.hibernate.type.LocaleType@5e048149
[DEBUG] 2019-11-14 15:23:43.543 [main] BasicTypeRegistry - Adding type registration currency -> org.hibernate.type.CurrencyType@702b06fb
[DEBUG] 2019-11-14 15:23:43.544 [main] BasicTypeRegistry - Adding type registration java.util.Currency -> org.hibernate.type.CurrencyType@702b06fb
[DEBUG] 2019-11-14 15:23:43.549 [main] BasicTypeRegistry - Adding type registration timezone -> org.hibernate.type.TimeZoneType@14229fa7
[DEBUG] 2019-11-14 15:23:43.550 [main] BasicTypeRegistry - Adding type registration java.util.TimeZone -> org.hibernate.type.TimeZoneType@14229fa7
[DEBUG] 2019-11-14 15:23:43.555 [main] BasicTypeRegistry - Adding type registration class -> org.hibernate.type.ClassType@12d1f1d4
[DEBUG] 2019-11-14 15:23:43.556 [main] BasicTypeRegistry - Adding type registration java.lang.Class -> org.hibernate.type.ClassType@12d1f1d4
[DEBUG] 2019-11-14 15:23:43.561 [main] BasicTypeRegistry - Adding type registration uuid-binary -> org.hibernate.type.UUIDBinaryType@3ee69ad8
[DEBUG] 2019-11-14 15:23:43.562 [main] BasicTypeRegistry - Adding type registration java.util.UUID -> org.hibernate.type.UUIDBinaryType@3ee69ad8
[DEBUG] 2019-11-14 15:23:43.565 [main] BasicTypeRegistry - Adding type registration uuid-char -> org.hibernate.type.UUIDCharType@53ed09e8
[DEBUG] 2019-11-14 15:23:43.571 [main] BasicTypeRegistry - Adding type registration binary -> org.hibernate.type.BinaryType@55a88417
[DEBUG] 2019-11-14 15:23:43.572 [main] BasicTypeRegistry - Adding type registration byte[] -> org.hibernate.type.BinaryType@55a88417
[DEBUG] 2019-11-14 15:23:43.572 [main] BasicTypeRegistry - Adding type registration [B -> org.hibernate.type.BinaryType@55a88417
[DEBUG] 2019-11-14 15:23:43.578 [main] BasicTypeRegistry - Adding type registration wrapper-binary -> org.hibernate.type.WrapperBinaryType@7c8f9c2e
[DEBUG] 2019-11-14 15:23:43.578 [main] BasicTypeRegistry - Adding type registration Byte[] -> org.hibernate.type.WrapperBinaryType@7c8f9c2e
[DEBUG] 2019-11-14 15:23:43.579 [main] BasicTypeRegistry - Adding type registration [Ljava.lang.Byte; -> org.hibernate.type.WrapperBinaryType@7c8f9c2e
[DEBUG] 2019-11-14 15:23:43.584 [main] BasicTypeRegistry - Adding type registration row_version -> org.hibernate.type.RowVersionType@3dd818e8
[DEBUG] 2019-11-14 15:23:43.587 [main] BasicTypeRegistry - Adding type registration image -> org.hibernate.type.ImageType@47b67fcb
[DEBUG] 2019-11-14 15:23:43.593 [main] BasicTypeRegistry - Adding type registration characters -> org.hibernate.type.CharArrayType@7187bac9
[DEBUG] 2019-11-14 15:23:43.594 [main] BasicTypeRegistry - Adding type registration char[] -> org.hibernate.type.CharArrayType@7187bac9
[DEBUG] 2019-11-14 15:23:43.595 [main] BasicTypeRegistry - Adding type registration [C -> org.hibernate.type.CharArrayType@7187bac9
[DEBUG] 2019-11-14 15:23:43.600 [main] BasicTypeRegistry - Adding type registration wrapper-characters -> org.hibernate.type.CharacterArrayType@6cd56321
[DEBUG] 2019-11-14 15:23:43.601 [main] BasicTypeRegistry - Adding type registration [Ljava.lang.Character; -> org.hibernate.type.CharacterArrayType@6cd56321
[DEBUG] 2019-11-14 15:23:43.601 [main] BasicTypeRegistry - Adding type registration Character[] -> org.hibernate.type.CharacterArrayType@6cd56321
[DEBUG] 2019-11-14 15:23:43.604 [main] BasicTypeRegistry - Adding type registration text -> org.hibernate.type.TextType@718dbd79
[DEBUG] 2019-11-14 15:23:43.607 [main] BasicTypeRegistry - Adding type registration ntext -> org.hibernate.type.NTextType@6c15e8c7
[DEBUG] 2019-11-14 15:23:43.615 [main] BasicTypeRegistry - Adding type registration blob -> org.hibernate.type.BlobType@6cd164a6
[DEBUG] 2019-11-14 15:23:43.616 [main] BasicTypeRegistry - Adding type registration java.sql.Blob -> org.hibernate.type.BlobType@6cd164a6
[DEBUG] 2019-11-14 15:23:43.619 [main] BasicTypeRegistry - Adding type registration materialized_blob -> org.hibernate.type.MaterializedBlobType@4c18621b
[DEBUG] 2019-11-14 15:23:43.627 [main] BasicTypeRegistry - Adding type registration clob -> org.hibernate.type.ClobType@1835d3ed
[DEBUG] 2019-11-14 15:23:43.628 [main] BasicTypeRegistry - Adding type registration java.sql.Clob -> org.hibernate.type.ClobType@1835d3ed
[DEBUG] 2019-11-14 15:23:43.637 [main] BasicTypeRegistry - Adding type registration nclob -> org.hibernate.type.NClobType@3c0bbc9f
[DEBUG] 2019-11-14 15:23:43.637 [main] BasicTypeRegistry - Adding type registration java.sql.NClob -> org.hibernate.type.NClobType@3c0bbc9f
[DEBUG] 2019-11-14 15:23:43.640 [main] BasicTypeRegistry - Adding type registration materialized_clob -> org.hibernate.type.MaterializedClobType@4f5f6e45
[DEBUG] 2019-11-14 15:23:43.643 [main] BasicTypeRegistry - Adding type registration materialized_nclob -> org.hibernate.type.MaterializedNClobType@5412bfea
[DEBUG] 2019-11-14 15:23:43.652 [main] BasicTypeRegistry - Adding type registration serializable -> org.hibernate.type.SerializableType@a565cbd
[DEBUG] 2019-11-14 15:23:43.667 [main] BasicTypeRegistry - Adding type registration object -> org.hibernate.type.ObjectType@859ea42
[DEBUG] 2019-11-14 15:23:43.668 [main] BasicTypeRegistry - Adding type registration java.lang.Object -> org.hibernate.type.ObjectType@859ea42
[DEBUG] 2019-11-14 15:23:43.671 [main] BasicTypeRegistry - Adding type registration imm_date -> org.hibernate.type.AdaptedImmutableType@31ceba99
[DEBUG] 2019-11-14 15:23:43.672 [main] BasicTypeRegistry - Adding type registration imm_time -> org.hibernate.type.AdaptedImmutableType@295bf2a
[DEBUG] 2019-11-14 15:23:43.673 [main] BasicTypeRegistry - Adding type registration imm_timestamp -> org.hibernate.type.AdaptedImmutableType@bbf9e07
[DEBUG] 2019-11-14 15:23:43.673 [main] BasicTypeRegistry - Adding type registration imm_dbtimestamp -> org.hibernate.type.AdaptedImmutableType@6ff6efdc
[DEBUG] 2019-11-14 15:23:43.674 [main] BasicTypeRegistry - Adding type registration imm_calendar -> org.hibernate.type.AdaptedImmutableType@2b289ac9
[DEBUG] 2019-11-14 15:23:43.675 [main] BasicTypeRegistry - Adding type registration imm_calendar_date -> org.hibernate.type.AdaptedImmutableType@4eb1c69
[DEBUG] 2019-11-14 15:23:43.676 [main] BasicTypeRegistry - Adding type registration imm_binary -> org.hibernate.type.AdaptedImmutableType@73d3e555
[DEBUG] 2019-11-14 15:23:43.677 [main] BasicTypeRegistry - Adding type registration imm_serializable -> org.hibernate.type.AdaptedImmutableType@2b037cfc
[DEBUG] 2019-11-14 15:23:43.983 [main] DefaultIdentifierGeneratorFactory - Registering IdentifierGenerator strategy [uuid2] -> [org.hibernate.id.UUIDGenerator]
[DEBUG] 2019-11-14 15:23:43.987 [main] DefaultIdentifierGeneratorFactory - Registering IdentifierGenerator strategy [guid] -> [org.hibernate.id.GUIDGenerator]
[DEBUG] 2019-11-14 15:23:43.991 [main] DefaultIdentifierGeneratorFactory - Registering IdentifierGenerator strategy [uuid] -> [org.hibernate.id.UUIDHexGenerator]
[DEBUG] 2019-11-14 15:23:43.992 [main] DefaultIdentifierGeneratorFactory - Registering IdentifierGenerator strategy [uuid.hex] -> [org.hibernate.id.UUIDHexGenerator]
[DEBUG] 2019-11-14 15:23:43.995 [main] DefaultIdentifierGeneratorFactory - Registering IdentifierGenerator strategy [assigned] -> [org.hibernate.id.Assigned]
[DEBUG] 2019-11-14 15:23:44.005 [main] DefaultIdentifierGeneratorFactory - Registering IdentifierGenerator strategy [identity] -> [org.hibernate.id.IdentityGenerator]
[DEBUG] 2019-11-14 15:23:44.008 [main] DefaultIdentifierGeneratorFactory - Registering IdentifierGenerator strategy [select] -> [org.hibernate.id.SelectGenerator]
[DEBUG] 2019-11-14 15:23:44.016 [main] DefaultIdentifierGeneratorFactory - Registering IdentifierGenerator strategy [sequence] -> [org.hibernate.id.enhanced.SequenceStyleGenerator]
[DEBUG] 2019-11-14 15:23:44.021 [main] DefaultIdentifierGeneratorFactory - Registering IdentifierGenerator strategy [seqhilo] -> [org.hibernate.id.SequenceHiLoGenerator]
[DEBUG] 2019-11-14 15:23:44.024 [main] DefaultIdentifierGeneratorFactory - Registering IdentifierGenerator strategy [increment] -> [org.hibernate.id.IncrementGenerator]
[DEBUG] 2019-11-14 15:23:44.027 [main] DefaultIdentifierGeneratorFactory - Registering IdentifierGenerator strategy [foreign] -> [org.hibernate.id.ForeignGenerator]
[DEBUG] 2019-11-14 15:23:44.030 [main] DefaultIdentifierGeneratorFactory - Registering IdentifierGenerator strategy [sequence-identity] -> [org.hibernate.id.SequenceIdentityGenerator]
[DEBUG] 2019-11-14 15:23:44.031 [main] DefaultIdentifierGeneratorFactory - Registering IdentifierGenerator strategy [enhanced-sequence] -> [org.hibernate.id.enhanced.SequenceStyleGenerator]
[DEBUG] 2019-11-14 15:23:44.035 [main] DefaultIdentifierGeneratorFactory - Registering IdentifierGenerator strategy [enhanced-table] -> [org.hibernate.id.enhanced.TableGenerator]
[INFO ] 2019-11-14 15:23:44.088 [main] C3P0ConnectionProvider - HHH010002: C3P0 using driver: com.mysql.cj.jdbc.Driver at URL: jdbc:mysql://localhost:3306/favorite_places
[INFO ] 2019-11-14 15:23:44.089 [main] C3P0ConnectionProvider - HHH10001001: Connection properties: {password=****, user=root}
[INFO ] 2019-11-14 15:23:44.089 [main] C3P0ConnectionProvider - HHH10001003: Autocommit mode: false
[INFO ] 2019-11-14 15:23:46.854 [main] C3P0ConnectionProvider - HHH10001007: JDBC isolation level: <unknown>
[DEBUG] 2019-11-14 15:23:49.085 [main] JdbcEnvironmentInitiator - Database ->
       name : MySQL
    version : 8.0.17
      major : 8
      minor : 0
[DEBUG] 2019-11-14 15:23:49.109 [main] JdbcEnvironmentInitiator - Driver ->
       name : MySQL Connector/J
    version : mysql-connector-java-8.0.16 (Revision: 34cbc6bc61f72836e26327537a432d6db7c77de6)
      major : 8
      minor : 0
[DEBUG] 2019-11-14 15:23:49.115 [main] JdbcEnvironmentInitiator - JDBC version : 4.2
[INFO ] 2019-11-14 15:23:49.629 [main] Dialect - HHH000400: Using dialect: org.hibernate.dialect.MySQL8Dialect
[DEBUG] 2019-11-14 15:23:49.956 [main] IdentifierHelperBuilder - JDBC driver metadata reported database stores quoted identifiers in more than one case
[DEBUG] 2019-11-14 15:23:50.830 [main] IdentifierHelperBuilder - IdentifierCaseStrategy for both quoted and unquoted identifiers was set to the same strategy [MIXED]; that will likely lead to problems in schema update and validation if using quoted identifiers
[DEBUG] 2019-11-14 15:23:51.578 [main] Namespace - Created database namespace [logicalName=Name{catalog=null, schema=null}, physicalName=Name{catalog=null, schema=null}]
[DEBUG] 2019-11-14 15:23:51.722 [main] TypeConfiguration$Scope - Scoping TypeConfiguration [org.hibernate.type.spi.TypeConfiguration@6ca8fcf3] to MetadataBuildingContext [org.hibernate.boot.internal.MetadataBuildingContextRootImpl@69f0b0f4]
[DEBUG] 2019-11-14 15:23:52.712 [main] AnnotationBinder - Binding entity from annotated class: com.teamresistance.entity.Favorites
[DEBUG] 2019-11-14 15:23:53.264 [main] Ejb3Column - Binding column: Ejb3DiscriminatorColumn{logicalColumnName'DTYPE', discriminatorTypeName='string'}
[DEBUG] 2019-11-14 15:23:53.375 [main] EntityBinder - Import with entity name Favorites
[DEBUG] 2019-11-14 15:23:53.417 [main] EntityBinder - Bind entity com.teamresistance.entity.Favorites on table favorites
[DEBUG] 2019-11-14 15:23:54.072 [main] Ejb3Column - Binding column: Ejb3Column{table=org.hibernate.mapping.Table(favorites), mappingColumn=Id, insertable=true, updatable=true, unique=false}
[DEBUG] 2019-11-14 15:23:54.219 [main] PropertyBinder - MetadataSourceProcessor property Id with lazy=false
[DEBUG] 2019-11-14 15:23:54.311 [main] AbstractPropertyHolder - Attempting to locate auto-apply AttributeConverter for property [com.teamresistance.entity.Favorites:Id]
[DEBUG] 2019-11-14 15:23:54.346 [main] SimpleValueBinder - building SimpleValue for Id
[DEBUG] 2019-11-14 15:23:54.366 [main] PropertyBinder - Building property Id
[DEBUG] 2019-11-14 15:23:54.403 [main] BinderHelper - #makeIdGenerator(org.hibernate.mapping.SimpleValue([org.hibernate.mapping.Column(Id)]), Id, org.hibernate.id.enhanced.SequenceStyleGenerator, native, ...)
[DEBUG] 2019-11-14 15:23:54.413 [main] Ejb3Column - Binding column: Ejb3Column{table=org.hibernate.mapping.Table(favorites), mappingColumn=available, insertable=true, updatable=true, unique=false}
[DEBUG] 2019-11-14 15:23:54.416 [main] PropertyBinder - MetadataSourceProcessor property availableLots with lazy=false
[DEBUG] 2019-11-14 15:23:54.417 [main] AbstractPropertyHolder - Attempting to locate auto-apply AttributeConverter for property [com.teamresistance.entity.Favorites:availableLots]
[DEBUG] 2019-11-14 15:23:54.420 [main] SimpleValueBinder - building SimpleValue for availableLots
[DEBUG] 2019-11-14 15:23:54.421 [main] PropertyBinder - Building property availableLots
[DEBUG] 2019-11-14 15:23:54.426 [main] Ejb3Column - Binding column: Ejb3Column{table=org.hibernate.mapping.Table(favorites), mappingColumn=description, insertable=true, updatable=true, unique=false}
[DEBUG] 2019-11-14 15:23:54.427 [main] PropertyBinder - MetadataSourceProcessor property description with lazy=false
[DEBUG] 2019-11-14 15:23:54.428 [main] AbstractPropertyHolder - Attempting to locate auto-apply AttributeConverter for property [com.teamresistance.entity.Favorites:description]
[DEBUG] 2019-11-14 15:23:54.429 [main] SimpleValueBinder - building SimpleValue for description
[DEBUG] 2019-11-14 15:23:54.430 [main] PropertyBinder - Building property description
[DEBUG] 2019-11-14 15:23:54.431 [main] Ejb3Column - Binding column: Ejb3Column{table=org.hibernate.mapping.Table(favorites), mappingColumn=name, insertable=true, updatable=true, unique=false}
[DEBUG] 2019-11-14 15:23:54.433 [main] PropertyBinder - MetadataSourceProcessor property name with lazy=false
[DEBUG] 2019-11-14 15:23:54.434 [main] AbstractPropertyHolder - Attempting to locate auto-apply AttributeConverter for property [com.teamresistance.entity.Favorites:name]
[DEBUG] 2019-11-14 15:23:54.435 [main] SimpleValueBinder - building SimpleValue for name
[DEBUG] 2019-11-14 15:23:54.436 [main] PropertyBinder - Building property name
[DEBUG] 2019-11-14 15:23:54.437 [main] Ejb3Column - Binding column: Ejb3Column{table=org.hibernate.mapping.Table(favorites), mappingColumn=parkingLotId, insertable=true, updatable=true, unique=false}
[DEBUG] 2019-11-14 15:23:54.438 [main] PropertyBinder - MetadataSourceProcessor property parkingLotId with lazy=false
[DEBUG] 2019-11-14 15:23:54.439 [main] AbstractPropertyHolder - Attempting to locate auto-apply AttributeConverter for property [com.teamresistance.entity.Favorites:parkingLotId]
[DEBUG] 2019-11-14 15:23:54.441 [main] SimpleValueBinder - building SimpleValue for parkingLotId
[DEBUG] 2019-11-14 15:23:54.442 [main] PropertyBinder - Building property parkingLotId
[DEBUG] 2019-11-14 15:23:54.443 [main] Ejb3Column - Binding column: Ejb3Column{table=org.hibernate.mapping.Table(favorites), mappingColumn=price, insertable=true, updatable=true, unique=false}
[DEBUG] 2019-11-14 15:23:54.444 [main] PropertyBinder - MetadataSourceProcessor property price with lazy=false
[DEBUG] 2019-11-14 15:23:54.445 [main] AbstractPropertyHolder - Attempting to locate auto-apply AttributeConverter for property [com.teamresistance.entity.Favorites:price]
[DEBUG] 2019-11-14 15:23:54.447 [main] SimpleValueBinder - building SimpleValue for price
[DEBUG] 2019-11-14 15:23:54.448 [main] PropertyBinder - Building property price
[DEBUG] 2019-11-14 15:23:54.457 [main] Ejb3Column - Binding column: Ejb3JoinColumn{logicalColumnName='null', referencedColumn='null', mappedBy='null'}
[DEBUG] 2019-11-14 15:23:54.458 [main] Ejb3Column - Binding column: Ejb3Column{table=org.hibernate.mapping.Table(favorites), mappingColumn=user, insertable=true, updatable=true, unique=false}
[DEBUG] 2019-11-14 15:23:54.478 [main] PropertyBinder - Building property user
[DEBUG] 2019-11-14 15:23:54.488 [main] AnnotationBinder - Binding entity from annotated class: com.teamresistance.entity.User
[DEBUG] 2019-11-14 15:23:54.489 [main] Ejb3Column - Binding column: Ejb3DiscriminatorColumn{logicalColumnName'DTYPE', discriminatorTypeName='string'}
[DEBUG] 2019-11-14 15:23:54.490 [main] EntityBinder - Import with entity name User
[DEBUG] 2019-11-14 15:23:54.491 [main] EntityBinder - Bind entity com.teamresistance.entity.User on table user
[DEBUG] 2019-11-14 15:23:54.548 [main] Ejb3Column - Binding column: Ejb3Column{table=org.hibernate.mapping.Table(user), mappingColumn=userID, insertable=true, updatable=true, unique=false}
[DEBUG] 2019-11-14 15:23:54.549 [main] PropertyBinder - MetadataSourceProcessor property userID with lazy=false
[DEBUG] 2019-11-14 15:23:54.550 [main] AbstractPropertyHolder - Attempting to locate auto-apply AttributeConverter for property [com.teamresistance.entity.User:userID]
[DEBUG] 2019-11-14 15:23:54.551 [main] SimpleValueBinder - building SimpleValue for userID
[DEBUG] 2019-11-14 15:23:54.553 [main] PropertyBinder - Building property userID
[DEBUG] 2019-11-14 15:23:54.554 [main] BinderHelper - #makeIdGenerator(org.hibernate.mapping.SimpleValue([org.hibernate.mapping.Column(userID)]), userID, org.hibernate.id.enhanced.SequenceStyleGenerator, native, ...)
[DEBUG] 2019-11-14 15:23:54.557 [main] Ejb3Column - Binding column: Ejb3JoinColumn{logicalColumnName='null', referencedColumn='null', mappedBy='user'}
[DEBUG] 2019-11-14 15:23:54.558 [main] Ejb3Column - Binding column: Ejb3Column{table=org.hibernate.mapping.Table(user), mappingColumn=favorites, insertable=true, updatable=true, unique=false}
[DEBUG] 2019-11-14 15:23:54.573 [main] Ejb3Column - Binding column: Ejb3Column{table=org.hibernate.mapping.Table(user), mappingColumn=null, insertable=true, updatable=true, unique=false}
[DEBUG] 2019-11-14 15:23:54.648 [main] Ejb3Column - Binding column: Ejb3Column{table=org.hibernate.mapping.Table(user), mappingColumn=element, insertable=true, updatable=true, unique=false}
[DEBUG] 2019-11-14 15:23:54.651 [main] Ejb3Column - Binding column: Ejb3Column{table=org.hibernate.mapping.Table(user), mappingColumn=favorites_KEY, insertable=true, updatable=true, unique=false}
[DEBUG] 2019-11-14 15:23:54.657 [main] Ejb3Column - Binding column: Ejb3JoinColumn{logicalColumnName='favorites_KEY', referencedColumn='null', mappedBy='null'}
[DEBUG] 2019-11-14 15:23:54.662 [main] Ejb3Column - Binding column: Ejb3JoinColumn{logicalColumnName='null', referencedColumn='null', mappedBy='user'}
[DEBUG] 2019-11-14 15:23:54.663 [main] Ejb3Column - Binding column: Ejb3JoinColumn{logicalColumnName='null', referencedColumn='null', mappedBy='user'}
[DEBUG] 2019-11-14 15:23:54.664 [main] CollectionBinder - Collection role: com.teamresistance.entity.User.favorites
[DEBUG] 2019-11-14 15:23:54.686 [main] PropertyBinder - Building property favorites
[DEBUG] 2019-11-14 15:23:54.689 [main] Ejb3Column - Binding column: Ejb3Column{table=org.hibernate.mapping.Table(user), mappingColumn=passWord, insertable=true, updatable=true, unique=false}
[DEBUG] 2019-11-14 15:23:54.690 [main] PropertyBinder - MetadataSourceProcessor property passWord with lazy=false
[DEBUG] 2019-11-14 15:23:54.691 [main] AbstractPropertyHolder - Attempting to locate auto-apply AttributeConverter for property [com.teamresistance.entity.User:passWord]
[DEBUG] 2019-11-14 15:23:54.692 [main] SimpleValueBinder - building SimpleValue for passWord
[DEBUG] 2019-11-14 15:23:54.693 [main] PropertyBinder - Building property passWord
[DEBUG] 2019-11-14 15:23:54.694 [main] Ejb3Column - Binding column: Ejb3Column{table=org.hibernate.mapping.Table(user), mappingColumn=userName, insertable=true, updatable=true, unique=false}
[DEBUG] 2019-11-14 15:23:54.695 [main] PropertyBinder - MetadataSourceProcessor property userName with lazy=false
[DEBUG] 2019-11-14 15:23:54.696 [main] AbstractPropertyHolder - Attempting to locate auto-apply AttributeConverter for property [com.teamresistance.entity.User:userName]
[DEBUG] 2019-11-14 15:23:54.697 [main] SimpleValueBinder - building SimpleValue for userName
[DEBUG] 2019-11-14 15:23:54.698 [main] PropertyBinder - Building property userName
[DEBUG] 2019-11-14 15:23:54.744 [main] SimpleValueBinder - Starting fillSimpleValue for Id
[DEBUG] 2019-11-14 15:23:54.745 [main] SimpleValueBinder - Starting fillSimpleValue for availableLots
[DEBUG] 2019-11-14 15:23:54.746 [main] SimpleValueBinder - Starting fillSimpleValue for description
[DEBUG] 2019-11-14 15:23:54.746 [main] SimpleValueBinder - Starting fillSimpleValue for name
[DEBUG] 2019-11-14 15:23:54.747 [main] SimpleValueBinder - Starting fillSimpleValue for parkingLotId
[DEBUG] 2019-11-14 15:23:54.748 [main] SimpleValueBinder - Starting fillSimpleValue for price
[DEBUG] 2019-11-14 15:23:54.748 [main] SimpleValueBinder - Starting fillSimpleValue for userID
[DEBUG] 2019-11-14 15:23:54.749 [main] SimpleValueBinder - Starting fillSimpleValue for passWord
[DEBUG] 2019-11-14 15:23:54.750 [main] SimpleValueBinder - Starting fillSimpleValue for userName
[DEBUG] 2019-11-14 15:23:54.775 [main] PrimaryKey - Forcing column [id] to be non-null as it is part of the primary key for table [favorites]
[DEBUG] 2019-11-14 15:23:54.776 [main] PrimaryKey - Forcing column [userid] to be non-null as it is part of the primary key for table [user]
[DEBUG] 2019-11-14 15:23:54.778 [main] CollectionSecondPass - Second pass for collection: com.teamresistance.entity.User.favorites
[DEBUG] 2019-11-14 15:23:54.781 [main] CollectionBinder - Binding a OneToMany: com.teamresistance.entity.User.favorites through a foreign key
[DEBUG] 2019-11-14 15:23:54.785 [main] CollectionBinder - Mapping collection: com.teamresistance.entity.User.favorites -> favorites
[DEBUG] 2019-11-14 15:23:54.792 [main] TableBinder - Retrieving property com.teamresistance.entity.Favorites.user
[DEBUG] 2019-11-14 15:23:54.793 [main] CollectionSecondPass - Mapped collection key: user_userID, one-to-many: com.teamresistance.entity.Favorites
[DEBUG] 2019-11-14 15:23:54.794 [main] InFlightMetadataCollectorImpl - Resolving reference to class: com.teamresistance.entity.User
[DEBUG] 2019-11-14 15:23:54.857 [main] InFlightMetadataCollectorImpl - Resolving reference to class: com.teamresistance.entity.User
[DEBUG] 2019-11-14 15:23:55.139 [main] SessionFactoryImpl - Building session factory
[DEBUG] 2019-11-14 15:23:55.143 [main] Settings - SessionFactory name : null
[DEBUG] 2019-11-14 15:23:55.144 [main] Settings - Automatic flush during beforeCompletion(): enabled
[DEBUG] 2019-11-14 15:23:55.144 [main] Settings - Automatic session close at end of transaction: disabled
[DEBUG] 2019-11-14 15:23:55.145 [main] Settings - Statistics: disabled
[DEBUG] 2019-11-14 15:23:55.146 [main] Settings - Deleted entity synthetic identifier rollback: disabled
[DEBUG] 2019-11-14 15:23:55.146 [main] Settings - Default entity-mode: pojo
[DEBUG] 2019-11-14 15:23:55.147 [main] Settings - Check Nullability in Core (should be disabled when Bean Validation is on): enabled
[DEBUG] 2019-11-14 15:23:55.148 [main] Settings - Allow initialization of lazy state outside session : disabled
[DEBUG] 2019-11-14 15:23:55.148 [main] Settings - Using BatchFetchStyle : LEGACY
[DEBUG] 2019-11-14 15:23:55.149 [main] Settings - Default batch fetch size: -1
[DEBUG] 2019-11-14 15:23:55.149 [main] Settings - Maximum outer join fetch depth: 2
[DEBUG] 2019-11-14 15:23:55.150 [main] Settings - Default null ordering: NONE
[DEBUG] 2019-11-14 15:23:55.151 [main] Settings - Order SQL updates by primary key: disabled
[DEBUG] 2019-11-14 15:23:55.151 [main] Settings - Order SQL inserts for batching: disabled
[DEBUG] 2019-11-14 15:23:55.153 [main] Settings - multi-tenancy strategy : NONE
[DEBUG] 2019-11-14 15:23:55.154 [main] Settings - JTA Track by Thread: enabled
[DEBUG] 2019-11-14 15:23:55.155 [main] Settings - Query language substitutions: {}
[DEBUG] 2019-11-14 15:23:55.155 [main] Settings - Named query checking : enabled
[DEBUG] 2019-11-14 15:23:55.156 [main] Settings - Second-level cache: disabled
[DEBUG] 2019-11-14 15:23:55.157 [main] Settings - Second-level query cache: disabled
[DEBUG] 2019-11-14 15:23:55.157 [main] Settings - Second-level query cache factory: null
[DEBUG] 2019-11-14 15:23:55.158 [main] Settings - Second-level cache region prefix: null
[DEBUG] 2019-11-14 15:23:55.158 [main] Settings - Optimize second-level cache for minimal puts: disabled
[DEBUG] 2019-11-14 15:23:55.159 [main] Settings - Structured second-level cache entries: disabled
[DEBUG] 2019-11-14 15:23:55.161 [main] Settings - Second-level cache direct-reference entries: disabled
[DEBUG] 2019-11-14 15:23:55.161 [main] Settings - Automatic eviction of collection cache: disabled
[DEBUG] 2019-11-14 15:23:55.162 [main] Settings - JDBC batch size: 15
[DEBUG] 2019-11-14 15:23:55.163 [main] Settings - JDBC batch updates for versioned data: enabled
[DEBUG] 2019-11-14 15:23:55.163 [main] Settings - Scrollable result sets: enabled
[DEBUG] 2019-11-14 15:23:55.164 [main] Settings - Wrap result sets: disabled
[DEBUG] 2019-11-14 15:23:55.164 [main] Settings - JDBC3 getGeneratedKeys(): enabled
[DEBUG] 2019-11-14 15:23:55.165 [main] Settings - JDBC result set fetch size: null
[DEBUG] 2019-11-14 15:23:55.166 [main] Settings - Connection release mode: AFTER_TRANSACTION
[DEBUG] 2019-11-14 15:23:55.166 [main] Settings - Generate SQL with comments: disabled
[DEBUG] 2019-11-14 15:23:55.167 [main] Settings - JPA compliance - query : 
[DEBUG] 2019-11-14 15:23:55.167 [main] Settings - JPA compliance - closed-handling : 
[DEBUG] 2019-11-14 15:23:55.169 [main] Settings - JPA compliance - lists : 
[DEBUG] 2019-11-14 15:23:55.169 [main] Settings - JPA compliance - transactions : 
[INFO ] 2019-11-14 15:23:55.802 [main] beans - HHH10005002: No explicit CDI BeanManager reference was passed to Hibernate, but CDI is available on the Hibernate ClassLoader.
[DEBUG] 2019-11-14 15:23:55.983 [main] SessionFactoryImpl - Session factory constructed with filter configurations : {}
[DEBUG] 2019-11-14 15:23:55.985 [main] SessionFactoryImpl - Instantiating session factory with properties: {sun.desktop=gnome, awt.toolkit=sun.awt.X11.XToolkit, java.specification.version=11, sun.cpu.isalist=, hibernate.c3p0.idle_test_period=3000, sun.jnu.encoding=UTF-8, hibernate.c3p0.min_size=5, java.class.path=/home/student/intellij/lib/idea_rt.jar:/home/student/intellij/plugins/junit/lib/junit-rt.jar:/home/student/intellij/plugins/junit/lib/junit5-rt.jar:/home/student/IdeaProjects/parkingLots/target/test-classes:/home/student/IdeaProjects/parkingLots/target/classes:/home/student/.m2/repository/org/hibernate/hibernate-core/5.4.4.Final/hibernate-core-5.4.4.Final.jar:/home/student/.m2/repository/org/jboss/logging/jboss-logging/3.3.2.Final/jboss-logging-3.3.2.Final.jar:/home/student/.m2/repository/javax/persistence/javax.persistence-api/2.2/javax.persistence-api-2.2.jar:/home/student/.m2/repository/org/javassist/javassist/3.24.0-GA/javassist-3.24.0-GA.jar:/home/student/.m2/repository/net/bytebuddy/byte-buddy/1.9.11/byte-buddy-1.9.11.jar:/home/student/.m2/repository/antlr/antlr/2.7.7/antlr-2.7.7.jar:/home/student/.m2/repository/org/jboss/spec/javax/transaction/jboss-transaction-api_1.2_spec/1.1.1.Final/jboss-transaction-api_1.2_spec-1.1.1.Final.jar:/home/student/.m2/repository/org/jboss/jandex/2.0.5.Final/jandex-2.0.5.Final.jar:/home/student/.m2/repository/com/fasterxml/classmate/1.3.4/classmate-1.3.4.jar:/home/student/.m2/repository/javax/activation/javax.activation-api/1.2.0/javax.activation-api-1.2.0.jar:/home/student/.m2/repository/org/dom4j/dom4j/2.1.1/dom4j-2.1.1.jar:/home/student/.m2/repository/org/hibernate/common/hibernate-commons-annotations/5.1.0.Final/hibernate-commons-annotations-5.1.0.Final.jar:/home/student/.m2/repository/javax/xml/bind/jaxb-api/2.3.1/jaxb-api-2.3.1.jar:/home/student/.m2/repository/org/glassfish/jaxb/jaxb-runtime/2.3.1/jaxb-runtime-2.3.1.jar:/home/student/.m2/repository/org/glassfish/jaxb/txw2/2.3.1/txw2-2.3.1.jar:/home/student/.m2/repository/com/sun/istack/istack-commons-runtime/3.0.7/istack-commons-runtime-3.0.7.jar:/home/student/.m2/repository/org/jvnet/staxex/stax-ex/1.8/stax-ex-1.8.jar:/home/student/.m2/repository/com/sun/xml/fastinfoset/FastInfoset/1.2.15/FastInfoset-1.2.15.jar:/home/student/.m2/repository/org/hibernate/hibernate-c3p0/5.4.4.Final/hibernate-c3p0-5.4.4.Final.jar:/home/student/.m2/repository/com/mchange/c3p0/0.9.5.3/c3p0-0.9.5.3.jar:/home/student/.m2/repository/com/mchange/mchange-commons-java/0.2.15/mchange-commons-java-0.2.15.jar:/home/student/.m2/repository/org/apache/logging/log4j/log4j-api/2.10.0/log4j-api-2.10.0.jar:/home/student/.m2/repository/org/apache/logging/log4j/log4j-core/2.10.0/log4j-core-2.10.0.jar:/home/student/.m2/repository/javax/javaee-web-api/7.0/javaee-web-api-7.0.jar:/home/student/.m2/repository/org/junit/platform/junit-platform-runner/1.0.0/junit-platform-runner-1.0.0.jar:/home/student/.m2/repository/org/apiguardian/apiguardian-api/1.0.0/apiguardian-api-1.0.0.jar:/home/student/.m2/repository/org/junit/platform/junit-platform-launcher/1.0.0/junit-platform-launcher-1.0.0.jar:/home/student/.m2/repository/org/junit/platform/junit-platform-suite-api/1.0.0/junit-platform-suite-api-1.0.0.jar:/home/student/.m2/repository/org/junit/platform/junit-platform-commons/1.0.0/junit-platform-commons-1.0.0.jar:/home/student/.m2/repository/org/junit/vintage/junit-vintage-engine/4.12.0/junit-vintage-engine-4.12.0.jar:/home/student/.m2/repository/org/junit/platform/junit-platform-engine/1.0.0/junit-platform-engine-1.0.0.jar:/home/student/.m2/repository/org/opentest4j/opentest4j/1.0.0/opentest4j-1.0.0.jar:/home/student/.m2/repository/org/junit/jupiter/junit-jupiter-engine/5.0.0/junit-jupiter-engine-5.0.0.jar:/home/student/.m2/repository/org/junit/jupiter/junit-jupiter-api/5.0.0/junit-jupiter-api-5.0.0.jar:/home/student/.m2/repository/junit/junit/4.12/junit-4.12.jar:/home/student/.m2/repository/org/hamcrest/hamcrest-core/1.3/hamcrest-core-1.3.jar:/home/student/.m2/repository/jstl/jstl/1.2/jstl-1.2.jar:/home/student/.m2/repository/mysql/mysql-connector-java/8.0.16/mysql-connector-java-8.0.16.jar:/home/student/.m2/repository/com/google/protobuf/protobuf-java/3.6.1/protobuf-java-3.6.1.jar:/home/student/.m2/repository/org/glassfish/jersey/core/jersey-client/2.29.1/jersey-client-2.29.1.jar:/home/student/.m2/repository/jakarta/ws/rs/jakarta.ws.rs-api/2.1.6/jakarta.ws.rs-api-2.1.6.jar:/home/student/.m2/repository/org/glassfish/jersey/core/jersey-common/2.29.1/jersey-common-2.29.1.jar:/home/student/.m2/repository/jakarta/annotation/jakarta.annotation-api/1.3.5/jakarta.annotation-api-1.3.5.jar:/home/student/.m2/repository/org/glassfish/hk2/osgi-resource-locator/1.0.3/osgi-resource-locator-1.0.3.jar:/home/student/.m2/repository/org/glassfish/hk2/external/jakarta.inject/2.6.1/jakarta.inject-2.6.1.jar:/home/student/.m2/repository/org/glassfish/jersey/inject/jersey-hk2/2.29.1/jersey-hk2-2.29.1.jar:/home/student/.m2/repository/org/glassfish/hk2/hk2-locator/2.6.1/hk2-locator-2.6.1.jar:/home/student/.m2/repository/org/glassfish/hk2/external/aopalliance-repackaged/2.6.1/aopalliance-repackaged-2.6.1.jar:/home/student/.m2/repository/org/glassfish/hk2/hk2-api/2.6.1/hk2-api-2.6.1.jar:/home/student/.m2/repository/org/glassfish/hk2/hk2-utils/2.6.1/hk2-utils-2.6.1.jar:/home/student/.m2/repository/org/glassfish/jersey/containers/jersey-container-servlet/2.29.1/jersey-container-servlet-2.29.1.jar:/home/student/.m2/repository/org/glassfish/jersey/containers/jersey-container-servlet-core/2.29.1/jersey-container-servlet-core-2.29.1.jar:/home/student/.m2/repository/org/glassfish/jersey/core/jersey-server/2.29.1/jersey-server-2.29.1.jar:/home/student/.m2/repository/org/glassfish/jersey/media/jersey-media-jaxb/2.29.1/jersey-media-jaxb-2.29.1.jar:/home/student/.m2/repository/jakarta/validation/jakarta.validation-api/2.0.2/jakarta.validation-api-2.0.2.jar:/home/student/.m2/repository/com/fasterxml/jackson/core/jackson-core/2.10.0/jackson-core-2.10.0.jar:/home/student/.m2/repository/com/fasterxml/jackson/core/jackson-annotations/2.10.0/jackson-annotations-2.10.0.jar:/home/student/.m2/repository/com/fasterxml/jackson/core/jackson-databind/2.10.0/jackson-databind-2.10.0.jar, java.vm.vendor=Ubuntu, sun.arch.data.model=64, idea.test.cyclic.buffer.size=1048576, java.vendor.url=https://ubuntu.com/, user.timezone=America/Chicago, os.name=Linux, java.vm.specification.version=11, sun.java.launcher=SUN_STANDARD, user.country=US, sun.boot.library.path=/usr/lib/jvm/java-11-openjdk-amd64/lib, sun.java.command=com.intellij.rt.execution.junit.JUnitStarter -ideVersion5 -junit5 com.teamresistance.service.FavoritesServiceTest,testInsert, jdk.debug=release, sun.cpu.endian=little, user.home=/home/student, hibernate.c3p0.max_statements=50, user.language=en, java.specification.vendor=Oracle Corporation, java.version.date=2019-07-16, java.home=/usr/lib/jvm/java-11-openjdk-amd64, file.separator=/, java.vm.compressedOopsMode=Zero based, line.separator=
, hibernate.c3p0.timeout=300, java.specification.name=Java Platform API Specification, java.vm.specification.vendor=Oracle Corporation, intellij.debug.agent=true, java.awt.graphicsenv=sun.awt.X11GraphicsEnvironment, connection.password=student, sun.management.compiler=HotSpot 64-Bit Tiered Compilers, hibernate.c3p0.max_size=20, java.runtime.version=11.0.4+11-post-Ubuntu-1ubuntu218.04.3, user.name=student, path.separator=:, hibernate.connection.username=****, os.version=5.0.0-36-generic, java.runtime.name=OpenJDK Runtime Environment, hibernate.connection.url=jdbc:mysql://localhost:3306/favorite_places, file.encoding=UTF-8, java.vm.name=OpenJDK 64-Bit Server VM, hibernate.connection.driver_class=com.mysql.cj.jdbc.Driver, java.vendor.url.bug=https://bugs.launchpad.net/ubuntu/+source/openjdk-lts, java.io.tmpdir=/tmp, java.version=11.0.4, jboss.modules.system.pkgs=com.intellij.rt, user.dir=/home/student/IdeaProjects/parkingLots, os.arch=amd64, connection.username=root, java.vm.specification.name=Java Virtual Machine Specification, java.awt.printerjob=sun.print.PSPrinterJob, hibernate.connection.password=****, sun.os.patch.level=unknown, connection.driver_class=com.mysql.cj.jdbc.Driver, hibernate.boot.CfgXmlAccessService.key=org.hibernate.boot.cfgxml.spi.LoadedConfig@29a33620, java.library.path=/usr/java/packages/lib:/usr/lib/x86_64-linux-gnu/jni:/lib/x86_64-linux-gnu:/usr/lib/x86_64-linux-gnu:/usr/lib/jni:/lib:/usr/lib, java.vendor=Ubuntu, java.vm.info=mixed mode, sharing, java.vm.version=11.0.4+11-post-Ubuntu-1ubuntu218.04.3, hibernate.bytecode.use_reflection_optimizer=false, sun.io.unicode.encoding=UnicodeLittle, connection.url=jdbc:mysql://localhost:3306/favorite_places, java.class.version=55.0}
[DEBUG] 2019-11-14 15:23:56.257 [main] TypeSafeActivator - Unable to acquire Bean Validation ValidatorFactory, skipping activation
[DEBUG] 2019-11-14 15:23:56.258 [main] JaccIntegrator - Skipping JACC integration as it was not enabled
[DEBUG] 2019-11-14 15:23:56.265 [main] SessionFactoryImpl - Instantiated session factory
[DEBUG] 2019-11-14 15:23:56.265 [main] TypeConfiguration$Scope - Scoping TypeConfiguration [org.hibernate.type.spi.TypeConfiguration@6ca8fcf3] to SessionFactoryImpl [org.hibernate.internal.SessionFactoryImpl@5ff6dd3c]
[DEBUG] 2019-11-14 15:23:57.246 [main] ClassLoaderAccessImpl - Not known whether passed class name [com.teamresistance.entity.User] is safe
[DEBUG] 2019-11-14 15:23:57.249 [main] ClassLoaderAccessImpl - No temp ClassLoader provided; using live ClassLoader for loading potentially unsafe class : com.teamresistance.entity.User
[DEBUG] 2019-11-14 15:23:57.495 [main] ClassLoaderAccessImpl - Not known whether passed class name [com.teamresistance.entity.User] is safe
[DEBUG] 2019-11-14 15:23:57.496 [main] ClassLoaderAccessImpl - No temp ClassLoader provided; using live ClassLoader for loading potentially unsafe class : com.teamresistance.entity.User
[DEBUG] 2019-11-14 15:23:59.660 [main] ClassLoaderAccessImpl - Not known whether passed class name [com.teamresistance.entity.Favorites] is safe
[DEBUG] 2019-11-14 15:23:59.661 [main] ClassLoaderAccessImpl - No temp ClassLoader provided; using live ClassLoader for loading potentially unsafe class : com.teamresistance.entity.Favorites
[DEBUG] 2019-11-14 15:23:59.664 [main] ClassLoaderAccessImpl - Not known whether passed class name [com.teamresistance.entity.Favorites] is safe
[DEBUG] 2019-11-14 15:23:59.664 [main] ClassLoaderAccessImpl - No temp ClassLoader provided; using live ClassLoader for loading potentially unsafe class : com.teamresistance.entity.Favorites
[DEBUG] 2019-11-14 15:23:59.921 [main] AbstractCollectionPersister - Static SQL for collection: com.teamresistance.entity.User.favorites
[DEBUG] 2019-11-14 15:23:59.922 [main] AbstractCollectionPersister -  Row insert: update favorites set user_userID=? where Id=?
[DEBUG] 2019-11-14 15:23:59.922 [main] AbstractCollectionPersister -  Row update: update favorites set  where Id=?
[DEBUG] 2019-11-14 15:23:59.923 [main] AbstractCollectionPersister -  Row delete: update favorites set user_userID=null where user_userID=? and Id=?
[DEBUG] 2019-11-14 15:23:59.923 [main] AbstractCollectionPersister -  One-shot delete: update favorites set user_userID=null where user_userID=?
[DEBUG] 2019-11-14 15:23:59.943 [main] AbstractEntityPersister - Static SQL for entity: com.teamresistance.entity.User
[DEBUG] 2019-11-14 15:23:59.943 [main] AbstractEntityPersister -  Version select: select userID from user where userID =?
[DEBUG] 2019-11-14 15:23:59.944 [main] AbstractEntityPersister -  Snapshot select: select user_.userID, user_.passWord as passWord2_1_, user_.userName as userName3_1_ from user user_ where user_.userID=?
[DEBUG] 2019-11-14 15:23:59.945 [main] AbstractEntityPersister -  Insert 0: insert into user (passWord, userName, userID) values (?, ?, ?)
[DEBUG] 2019-11-14 15:23:59.945 [main] AbstractEntityPersister -  Update 0: update user set passWord=?, userName=? where userID=?
[DEBUG] 2019-11-14 15:23:59.946 [main] AbstractEntityPersister -  Delete 0: delete from user where userID=?
[DEBUG] 2019-11-14 15:23:59.947 [main] AbstractEntityPersister -  Identity insert: insert into user (passWord, userName) values (?, ?)
[DEBUG] 2019-11-14 15:24:00.163 [main] QuerySpacesImpl - Adding QuerySpace : uid = <gen:0> -> org.hibernate.loader.plan.build.internal.spaces.EntityQuerySpaceImpl@3e6748ae]
[DEBUG] 2019-11-14 15:24:00.173 [main] MetamodelGraphWalker - Visiting attribute path : favorites
[DEBUG] 2019-11-14 15:24:00.227 [main] QuerySpacesImpl - Adding QuerySpace : uid = <gen:1> -> org.hibernate.loader.plan.build.internal.spaces.CollectionQuerySpaceImpl@73d62b5]
[DEBUG] 2019-11-14 15:24:00.246 [main] QuerySpacesImpl - Adding QuerySpace : uid = <gen:2> -> org.hibernate.loader.plan.build.internal.spaces.EntityQuerySpaceImpl@760f1081]
[DEBUG] 2019-11-14 15:24:00.256 [main] MetamodelGraphWalker - Visiting attribute path : favorites.availableLots
[DEBUG] 2019-11-14 15:24:00.256 [main] MetamodelGraphWalker - Visiting attribute path : favorites.description
[DEBUG] 2019-11-14 15:24:00.257 [main] MetamodelGraphWalker - Visiting attribute path : favorites.name
[DEBUG] 2019-11-14 15:24:00.257 [main] MetamodelGraphWalker - Visiting attribute path : favorites.parkingLotId
[DEBUG] 2019-11-14 15:24:00.258 [main] MetamodelGraphWalker - Visiting attribute path : favorites.price
[DEBUG] 2019-11-14 15:24:00.258 [main] MetamodelGraphWalker - Visiting attribute path : favorites.user
[DEBUG] 2019-11-14 15:24:00.259 [main] MetamodelGraphWalker - Property path deemed to be circular : favorites.user
[DEBUG] 2019-11-14 15:24:00.263 [main] MetamodelGraphWalker - Visiting attribute path : passWord
[DEBUG] 2019-11-14 15:24:00.263 [main] MetamodelGraphWalker - Visiting attribute path : userName
[DEBUG] 2019-11-14 15:24:00.264 [main] FetchStyleLoadPlanBuildingAssociationVisitationStrategy - Building LoadPlan...
[DEBUG] 2019-11-14 15:24:00.348 [main] LoadQueryJoinAndFetchProcessor - processing queryspace <gen:0>
[DEBUG] 2019-11-14 15:24:00.388 [main] LoadPlanTreePrinter - LoadPlan(entity=com.teamresistance.entity.User)
    - Returns
       - EntityReturnImpl(entity=com.teamresistance.entity.User, querySpaceUid=<gen:0>, path=com.teamresistance.entity.User)
          - CollectionAttributeFetchImpl(collection=com.teamresistance.entity.User.favorites, querySpaceUid=<gen:1>, path=com.teamresistance.entity.User.favorites)
             - (collection element) CollectionFetchableElementEntityGraph(entity=com.teamresistance.entity.Favorites, querySpaceUid=<gen:2>, path=com.teamresistance.entity.User.favorites.<elements>)
    - QuerySpaces
       - EntityQuerySpaceImpl(uid=<gen:0>, entity=com.teamresistance.entity.User)
          - SQL table alias mapping - user0_
          - alias suffix - 0_
          - suffixed key columns - {userID1_1_0_}
          - JOIN (JoinDefinedByMetadata(favorites)) : <gen:0> -> <gen:1>
             - CollectionQuerySpaceImpl(uid=<gen:1>, collection=com.teamresistance.entity.User.favorites)
                - SQL table alias mapping - favorites1_
                - alias suffix - 1_
                - suffixed key columns - {user_use7_0_1_}
                - entity-element alias suffix - 2_
                - 2_entity-element suffixed key columns - Id1_0_2_
                - JOIN (JoinDefinedByMetadata(elements)) : <gen:1> -> <gen:2>
                   - EntityQuerySpaceImpl(uid=<gen:2>, entity=com.teamresistance.entity.Favorites)
                      - SQL table alias mapping - favorites1_
                      - alias suffix - 2_
                      - suffixed key columns - {Id1_0_2_}

[DEBUG] 2019-11-14 15:24:00.402 [main] EntityLoader - Static select for entity com.teamresistance.entity.User [NONE]: select user0_.userID as userID1_1_0_, user0_.passWord as passWord2_1_0_, user0_.userName as userName3_1_0_, favorites1_.user_userID as user_use7_0_1_, favorites1_.Id as Id1_0_1_, favorites1_.Id as Id1_0_2_, favorites1_.available as availabl2_0_2_, favorites1_.description as descript3_0_2_, favorites1_.name as name4_0_2_, favorites1_.parkingLotId as parkingL5_0_2_, favorites1_.price as price6_0_2_, favorites1_.user_userID as user_use7_0_2_ from user user0_ left outer join favorites favorites1_ on user0_.userID=favorites1_.user_userID where user0_.userID=?
[DEBUG] 2019-11-14 15:24:00.404 [main] QuerySpacesImpl - Adding QuerySpace : uid = <gen:0> -> org.hibernate.loader.plan.build.internal.spaces.EntityQuerySpaceImpl@12567179]
[DEBUG] 2019-11-14 15:24:00.405 [main] MetamodelGraphWalker - Visiting attribute path : favorites
[DEBUG] 2019-11-14 15:24:00.406 [main] QuerySpacesImpl - Adding QuerySpace : uid = <gen:1> -> org.hibernate.loader.plan.build.internal.spaces.CollectionQuerySpaceImpl@7f42b194]
[DEBUG] 2019-11-14 15:24:00.406 [main] QuerySpacesImpl - Adding QuerySpace : uid = <gen:2> -> org.hibernate.loader.plan.build.internal.spaces.EntityQuerySpaceImpl@8eb6f9a]
[DEBUG] 2019-11-14 15:24:00.408 [main] MetamodelGraphWalker - Visiting attribute path : favorites.availableLots
[DEBUG] 2019-11-14 15:24:00.408 [main] MetamodelGraphWalker - Visiting attribute path : favorites.description
[DEBUG] 2019-11-14 15:24:00.409 [main] MetamodelGraphWalker - Visiting attribute path : favorites.name
[DEBUG] 2019-11-14 15:24:00.409 [main] MetamodelGraphWalker - Visiting attribute path : favorites.parkingLotId
[DEBUG] 2019-11-14 15:24:00.410 [main] MetamodelGraphWalker - Visiting attribute path : favorites.price
[DEBUG] 2019-11-14 15:24:00.410 [main] MetamodelGraphWalker - Visiting attribute path : favorites.user
[DEBUG] 2019-11-14 15:24:00.411 [main] MetamodelGraphWalker - Property path deemed to be circular : favorites.user
[DEBUG] 2019-11-14 15:24:00.411 [main] MetamodelGraphWalker - Visiting attribute path : passWord
[DEBUG] 2019-11-14 15:24:00.412 [main] MetamodelGraphWalker - Visiting attribute path : userName
[DEBUG] 2019-11-14 15:24:00.412 [main] FetchStyleLoadPlanBuildingAssociationVisitationStrategy - Building LoadPlan...
[DEBUG] 2019-11-14 15:24:00.414 [main] LoadQueryJoinAndFetchProcessor - processing queryspace <gen:0>
[DEBUG] 2019-11-14 15:24:00.422 [main] LoadPlanTreePrinter - LoadPlan(entity=com.teamresistance.entity.User)
    - Returns
       - EntityReturnImpl(entity=com.teamresistance.entity.User, querySpaceUid=<gen:0>, path=com.teamresistance.entity.User)
          - CollectionAttributeFetchImpl(collection=com.teamresistance.entity.User.favorites, querySpaceUid=<gen:1>, path=com.teamresistance.entity.User.favorites)
             - (collection element) CollectionFetchableElementEntityGraph(entity=com.teamresistance.entity.Favorites, querySpaceUid=<gen:2>, path=com.teamresistance.entity.User.favorites.<elements>)
    - QuerySpaces
       - EntityQuerySpaceImpl(uid=<gen:0>, entity=com.teamresistance.entity.User)
          - SQL table alias mapping - user0_
          - alias suffix - 0_
          - suffixed key columns - {userID1_1_0_}
          - JOIN (JoinDefinedByMetadata(favorites)) : <gen:0> -> <gen:1>
             - CollectionQuerySpaceImpl(uid=<gen:1>, collection=com.teamresistance.entity.User.favorites)
                - SQL table alias mapping - favorites1_
                - alias suffix - 1_
                - suffixed key columns - {user_use7_0_1_}
                - entity-element alias suffix - 2_
                - 2_entity-element suffixed key columns - Id1_0_2_
                - JOIN (JoinDefinedByMetadata(elements)) : <gen:1> -> <gen:2>
                   - EntityQuerySpaceImpl(uid=<gen:2>, entity=com.teamresistance.entity.Favorites)
                      - SQL table alias mapping - favorites1_
                      - alias suffix - 2_
                      - suffixed key columns - {Id1_0_2_}

[DEBUG] 2019-11-14 15:24:00.426 [main] EntityLoader - Static select for entity com.teamresistance.entity.User [READ]: select user0_.userID as userID1_1_0_, user0_.passWord as passWord2_1_0_, user0_.userName as userName3_1_0_, favorites1_.user_userID as user_use7_0_1_, favorites1_.Id as Id1_0_1_, favorites1_.Id as Id1_0_2_, favorites1_.available as availabl2_0_2_, favorites1_.description as descript3_0_2_, favorites1_.name as name4_0_2_, favorites1_.parkingLotId as parkingL5_0_2_, favorites1_.price as price6_0_2_, favorites1_.user_userID as user_use7_0_2_ from user user0_ left outer join favorites favorites1_ on user0_.userID=favorites1_.user_userID where user0_.userID=?
[DEBUG] 2019-11-14 15:24:00.514 [main] Loader - Static select for action ACTION_MERGE on entity com.teamresistance.entity.User: select user0_.userID as userID1_1_1_, user0_.passWord as passWord2_1_1_, user0_.userName as userName3_1_1_, favorites1_.user_userID as user_use7_0_3_, favorites1_.Id as Id1_0_3_, favorites1_.Id as Id1_0_0_, favorites1_.available as availabl2_0_0_, favorites1_.description as descript3_0_0_, favorites1_.name as name4_0_0_, favorites1_.parkingLotId as parkingL5_0_0_, favorites1_.price as price6_0_0_, favorites1_.user_userID as user_use7_0_0_ from user user0_ left outer join favorites favorites1_ on user0_.userID=favorites1_.user_userID where user0_.userID=?
[DEBUG] 2019-11-14 15:24:00.522 [main] Loader - Static select for action ACTION_REFRESH on entity com.teamresistance.entity.User: select user0_.userID as userID1_1_1_, user0_.passWord as passWord2_1_1_, user0_.userName as userName3_1_1_, favorites1_.user_userID as user_use7_0_3_, favorites1_.Id as Id1_0_3_, favorites1_.Id as Id1_0_0_, favorites1_.available as availabl2_0_0_, favorites1_.description as descript3_0_0_, favorites1_.name as name4_0_0_, favorites1_.parkingLotId as parkingL5_0_0_, favorites1_.price as price6_0_0_, favorites1_.user_userID as user_use7_0_0_ from user user0_ left outer join favorites favorites1_ on user0_.userID=favorites1_.user_userID where user0_.userID=?
[DEBUG] 2019-11-14 15:24:00.525 [main] AbstractEntityPersister - Static SQL for entity: com.teamresistance.entity.Favorites
[DEBUG] 2019-11-14 15:24:00.526 [main] AbstractEntityPersister -  Version select: select Id from favorites where Id =?
[DEBUG] 2019-11-14 15:24:00.527 [main] AbstractEntityPersister -  Snapshot select: select favorites_.Id, favorites_.available as availabl2_0_, favorites_.description as descript3_0_, favorites_.name as name4_0_, favorites_.parkingLotId as parkingL5_0_, favorites_.price as price6_0_, favorites_.user_userID as user_use7_0_ from favorites favorites_ where favorites_.Id=?
[DEBUG] 2019-11-14 15:24:00.527 [main] AbstractEntityPersister -  Insert 0: insert into favorites (available, description, name, parkingLotId, price, user_userID, Id) values (?, ?, ?, ?, ?, ?, ?)
[DEBUG] 2019-11-14 15:24:00.528 [main] AbstractEntityPersister -  Update 0: update favorites set available=?, description=?, name=?, parkingLotId=?, price=?, user_userID=? where Id=?
[DEBUG] 2019-11-14 15:24:00.529 [main] AbstractEntityPersister -  Delete 0: delete from favorites where Id=?
[DEBUG] 2019-11-14 15:24:00.529 [main] AbstractEntityPersister -  Identity insert: insert into favorites (available, description, name, parkingLotId, price, user_userID) values (?, ?, ?, ?, ?, ?)
[DEBUG] 2019-11-14 15:24:00.530 [main] QuerySpacesImpl - Adding QuerySpace : uid = <gen:0> -> org.hibernate.loader.plan.build.internal.spaces.EntityQuerySpaceImpl@1aedf08d]
[DEBUG] 2019-11-14 15:24:00.531 [main] MetamodelGraphWalker - Visiting attribute path : availableLots
[DEBUG] 2019-11-14 15:24:00.532 [main] MetamodelGraphWalker - Visiting attribute path : description
[DEBUG] 2019-11-14 15:24:00.532 [main] MetamodelGraphWalker - Visiting attribute path : name
[DEBUG] 2019-11-14 15:24:00.533 [main] MetamodelGraphWalker - Visiting attribute path : parkingLotId
[DEBUG] 2019-11-14 15:24:00.533 [main] MetamodelGraphWalker - Visiting attribute path : price
[DEBUG] 2019-11-14 15:24:00.534 [main] MetamodelGraphWalker - Visiting attribute path : user
[DEBUG] 2019-11-14 15:24:00.534 [main] QuerySpacesImpl - Adding QuerySpace : uid = <gen:1> -> org.hibernate.loader.plan.build.internal.spaces.EntityQuerySpaceImpl@b5d9f1e]
[DEBUG] 2019-11-14 15:24:00.538 [main] MetamodelGraphWalker - Visiting attribute path : user.favorites
[DEBUG] 2019-11-14 15:24:00.539 [main] MetamodelGraphWalker - Property path deemed to be circular : user.favorites
[DEBUG] 2019-11-14 15:24:00.539 [main] MetamodelGraphWalker - Visiting attribute path : user.passWord
[DEBUG] 2019-11-14 15:24:00.540 [main] MetamodelGraphWalker - Visiting attribute path : user.userName
[DEBUG] 2019-11-14 15:24:00.540 [main] FetchStyleLoadPlanBuildingAssociationVisitationStrategy - Building LoadPlan...
[DEBUG] 2019-11-14 15:24:00.542 [main] LoadQueryJoinAndFetchProcessor - processing queryspace <gen:0>
[DEBUG] 2019-11-14 15:24:00.547 [main] LoadPlanTreePrinter - LoadPlan(entity=com.teamresistance.entity.Favorites)
    - Returns
       - EntityReturnImpl(entity=com.teamresistance.entity.Favorites, querySpaceUid=<gen:0>, path=com.teamresistance.entity.Favorites)
          - EntityAttributeFetchImpl(entity=com.teamresistance.entity.User, querySpaceUid=<gen:1>, path=com.teamresistance.entity.Favorites.user)
    - QuerySpaces
       - EntityQuerySpaceImpl(uid=<gen:0>, entity=com.teamresistance.entity.Favorites)
          - SQL table alias mapping - favorites0_
          - alias suffix - 0_
          - suffixed key columns - {Id1_0_0_}
          - JOIN (JoinDefinedByMetadata(user)) : <gen:0> -> <gen:1>
             - EntityQuerySpaceImpl(uid=<gen:1>, entity=com.teamresistance.entity.User)
                - SQL table alias mapping - user1_
                - alias suffix - 1_
                - suffixed key columns - {userID1_1_1_}

[DEBUG] 2019-11-14 15:24:00.550 [main] EntityLoader - Static select for entity com.teamresistance.entity.Favorites [NONE]: select favorites0_.Id as Id1_0_0_, favorites0_.available as availabl2_0_0_, favorites0_.description as descript3_0_0_, favorites0_.name as name4_0_0_, favorites0_.parkingLotId as parkingL5_0_0_, favorites0_.price as price6_0_0_, favorites0_.user_userID as user_use7_0_0_, user1_.userID as userID1_1_1_, user1_.passWord as passWord2_1_1_, user1_.userName as userName3_1_1_ from favorites favorites0_ left outer join user user1_ on favorites0_.user_userID=user1_.userID where favorites0_.Id=?
[DEBUG] 2019-11-14 15:24:00.551 [main] QuerySpacesImpl - Adding QuerySpace : uid = <gen:0> -> org.hibernate.loader.plan.build.internal.spaces.EntityQuerySpaceImpl@4af7dd6a]
[DEBUG] 2019-11-14 15:24:00.552 [main] MetamodelGraphWalker - Visiting attribute path : availableLots
[DEBUG] 2019-11-14 15:24:00.553 [main] MetamodelGraphWalker - Visiting attribute path : description
[DEBUG] 2019-11-14 15:24:00.553 [main] MetamodelGraphWalker - Visiting attribute path : name
[DEBUG] 2019-11-14 15:24:00.554 [main] MetamodelGraphWalker - Visiting attribute path : parkingLotId
[DEBUG] 2019-11-14 15:24:00.554 [main] MetamodelGraphWalker - Visiting attribute path : price
[DEBUG] 2019-11-14 15:24:00.555 [main] MetamodelGraphWalker - Visiting attribute path : user
[DEBUG] 2019-11-14 15:24:00.555 [main] QuerySpacesImpl - Adding QuerySpace : uid = <gen:1> -> org.hibernate.loader.plan.build.internal.spaces.EntityQuerySpaceImpl@3b28b7b0]
[DEBUG] 2019-11-14 15:24:00.556 [main] MetamodelGraphWalker - Visiting attribute path : user.favorites
[DEBUG] 2019-11-14 15:24:00.557 [main] MetamodelGraphWalker - Property path deemed to be circular : user.favorites
[DEBUG] 2019-11-14 15:24:00.557 [main] MetamodelGraphWalker - Visiting attribute path : user.passWord
[DEBUG] 2019-11-14 15:24:00.558 [main] MetamodelGraphWalker - Visiting attribute path : user.userName
[DEBUG] 2019-11-14 15:24:00.558 [main] FetchStyleLoadPlanBuildingAssociationVisitationStrategy - Building LoadPlan...
[DEBUG] 2019-11-14 15:24:00.560 [main] LoadQueryJoinAndFetchProcessor - processing queryspace <gen:0>
[DEBUG] 2019-11-14 15:24:00.565 [main] LoadPlanTreePrinter - LoadPlan(entity=com.teamresistance.entity.Favorites)
    - Returns
       - EntityReturnImpl(entity=com.teamresistance.entity.Favorites, querySpaceUid=<gen:0>, path=com.teamresistance.entity.Favorites)
          - EntityAttributeFetchImpl(entity=com.teamresistance.entity.User, querySpaceUid=<gen:1>, path=com.teamresistance.entity.Favorites.user)
    - QuerySpaces
       - EntityQuerySpaceImpl(uid=<gen:0>, entity=com.teamresistance.entity.Favorites)
          - SQL table alias mapping - favorites0_
          - alias suffix - 0_
          - suffixed key columns - {Id1_0_0_}
          - JOIN (JoinDefinedByMetadata(user)) : <gen:0> -> <gen:1>
             - EntityQuerySpaceImpl(uid=<gen:1>, entity=com.teamresistance.entity.User)
                - SQL table alias mapping - user1_
                - alias suffix - 1_
                - suffixed key columns - {userID1_1_1_}

[DEBUG] 2019-11-14 15:24:00.568 [main] EntityLoader - Static select for entity com.teamresistance.entity.Favorites [READ]: select favorites0_.Id as Id1_0_0_, favorites0_.available as availabl2_0_0_, favorites0_.description as descript3_0_0_, favorites0_.name as name4_0_0_, favorites0_.parkingLotId as parkingL5_0_0_, favorites0_.price as price6_0_0_, favorites0_.user_userID as user_use7_0_0_, user1_.userID as userID1_1_1_, user1_.passWord as passWord2_1_1_, user1_.userName as userName3_1_1_ from favorites favorites0_ left outer join user user1_ on favorites0_.user_userID=user1_.userID where favorites0_.Id=?
[DEBUG] 2019-11-14 15:24:00.571 [main] Loader - Static select for action ACTION_MERGE on entity com.teamresistance.entity.Favorites: select favorites0_.Id as Id1_0_0_, favorites0_.available as availabl2_0_0_, favorites0_.description as descript3_0_0_, favorites0_.name as name4_0_0_, favorites0_.parkingLotId as parkingL5_0_0_, favorites0_.price as price6_0_0_, favorites0_.user_userID as user_use7_0_0_ from favorites favorites0_ where favorites0_.Id=?
[DEBUG] 2019-11-14 15:24:00.574 [main] Loader - Static select for action ACTION_REFRESH on entity com.teamresistance.entity.Favorites: select favorites0_.Id as Id1_0_0_, favorites0_.available as availabl2_0_0_, favorites0_.description as descript3_0_0_, favorites0_.name as name4_0_0_, favorites0_.parkingLotId as parkingL5_0_0_, favorites0_.price as price6_0_0_, favorites0_.user_userID as user_use7_0_0_ from favorites favorites0_ where favorites0_.Id=?
[DEBUG] 2019-11-14 15:24:00.634 [main] QuerySpacesImpl - Adding QuerySpace : uid = <gen:0> -> org.hibernate.loader.plan.build.internal.spaces.CollectionQuerySpaceImpl@2a136383]
[DEBUG] 2019-11-14 15:24:00.635 [main] QuerySpacesImpl - Adding QuerySpace : uid = <gen:1> -> org.hibernate.loader.plan.build.internal.spaces.EntityQuerySpaceImpl@b01cb8d]
[DEBUG] 2019-11-14 15:24:00.637 [main] MetamodelGraphWalker - Visiting attribute path : availableLots
[DEBUG] 2019-11-14 15:24:00.637 [main] MetamodelGraphWalker - Visiting attribute path : description
[DEBUG] 2019-11-14 15:24:00.638 [main] MetamodelGraphWalker - Visiting attribute path : name
[DEBUG] 2019-11-14 15:24:00.638 [main] MetamodelGraphWalker - Visiting attribute path : parkingLotId
[DEBUG] 2019-11-14 15:24:00.639 [main] MetamodelGraphWalker - Visiting attribute path : price
[DEBUG] 2019-11-14 15:24:00.639 [main] MetamodelGraphWalker - Visiting attribute path : user
[DEBUG] 2019-11-14 15:24:00.640 [main] MetamodelGraphWalker - Property path deemed to be circular : user
[DEBUG] 2019-11-14 15:24:00.641 [main] FetchStyleLoadPlanBuildingAssociationVisitationStrategy - Building LoadPlan...
[DEBUG] 2019-11-14 15:24:00.655 [main] LoadQueryJoinAndFetchProcessor - processing queryspace <gen:0>
[DEBUG] 2019-11-14 15:24:00.660 [main] LoadPlanTreePrinter - LoadPlan(collection=com.teamresistance.entity.User.favorites)
    - Returns
       - CollectionReturnImpl(collection=com.teamresistance.entity.User.favorites, querySpaceUid=<gen:0>, path=[com.teamresistance.entity.User.favorites])
          - (collection element) CollectionFetchableElementEntityGraph(entity=com.teamresistance.entity.Favorites, querySpaceUid=<gen:1>, path=[com.teamresistance.entity.User.favorites].<elements>)
    - QuerySpaces
       - CollectionQuerySpaceImpl(uid=<gen:0>, collection=com.teamresistance.entity.User.favorites)
          - SQL table alias mapping - favorites0_
          - alias suffix - 0_
          - suffixed key columns - {user_use7_0_0_}
          - entity-element alias suffix - 1_
          - 1_entity-element suffixed key columns - Id1_0_1_
          - JOIN (JoinDefinedByMetadata(elements)) : <gen:0> -> <gen:1>
             - EntityQuerySpaceImpl(uid=<gen:1>, entity=com.teamresistance.entity.Favorites)
                - SQL table alias mapping - favorites0_
                - alias suffix - 1_
                - suffixed key columns - {Id1_0_1_}

[DEBUG] 2019-11-14 15:24:00.667 [main] CollectionLoader - Static select for collection com.teamresistance.entity.User.favorites: select favorites0_.user_userID as user_use7_0_0_, favorites0_.Id as Id1_0_0_, favorites0_.Id as Id1_0_1_, favorites0_.available as availabl2_0_1_, favorites0_.description as descript3_0_1_, favorites0_.name as name4_0_1_, favorites0_.parkingLotId as parkingL5_0_1_, favorites0_.price as price6_0_1_, favorites0_.user_userID as user_use7_0_1_ from favorites favorites0_ where favorites0_.user_userID=?
[DEBUG] 2019-11-14 15:24:00.936 [main] SchemaManagementToolCoordinator - No actions specified; doing nothing
[DEBUG] 2019-11-14 15:24:00.936 [main] JtaPlatformInitiator - No JtaPlatform was specified, checking resolver
[DEBUG] 2019-11-14 15:24:00.940 [main] JtaPlatformResolverInitiator - No JtaPlatformResolver was specified, using default [org.hibernate.engine.transaction.jta.platform.internal.StandardJtaPlatformResolver]
[DEBUG] 2019-11-14 15:24:01.179 [main] StandardJtaPlatformResolver - Could not resolve JtaPlatform, using default [org.hibernate.engine.transaction.jta.platform.internal.NoJtaPlatform]
[INFO ] 2019-11-14 15:24:01.180 [main] JtaPlatformInitiator - HHH000490: Using JtaPlatform implementation: [org.hibernate.engine.transaction.jta.platform.internal.NoJtaPlatform]
[DEBUG] 2019-11-14 15:24:01.194 [main] NamedQueryRepository - Checking 0 named HQL queries
[DEBUG] 2019-11-14 15:24:01.195 [main] NamedQueryRepository - Checking 0 named SQL queries
[DEBUG] 2019-11-14 15:24:01.217 [main] SessionFactoryRegistry - Initializing SessionFactoryRegistry : org.hibernate.internal.SessionFactoryRegistry@641ed324
[DEBUG] 2019-11-14 15:24:01.234 [main] SessionFactoryRegistry - Registering SessionFactory: d3193a8c-f979-497d-8ad7-9a073f39badc (<unnamed>)
[DEBUG] 2019-11-14 15:24:01.235 [main] SessionFactoryRegistry - Not binding SessionFactory to JNDI, no JNDI name configured
[DEBUG] 2019-11-14 15:24:08.822 [main] StatisticsInitiator - Statistics initialized [enabled=false]
[DEBUG] 2019-11-14 15:24:17.819 [main] TransactionImpl - On TransactionImpl creation, JpaCompliance#isJpaTransactionComplianceEnabled == false
[DEBUG] 2019-11-14 15:24:17.824 [main] TransactionImpl - begin
[DEBUG] 2019-11-14 15:24:28.791 [main] ActionQueue - Executing identity-insert immediately
[DEBUG] 2019-11-14 15:24:28.858 [main] SQL - insert into favorites (available, description, name, parkingLotId, price, user_userID) values (?, ?, ?, ?, ?, ?)
[DEBUG] 2019-11-14 15:24:29.014 [main] SqlExceptionHelper - could not execute statement [n/a]
java.sql.SQLSyntaxErrorException: Unknown column 'user_userID' in 'field list'
	at com.mysql.cj.jdbc.exceptions.SQLError.createSQLException(SQLError.java:120) ~[mysql-connector-java-8.0.16.jar:8.0.16]
	at com.mysql.cj.jdbc.exceptions.SQLError.createSQLException(SQLError.java:97) ~[mysql-connector-java-8.0.16.jar:8.0.16]
	at com.mysql.cj.jdbc.exceptions.SQLExceptionsMapping.translateException(SQLExceptionsMapping.java:122) ~[mysql-connector-java-8.0.16.jar:8.0.16]
	at com.mysql.cj.jdbc.ClientPreparedStatement.executeInternal(ClientPreparedStatement.java:955) ~[mysql-connector-java-8.0.16.jar:8.0.16]
	at com.mysql.cj.jdbc.ClientPreparedStatement.executeUpdateInternal(ClientPreparedStatement.java:1094) ~[mysql-connector-java-8.0.16.jar:8.0.16]
	at com.mysql.cj.jdbc.ClientPreparedStatement.executeUpdateInternal(ClientPreparedStatement.java:1042) ~[mysql-connector-java-8.0.16.jar:8.0.16]
	at com.mysql.cj.jdbc.ClientPreparedStatement.executeLargeUpdate(ClientPreparedStatement.java:1345) ~[mysql-connector-java-8.0.16.jar:8.0.16]
	at com.mysql.cj.jdbc.ClientPreparedStatement.executeUpdate(ClientPreparedStatement.java:1027) ~[mysql-connector-java-8.0.16.jar:8.0.16]
	at com.mchange.v2.c3p0.impl.NewProxyPreparedStatement.executeUpdate(NewProxyPreparedStatement.java:410) ~[c3p0-0.9.5.3.jar:0.9.5.3]
	at org.hibernate.engine.jdbc.internal.ResultSetReturnImpl.executeUpdate(ResultSetReturnImpl.java:175) [hibernate-core-5.4.4.Final.jar:5.4.4.Final]
	at org.hibernate.dialect.identity.GetGeneratedKeysDelegate.executeAndExtract(GetGeneratedKeysDelegate.java:57) [hibernate-core-5.4.4.Final.jar:5.4.4.Final]
	at org.hibernate.id.insert.AbstractReturningDelegate.performInsert(AbstractReturningDelegate.java:43) [hibernate-core-5.4.4.Final.jar:5.4.4.Final]
	at org.hibernate.persister.entity.AbstractEntityPersister.insert(AbstractEntityPersister.java:3112) [hibernate-core-5.4.4.Final.jar:5.4.4.Final]
	at org.hibernate.persister.entity.AbstractEntityPersister.insert(AbstractEntityPersister.java:3705) [hibernate-core-5.4.4.Final.jar:5.4.4.Final]
	at org.hibernate.action.internal.EntityIdentityInsertAction.execute(EntityIdentityInsertAction.java:84) [hibernate-core-5.4.4.Final.jar:5.4.4.Final]
	at org.hibernate.engine.spi.ActionQueue.execute(ActionQueue.java:645) [hibernate-core-5.4.4.Final.jar:5.4.4.Final]
	at org.hibernate.engine.spi.ActionQueue.addResolvedEntityInsertAction(ActionQueue.java:282) [hibernate-core-5.4.4.Final.jar:5.4.4.Final]
	at org.hibernate.engine.spi.ActionQueue.addInsertAction(ActionQueue.java:263) [hibernate-core-5.4.4.Final.jar:5.4.4.Final]
	at org.hibernate.engine.spi.ActionQueue.addAction(ActionQueue.java:317) [hibernate-core-5.4.4.Final.jar:5.4.4.Final]
	at org.hibernate.event.internal.AbstractSaveEventListener.addInsertAction(AbstractSaveEventListener.java:335) [hibernate-core-5.4.4.Final.jar:5.4.4.Final]
	at org.hibernate.event.internal.AbstractSaveEventListener.performSaveOrReplicate(AbstractSaveEventListener.java:292) [hibernate-core-5.4.4.Final.jar:5.4.4.Final]
	at org.hibernate.event.internal.AbstractSaveEventListener.performSave(AbstractSaveEventListener.java:198) [hibernate-core-5.4.4.Final.jar:5.4.4.Final]
	at org.hibernate.event.internal.AbstractSaveEventListener.saveWithGeneratedId(AbstractSaveEventListener.java:128) [hibernate-core-5.4.4.Final.jar:5.4.4.Final]
	at org.hibernate.event.internal.DefaultSaveOrUpdateEventListener.saveWithGeneratedOrRequestedId(DefaultSaveOrUpdateEventListener.java:193) [hibernate-core-5.4.4.Final.jar:5.4.4.Final]
	at org.hibernate.event.internal.DefaultSaveEventListener.saveWithGeneratedOrRequestedId(DefaultSaveEventListener.java:38) [hibernate-core-5.4.4.Final.jar:5.4.4.Final]
	at org.hibernate.event.internal.DefaultSaveOrUpdateEventListener.entityIsTransient(DefaultSaveOrUpdateEventListener.java:178) [hibernate-core-5.4.4.Final.jar:5.4.4.Final]
	at org.hibernate.event.internal.DefaultSaveEventListener.performSaveOrUpdate(DefaultSaveEventListener.java:32) [hibernate-core-5.4.4.Final.jar:5.4.4.Final]
	at org.hibernate.event.internal.DefaultSaveOrUpdateEventListener.onSaveOrUpdate(DefaultSaveOrUpdateEventListener.java:75) [hibernate-core-5.4.4.Final.jar:5.4.4.Final]
	at org.hibernate.internal.SessionImpl.fireSave(SessionImpl.java:697) [hibernate-core-5.4.4.Final.jar:5.4.4.Final]
	at org.hibernate.internal.SessionImpl.save(SessionImpl.java:689) [hibernate-core-5.4.4.Final.jar:5.4.4.Final]
	at org.hibernate.internal.SessionImpl.save(SessionImpl.java:684) [hibernate-core-5.4.4.Final.jar:5.4.4.Final]
	at com.teamresistance.persistence.GenericDao.insert(GenericDao.java:72) [classes/:?]
	at com.teamresistance.service.FavoritesServiceTest.testInsert(FavoritesServiceTest.java:51) [test-classes/:?]
	at jdk.internal.reflect.NativeMethodAccessorImpl.invoke0(Native Method) ~[?:?]
	at jdk.internal.reflect.NativeMethodAccessorImpl.invoke(NativeMethodAccessorImpl.java:62) ~[?:?]
	at jdk.internal.reflect.DelegatingMethodAccessorImpl.invoke(DelegatingMethodAccessorImpl.java:43) ~[?:?]
	at java.lang.reflect.Method.invoke(Method.java:566) ~[?:?]
	at org.junit.platform.commons.util.ReflectionUtils.invokeMethod(ReflectionUtils.java:389) [junit-platform-commons-1.0.0.jar:1.0.0]
	at org.junit.jupiter.engine.execution.ExecutableInvoker.invoke(ExecutableInvoker.java:115) [junit-jupiter-engine-5.0.0.jar:5.0.0]
	at org.junit.jupiter.engine.descriptor.TestMethodTestDescriptor.lambda$invokeTestMethod$6(TestMethodTestDescriptor.java:167) [junit-jupiter-engine-5.0.0.jar:5.0.0]
	at org.junit.jupiter.engine.execution.ThrowableCollector.execute(ThrowableCollector.java:40) [junit-jupiter-engine-5.0.0.jar:5.0.0]
	at org.junit.jupiter.engine.descriptor.TestMethodTestDescriptor.invokeTestMethod(TestMethodTestDescriptor.java:163) [junit-jupiter-engine-5.0.0.jar:5.0.0]
	at org.junit.jupiter.engine.descriptor.TestMethodTestDescriptor.execute(TestMethodTestDescriptor.java:110) [junit-jupiter-engine-5.0.0.jar:5.0.0]
	at org.junit.jupiter.engine.descriptor.TestMethodTestDescriptor.execute(TestMethodTestDescriptor.java:57) [junit-jupiter-engine-5.0.0.jar:5.0.0]
	at org.junit.platform.engine.support.hierarchical.HierarchicalTestExecutor.lambda$execute$3(HierarchicalTestExecutor.java:83) [junit-platform-engine-1.0.0.jar:1.0.0]
	at org.junit.platform.engine.support.hierarchical.SingleTestExecutor.executeSafely(SingleTestExecutor.java:66) [junit-platform-engine-1.0.0.jar:1.0.0]
	at org.junit.platform.engine.support.hierarchical.HierarchicalTestExecutor.execute(HierarchicalTestExecutor.java:77) [junit-platform-engine-1.0.0.jar:1.0.0]
	at org.junit.platform.engine.support.hierarchical.HierarchicalTestExecutor.lambda$null$2(HierarchicalTestExecutor.java:92) [junit-platform-engine-1.0.0.jar:1.0.0]
	at java.util.stream.ForEachOps$ForEachOp$OfRef.accept(ForEachOps.java:183) [?:?]
	at java.util.stream.ReferencePipeline$2$1.accept(ReferencePipeline.java:177) [?:?]
	at java.util.Iterator.forEachRemaining(Iterator.java:133) [?:?]
	at java.util.Spliterators$IteratorSpliterator.forEachRemaining(Spliterators.java:1801) [?:?]
	at java.util.stream.AbstractPipeline.copyInto(AbstractPipeline.java:484) [?:?]
	at java.util.stream.AbstractPipeline.wrapAndCopyInto(AbstractPipeline.java:474) [?:?]
	at java.util.stream.ForEachOps$ForEachOp.evaluateSequential(ForEachOps.java:150) [?:?]
	at java.util.stream.ForEachOps$ForEachOp$OfRef.evaluateSequential(ForEachOps.java:173) [?:?]
	at java.util.stream.AbstractPipeline.evaluate(AbstractPipeline.java:234) [?:?]
	at java.util.stream.ReferencePipeline.forEach(ReferencePipeline.java:497) [?:?]
	at org.junit.platform.engine.support.hierarchical.HierarchicalTestExecutor.lambda$execute$3(HierarchicalTestExecutor.java:92) [junit-platform-engine-1.0.0.jar:1.0.0]
	at org.junit.platform.engine.support.hierarchical.SingleTestExecutor.executeSafely(SingleTestExecutor.java:66) [junit-platform-engine-1.0.0.jar:1.0.0]
	at org.junit.platform.engine.support.hierarchical.HierarchicalTestExecutor.execute(HierarchicalTestExecutor.java:77) [junit-platform-engine-1.0.0.jar:1.0.0]
	at org.junit.platform.engine.support.hierarchical.HierarchicalTestExecutor.lambda$null$2(HierarchicalTestExecutor.java:92) [junit-platform-engine-1.0.0.jar:1.0.0]
	at java.util.stream.ForEachOps$ForEachOp$OfRef.accept(ForEachOps.java:183) [?:?]
	at java.util.stream.ReferencePipeline$2$1.accept(ReferencePipeline.java:177) [?:?]
	at java.util.Iterator.forEachRemaining(Iterator.java:133) [?:?]
	at java.util.Spliterators$IteratorSpliterator.forEachRemaining(Spliterators.java:1801) [?:?]
	at java.util.stream.AbstractPipeline.copyInto(AbstractPipeline.java:484) [?:?]
	at java.util.stream.AbstractPipeline.wrapAndCopyInto(AbstractPipeline.java:474) [?:?]
	at java.util.stream.ForEachOps$ForEachOp.evaluateSequential(ForEachOps.java:150) [?:?]
	at java.util.stream.ForEachOps$ForEachOp$OfRef.evaluateSequential(ForEachOps.java:173) [?:?]
	at java.util.stream.AbstractPipeline.evaluate(AbstractPipeline.java:234) [?:?]
	at java.util.stream.ReferencePipeline.forEach(ReferencePipeline.java:497) [?:?]
	at org.junit.platform.engine.support.hierarchical.HierarchicalTestExecutor.lambda$execute$3(HierarchicalTestExecutor.java:92) [junit-platform-engine-1.0.0.jar:1.0.0]
	at org.junit.platform.engine.support.hierarchical.SingleTestExecutor.executeSafely(SingleTestExecutor.java:66) [junit-platform-engine-1.0.0.jar:1.0.0]
	at org.junit.platform.engine.support.hierarchical.HierarchicalTestExecutor.execute(HierarchicalTestExecutor.java:77) [junit-platform-engine-1.0.0.jar:1.0.0]
	at org.junit.platform.engine.support.hierarchical.HierarchicalTestExecutor.execute(HierarchicalTestExecutor.java:51) [junit-platform-engine-1.0.0.jar:1.0.0]
	at org.junit.platform.engine.support.hierarchical.HierarchicalTestEngine.execute(HierarchicalTestEngine.java:43) [junit-platform-engine-1.0.0.jar:1.0.0]
	at org.junit.platform.launcher.core.DefaultLauncher.execute(DefaultLauncher.java:170) [junit-platform-launcher-1.0.0.jar:1.0.0]
	at org.junit.platform.launcher.core.DefaultLauncher.execute(DefaultLauncher.java:154) [junit-platform-launcher-1.0.0.jar:1.0.0]
	at org.junit.platform.launcher.core.DefaultLauncher.execute(DefaultLauncher.java:90) [junit-platform-launcher-1.0.0.jar:1.0.0]
	at com.intellij.junit5.JUnit5IdeaTestRunner.startRunnerWithArgs(JUnit5IdeaTestRunner.java:69) [junit5-rt.jar:?]
	at com.intellij.rt.execution.junit.IdeaTestRunner$Repeater.startRunnerWithArgs(IdeaTestRunner.java:47) [junit-rt.jar:?]
	at com.intellij.rt.execution.junit.JUnitStarter.prepareStreamsAndStart(JUnitStarter.java:242) [junit-rt.jar:?]
	at com.intellij.rt.execution.junit.JUnitStarter.main(JUnitStarter.java:70) [junit-rt.jar:?]
[WARN ] 2019-11-14 15:24:29.063 [main] SqlExceptionHelper - SQL Error: 1054, SQLState: 42S22
[ERROR] 2019-11-14 15:24:29.064 [main] SqlExceptionHelper - Unknown column 'user_userID' in 'field list'
