[DEBUG] 2019-11-14 11:29:52.489 [http-nio-8080-exec-6] IntegratorServiceImpl - Adding Integrator [org.hibernate.cfg.beanvalidation.BeanValidationIntegrator].
[DEBUG] 2019-11-14 11:29:52.519 [http-nio-8080-exec-6] IntegratorServiceImpl - Adding Integrator [org.hibernate.secure.spi.JaccIntegrator].
[DEBUG] 2019-11-14 11:29:52.546 [http-nio-8080-exec-6] IntegratorServiceImpl - Adding Integrator [org.hibernate.cache.internal.CollectionCacheInvalidator].
[INFO ] 2019-11-14 11:29:52.788 [http-nio-8080-exec-6] Version - HHH000412: Hibernate Core {5.4.4.Final}
[DEBUG] 2019-11-14 11:29:52.798 [http-nio-8080-exec-6] Environment - HHH000206: hibernate.properties not found
[DEBUG] 2019-11-14 11:29:53.124 [http-nio-8080-exec-6] LocalXmlResourceResolver - Interpreting public/system identifier : [-//Hibernate/Hibernate Configuration DTD//EN] - [http://www.hibernate.org/dtd/hibernate-configuration-3.0.dtd]
[DEBUG] 2019-11-14 11:29:53.126 [http-nio-8080-exec-6] LocalXmlResourceResolver - Recognized hibernate-configuration identifier; attempting to resolve on classpath under org/hibernate/
[DEBUG] 2019-11-14 11:29:53.200 [http-nio-8080-exec-6] JaxbCfgProcessor - cfg.xml document did not define namespaces; wrapping in custom event reader to introduce namespace information
[DEBUG] 2019-11-14 11:29:54.000 [http-nio-8080-exec-6] ServiceBinding - Overriding existing service binding [org.hibernate.secure.spi.JaccService]
[DEBUG] 2019-11-14 11:29:54.047 [http-nio-8080-exec-6] RegionFactoryInitiator - Cannot default RegionFactory based on registered strategies as `[]` RegionFactory strategies were registered
[DEBUG] 2019-11-14 11:29:54.051 [http-nio-8080-exec-6] RegionFactoryInitiator - Cache region factory : org.hibernate.cache.internal.NoCachingRegionFactory
[INFO ] 2019-11-14 11:29:54.114 [http-nio-8080-exec-6] Version - HCANN000001: Hibernate Commons Annotations {5.1.0.Final}
[DEBUG] 2019-11-14 11:29:54.205 [http-nio-8080-exec-6] BasicTypeRegistry - Adding type registration boolean -> org.hibernate.type.BooleanType@6c5ae8b9
[DEBUG] 2019-11-14 11:29:54.205 [http-nio-8080-exec-6] BasicTypeRegistry - Adding type registration boolean -> org.hibernate.type.BooleanType@6c5ae8b9
[DEBUG] 2019-11-14 11:29:54.205 [http-nio-8080-exec-6] BasicTypeRegistry - Adding type registration java.lang.Boolean -> org.hibernate.type.BooleanType@6c5ae8b9
[DEBUG] 2019-11-14 11:29:54.209 [http-nio-8080-exec-6] BasicTypeRegistry - Adding type registration numeric_boolean -> org.hibernate.type.NumericBooleanType@507d924b
[DEBUG] 2019-11-14 11:29:54.209 [http-nio-8080-exec-6] BasicTypeRegistry - Adding type registration true_false -> org.hibernate.type.TrueFalseType@baf276f
[DEBUG] 2019-11-14 11:29:54.210 [http-nio-8080-exec-6] BasicTypeRegistry - Adding type registration yes_no -> org.hibernate.type.YesNoType@69a45c26
[DEBUG] 2019-11-14 11:29:54.212 [http-nio-8080-exec-6] BasicTypeRegistry - Adding type registration byte -> org.hibernate.type.ByteType@19856fd2
[DEBUG] 2019-11-14 11:29:54.212 [http-nio-8080-exec-6] BasicTypeRegistry - Adding type registration byte -> org.hibernate.type.ByteType@19856fd2
[DEBUG] 2019-11-14 11:29:54.212 [http-nio-8080-exec-6] BasicTypeRegistry - Adding type registration java.lang.Byte -> org.hibernate.type.ByteType@19856fd2
[DEBUG] 2019-11-14 11:29:54.214 [http-nio-8080-exec-6] BasicTypeRegistry - Adding type registration character -> org.hibernate.type.CharacterType@35ddc170
[DEBUG] 2019-11-14 11:29:54.215 [http-nio-8080-exec-6] BasicTypeRegistry - Adding type registration char -> org.hibernate.type.CharacterType@35ddc170
[DEBUG] 2019-11-14 11:29:54.215 [http-nio-8080-exec-6] BasicTypeRegistry - Adding type registration java.lang.Character -> org.hibernate.type.CharacterType@35ddc170
[DEBUG] 2019-11-14 11:29:54.218 [http-nio-8080-exec-6] BasicTypeRegistry - Adding type registration short -> org.hibernate.type.ShortType@64ef7840
[DEBUG] 2019-11-14 11:29:54.218 [http-nio-8080-exec-6] BasicTypeRegistry - Adding type registration short -> org.hibernate.type.ShortType@64ef7840
[DEBUG] 2019-11-14 11:29:54.218 [http-nio-8080-exec-6] BasicTypeRegistry - Adding type registration java.lang.Short -> org.hibernate.type.ShortType@64ef7840
[DEBUG] 2019-11-14 11:29:54.219 [http-nio-8080-exec-6] BasicTypeRegistry - Adding type registration integer -> org.hibernate.type.IntegerType@5506a99a
[DEBUG] 2019-11-14 11:29:54.220 [http-nio-8080-exec-6] BasicTypeRegistry - Adding type registration int -> org.hibernate.type.IntegerType@5506a99a
[DEBUG] 2019-11-14 11:29:54.220 [http-nio-8080-exec-6] BasicTypeRegistry - Adding type registration java.lang.Integer -> org.hibernate.type.IntegerType@5506a99a
[DEBUG] 2019-11-14 11:29:54.221 [http-nio-8080-exec-6] BasicTypeRegistry - Adding type registration long -> org.hibernate.type.LongType@445c83e7
[DEBUG] 2019-11-14 11:29:54.221 [http-nio-8080-exec-6] BasicTypeRegistry - Adding type registration long -> org.hibernate.type.LongType@445c83e7
[DEBUG] 2019-11-14 11:29:54.221 [http-nio-8080-exec-6] BasicTypeRegistry - Adding type registration java.lang.Long -> org.hibernate.type.LongType@445c83e7
[DEBUG] 2019-11-14 11:29:54.222 [http-nio-8080-exec-6] BasicTypeRegistry - Adding type registration float -> org.hibernate.type.FloatType@3b21ba55
[DEBUG] 2019-11-14 11:29:54.222 [http-nio-8080-exec-6] BasicTypeRegistry - Adding type registration float -> org.hibernate.type.FloatType@3b21ba55
[DEBUG] 2019-11-14 11:29:54.222 [http-nio-8080-exec-6] BasicTypeRegistry - Adding type registration java.lang.Float -> org.hibernate.type.FloatType@3b21ba55
[DEBUG] 2019-11-14 11:29:54.226 [http-nio-8080-exec-6] BasicTypeRegistry - Adding type registration double -> org.hibernate.type.DoubleType@6fedd4cf
[DEBUG] 2019-11-14 11:29:54.227 [http-nio-8080-exec-6] BasicTypeRegistry - Adding type registration double -> org.hibernate.type.DoubleType@6fedd4cf
[DEBUG] 2019-11-14 11:29:54.228 [http-nio-8080-exec-6] BasicTypeRegistry - Adding type registration java.lang.Double -> org.hibernate.type.DoubleType@6fedd4cf
[DEBUG] 2019-11-14 11:29:54.231 [http-nio-8080-exec-6] BasicTypeRegistry - Adding type registration big_decimal -> org.hibernate.type.BigDecimalType@741de03a
[DEBUG] 2019-11-14 11:29:54.231 [http-nio-8080-exec-6] BasicTypeRegistry - Adding type registration java.math.BigDecimal -> org.hibernate.type.BigDecimalType@741de03a
[DEBUG] 2019-11-14 11:29:54.232 [http-nio-8080-exec-6] BasicTypeRegistry - Adding type registration big_integer -> org.hibernate.type.BigIntegerType@477a4d57
[DEBUG] 2019-11-14 11:29:54.232 [http-nio-8080-exec-6] BasicTypeRegistry - Adding type registration java.math.BigInteger -> org.hibernate.type.BigIntegerType@477a4d57
[DEBUG] 2019-11-14 11:29:54.233 [http-nio-8080-exec-6] BasicTypeRegistry - Adding type registration string -> org.hibernate.type.StringType@3f5d1b13
[DEBUG] 2019-11-14 11:29:54.233 [http-nio-8080-exec-6] BasicTypeRegistry - Adding type registration java.lang.String -> org.hibernate.type.StringType@3f5d1b13
[DEBUG] 2019-11-14 11:29:54.233 [http-nio-8080-exec-6] BasicTypeRegistry - Adding type registration nstring -> org.hibernate.type.StringNVarcharType@5001773d
[DEBUG] 2019-11-14 11:29:54.239 [http-nio-8080-exec-6] BasicTypeRegistry - Adding type registration ncharacter -> org.hibernate.type.CharacterNCharType@6ee775bc
[DEBUG] 2019-11-14 11:29:54.240 [http-nio-8080-exec-6] BasicTypeRegistry - Adding type registration url -> org.hibernate.type.UrlType@6443b1d7
[DEBUG] 2019-11-14 11:29:54.241 [http-nio-8080-exec-6] BasicTypeRegistry - Adding type registration java.net.URL -> org.hibernate.type.UrlType@6443b1d7
[DEBUG] 2019-11-14 11:29:54.241 [http-nio-8080-exec-6] BasicTypeRegistry - Adding type registration Duration -> org.hibernate.type.DurationType@7f4c9639
[DEBUG] 2019-11-14 11:29:54.245 [http-nio-8080-exec-6] BasicTypeRegistry - Adding type registration java.time.Duration -> org.hibernate.type.DurationType@7f4c9639
[DEBUG] 2019-11-14 11:29:54.280 [http-nio-8080-exec-6] BasicTypeRegistry - Adding type registration Instant -> org.hibernate.type.InstantType@244f4e16
[DEBUG] 2019-11-14 11:29:54.280 [http-nio-8080-exec-6] BasicTypeRegistry - Adding type registration java.time.Instant -> org.hibernate.type.InstantType@244f4e16
[DEBUG] 2019-11-14 11:29:54.282 [http-nio-8080-exec-6] BasicTypeRegistry - Adding type registration LocalDateTime -> org.hibernate.type.LocalDateTimeType@18e31d9d
[DEBUG] 2019-11-14 11:29:54.283 [http-nio-8080-exec-6] BasicTypeRegistry - Adding type registration java.time.LocalDateTime -> org.hibernate.type.LocalDateTimeType@18e31d9d
[DEBUG] 2019-11-14 11:29:54.283 [http-nio-8080-exec-6] BasicTypeRegistry - Adding type registration LocalDate -> org.hibernate.type.LocalDateType@71e754bd
[DEBUG] 2019-11-14 11:29:54.284 [http-nio-8080-exec-6] BasicTypeRegistry - Adding type registration java.time.LocalDate -> org.hibernate.type.LocalDateType@71e754bd
[DEBUG] 2019-11-14 11:29:54.291 [http-nio-8080-exec-6] BasicTypeRegistry - Adding type registration LocalTime -> org.hibernate.type.LocalTimeType@631ddc44
[DEBUG] 2019-11-14 11:29:54.291 [http-nio-8080-exec-6] BasicTypeRegistry - Adding type registration java.time.LocalTime -> org.hibernate.type.LocalTimeType@631ddc44
[DEBUG] 2019-11-14 11:29:54.307 [http-nio-8080-exec-6] BasicTypeRegistry - Adding type registration OffsetDateTime -> org.hibernate.type.OffsetDateTimeType@7d629c16
[DEBUG] 2019-11-14 11:29:54.307 [http-nio-8080-exec-6] BasicTypeRegistry - Adding type registration java.time.OffsetDateTime -> org.hibernate.type.OffsetDateTimeType@7d629c16
[DEBUG] 2019-11-14 11:29:54.311 [http-nio-8080-exec-6] BasicTypeRegistry - Adding type registration OffsetTime -> org.hibernate.type.OffsetTimeType@765c0d0d
[DEBUG] 2019-11-14 11:29:54.311 [http-nio-8080-exec-6] BasicTypeRegistry - Adding type registration java.time.OffsetTime -> org.hibernate.type.OffsetTimeType@765c0d0d
[DEBUG] 2019-11-14 11:29:54.314 [http-nio-8080-exec-6] BasicTypeRegistry - Adding type registration ZonedDateTime -> org.hibernate.type.ZonedDateTimeType@1f6a3fe
[DEBUG] 2019-11-14 11:29:54.314 [http-nio-8080-exec-6] BasicTypeRegistry - Adding type registration java.time.ZonedDateTime -> org.hibernate.type.ZonedDateTimeType@1f6a3fe
[DEBUG] 2019-11-14 11:29:54.315 [http-nio-8080-exec-6] BasicTypeRegistry - Adding type registration date -> org.hibernate.type.DateType@2af5ddf3
[DEBUG] 2019-11-14 11:29:54.315 [http-nio-8080-exec-6] BasicTypeRegistry - Adding type registration java.sql.Date -> org.hibernate.type.DateType@2af5ddf3
[DEBUG] 2019-11-14 11:29:54.316 [http-nio-8080-exec-6] BasicTypeRegistry - Adding type registration time -> org.hibernate.type.TimeType@782ed6ad
[DEBUG] 2019-11-14 11:29:54.316 [http-nio-8080-exec-6] BasicTypeRegistry - Adding type registration java.sql.Time -> org.hibernate.type.TimeType@782ed6ad
[DEBUG] 2019-11-14 11:29:54.322 [http-nio-8080-exec-6] BasicTypeRegistry - Adding type registration timestamp -> org.hibernate.type.TimestampType@19073a0b
[DEBUG] 2019-11-14 11:29:54.322 [http-nio-8080-exec-6] BasicTypeRegistry - Adding type registration java.sql.Timestamp -> org.hibernate.type.TimestampType@19073a0b
[DEBUG] 2019-11-14 11:29:54.322 [http-nio-8080-exec-6] BasicTypeRegistry - Adding type registration java.util.Date -> org.hibernate.type.TimestampType@19073a0b
[DEBUG] 2019-11-14 11:29:54.325 [http-nio-8080-exec-6] BasicTypeRegistry - Adding type registration dbtimestamp -> org.hibernate.type.DbTimestampType@37862a5d
[DEBUG] 2019-11-14 11:29:54.328 [http-nio-8080-exec-6] BasicTypeRegistry - Adding type registration calendar -> org.hibernate.type.CalendarType@1ae189c2
[DEBUG] 2019-11-14 11:29:54.329 [http-nio-8080-exec-6] BasicTypeRegistry - Adding type registration java.util.Calendar -> org.hibernate.type.CalendarType@1ae189c2
[DEBUG] 2019-11-14 11:29:54.329 [http-nio-8080-exec-6] BasicTypeRegistry - Adding type registration java.util.GregorianCalendar -> org.hibernate.type.CalendarType@1ae189c2
[DEBUG] 2019-11-14 11:29:54.331 [http-nio-8080-exec-6] BasicTypeRegistry - Adding type registration calendar_date -> org.hibernate.type.CalendarDateType@6eafc9cd
[DEBUG] 2019-11-14 11:29:54.332 [http-nio-8080-exec-6] BasicTypeRegistry - Adding type registration locale -> org.hibernate.type.LocaleType@432e1719
[DEBUG] 2019-11-14 11:29:54.332 [http-nio-8080-exec-6] BasicTypeRegistry - Adding type registration java.util.Locale -> org.hibernate.type.LocaleType@432e1719
[DEBUG] 2019-11-14 11:29:54.334 [http-nio-8080-exec-6] BasicTypeRegistry - Adding type registration currency -> org.hibernate.type.CurrencyType@7a304bd0
[DEBUG] 2019-11-14 11:29:54.335 [http-nio-8080-exec-6] BasicTypeRegistry - Adding type registration java.util.Currency -> org.hibernate.type.CurrencyType@7a304bd0
[DEBUG] 2019-11-14 11:29:54.335 [http-nio-8080-exec-6] BasicTypeRegistry - Adding type registration timezone -> org.hibernate.type.TimeZoneType@2e92226e
[DEBUG] 2019-11-14 11:29:54.335 [http-nio-8080-exec-6] BasicTypeRegistry - Adding type registration java.util.TimeZone -> org.hibernate.type.TimeZoneType@2e92226e
[DEBUG] 2019-11-14 11:29:54.340 [http-nio-8080-exec-6] BasicTypeRegistry - Adding type registration class -> org.hibernate.type.ClassType@1b44ca0a
[DEBUG] 2019-11-14 11:29:54.340 [http-nio-8080-exec-6] BasicTypeRegistry - Adding type registration java.lang.Class -> org.hibernate.type.ClassType@1b44ca0a
[DEBUG] 2019-11-14 11:29:54.341 [http-nio-8080-exec-6] BasicTypeRegistry - Adding type registration uuid-binary -> org.hibernate.type.UUIDBinaryType@50d98d9d
[DEBUG] 2019-11-14 11:29:54.341 [http-nio-8080-exec-6] BasicTypeRegistry - Adding type registration java.util.UUID -> org.hibernate.type.UUIDBinaryType@50d98d9d
[DEBUG] 2019-11-14 11:29:54.343 [http-nio-8080-exec-6] BasicTypeRegistry - Adding type registration uuid-char -> org.hibernate.type.UUIDCharType@2c77059d
[DEBUG] 2019-11-14 11:29:54.344 [http-nio-8080-exec-6] BasicTypeRegistry - Adding type registration binary -> org.hibernate.type.BinaryType@6ce32dcb
[DEBUG] 2019-11-14 11:29:54.344 [http-nio-8080-exec-6] BasicTypeRegistry - Adding type registration byte[] -> org.hibernate.type.BinaryType@6ce32dcb
[DEBUG] 2019-11-14 11:29:54.344 [http-nio-8080-exec-6] BasicTypeRegistry - Adding type registration [B -> org.hibernate.type.BinaryType@6ce32dcb
[DEBUG] 2019-11-14 11:29:54.347 [http-nio-8080-exec-6] BasicTypeRegistry - Adding type registration wrapper-binary -> org.hibernate.type.WrapperBinaryType@1c67a1d6
[DEBUG] 2019-11-14 11:29:54.347 [http-nio-8080-exec-6] BasicTypeRegistry - Adding type registration Byte[] -> org.hibernate.type.WrapperBinaryType@1c67a1d6
[DEBUG] 2019-11-14 11:29:54.347 [http-nio-8080-exec-6] BasicTypeRegistry - Adding type registration [Ljava.lang.Byte; -> org.hibernate.type.WrapperBinaryType@1c67a1d6
[DEBUG] 2019-11-14 11:29:54.348 [http-nio-8080-exec-6] BasicTypeRegistry - Adding type registration row_version -> org.hibernate.type.RowVersionType@16768503
[DEBUG] 2019-11-14 11:29:54.350 [http-nio-8080-exec-6] BasicTypeRegistry - Adding type registration image -> org.hibernate.type.ImageType@6d0c1ccf
[DEBUG] 2019-11-14 11:29:54.352 [http-nio-8080-exec-6] BasicTypeRegistry - Adding type registration characters -> org.hibernate.type.CharArrayType@56ba03c0
[DEBUG] 2019-11-14 11:29:54.354 [http-nio-8080-exec-6] BasicTypeRegistry - Adding type registration char[] -> org.hibernate.type.CharArrayType@56ba03c0
[DEBUG] 2019-11-14 11:29:54.354 [http-nio-8080-exec-6] BasicTypeRegistry - Adding type registration [C -> org.hibernate.type.CharArrayType@56ba03c0
[DEBUG] 2019-11-14 11:29:54.357 [http-nio-8080-exec-6] BasicTypeRegistry - Adding type registration wrapper-characters -> org.hibernate.type.CharacterArrayType@3dfbc645
[DEBUG] 2019-11-14 11:29:54.357 [http-nio-8080-exec-6] BasicTypeRegistry - Adding type registration [Ljava.lang.Character; -> org.hibernate.type.CharacterArrayType@3dfbc645
[DEBUG] 2019-11-14 11:29:54.357 [http-nio-8080-exec-6] BasicTypeRegistry - Adding type registration Character[] -> org.hibernate.type.CharacterArrayType@3dfbc645
[DEBUG] 2019-11-14 11:29:54.358 [http-nio-8080-exec-6] BasicTypeRegistry - Adding type registration text -> org.hibernate.type.TextType@3cf4e286
[DEBUG] 2019-11-14 11:29:54.358 [http-nio-8080-exec-6] BasicTypeRegistry - Adding type registration ntext -> org.hibernate.type.NTextType@1e423a24
[DEBUG] 2019-11-14 11:29:54.361 [http-nio-8080-exec-6] BasicTypeRegistry - Adding type registration blob -> org.hibernate.type.BlobType@3218fd34
[DEBUG] 2019-11-14 11:29:54.362 [http-nio-8080-exec-6] BasicTypeRegistry - Adding type registration java.sql.Blob -> org.hibernate.type.BlobType@3218fd34
[DEBUG] 2019-11-14 11:29:54.363 [http-nio-8080-exec-6] BasicTypeRegistry - Adding type registration materialized_blob -> org.hibernate.type.MaterializedBlobType@5ada80f5
[DEBUG] 2019-11-14 11:29:54.366 [http-nio-8080-exec-6] BasicTypeRegistry - Adding type registration clob -> org.hibernate.type.ClobType@ee240a9
[DEBUG] 2019-11-14 11:29:54.366 [http-nio-8080-exec-6] BasicTypeRegistry - Adding type registration java.sql.Clob -> org.hibernate.type.ClobType@ee240a9
[DEBUG] 2019-11-14 11:29:54.370 [http-nio-8080-exec-6] BasicTypeRegistry - Adding type registration nclob -> org.hibernate.type.NClobType@590dedf9
[DEBUG] 2019-11-14 11:29:54.370 [http-nio-8080-exec-6] BasicTypeRegistry - Adding type registration java.sql.NClob -> org.hibernate.type.NClobType@590dedf9
[DEBUG] 2019-11-14 11:29:54.370 [http-nio-8080-exec-6] BasicTypeRegistry - Adding type registration materialized_clob -> org.hibernate.type.MaterializedClobType@32390916
[DEBUG] 2019-11-14 11:29:54.370 [http-nio-8080-exec-6] BasicTypeRegistry - Adding type registration materialized_nclob -> org.hibernate.type.MaterializedNClobType@fa84e8c
[DEBUG] 2019-11-14 11:29:54.376 [http-nio-8080-exec-6] BasicTypeRegistry - Adding type registration serializable -> org.hibernate.type.SerializableType@21df6e5
[DEBUG] 2019-11-14 11:29:54.391 [http-nio-8080-exec-6] BasicTypeRegistry - Adding type registration object -> org.hibernate.type.ObjectType@a44358a
[DEBUG] 2019-11-14 11:29:54.391 [http-nio-8080-exec-6] BasicTypeRegistry - Adding type registration java.lang.Object -> org.hibernate.type.ObjectType@a44358a
[DEBUG] 2019-11-14 11:29:54.393 [http-nio-8080-exec-6] BasicTypeRegistry - Adding type registration imm_date -> org.hibernate.type.AdaptedImmutableType@3951bc1
[DEBUG] 2019-11-14 11:29:54.393 [http-nio-8080-exec-6] BasicTypeRegistry - Adding type registration imm_time -> org.hibernate.type.AdaptedImmutableType@3e8bfa73
[DEBUG] 2019-11-14 11:29:54.393 [http-nio-8080-exec-6] BasicTypeRegistry - Adding type registration imm_timestamp -> org.hibernate.type.AdaptedImmutableType@1a1cfb4b
[DEBUG] 2019-11-14 11:29:54.393 [http-nio-8080-exec-6] BasicTypeRegistry - Adding type registration imm_dbtimestamp -> org.hibernate.type.AdaptedImmutableType@6cf940f
[DEBUG] 2019-11-14 11:29:54.393 [http-nio-8080-exec-6] BasicTypeRegistry - Adding type registration imm_calendar -> org.hibernate.type.AdaptedImmutableType@2dafcc04
[DEBUG] 2019-11-14 11:29:54.400 [http-nio-8080-exec-6] BasicTypeRegistry - Adding type registration imm_calendar_date -> org.hibernate.type.AdaptedImmutableType@4c96f3a0
[DEBUG] 2019-11-14 11:29:54.400 [http-nio-8080-exec-6] BasicTypeRegistry - Adding type registration imm_binary -> org.hibernate.type.AdaptedImmutableType@312d9fda
[DEBUG] 2019-11-14 11:29:54.400 [http-nio-8080-exec-6] BasicTypeRegistry - Adding type registration imm_serializable -> org.hibernate.type.AdaptedImmutableType@4b381a1c
[DEBUG] 2019-11-14 11:29:54.544 [http-nio-8080-exec-6] DefaultIdentifierGeneratorFactory - Registering IdentifierGenerator strategy [uuid2] -> [org.hibernate.id.UUIDGenerator]
[DEBUG] 2019-11-14 11:29:54.544 [http-nio-8080-exec-6] DefaultIdentifierGeneratorFactory - Registering IdentifierGenerator strategy [guid] -> [org.hibernate.id.GUIDGenerator]
[DEBUG] 2019-11-14 11:29:54.545 [http-nio-8080-exec-6] DefaultIdentifierGeneratorFactory - Registering IdentifierGenerator strategy [uuid] -> [org.hibernate.id.UUIDHexGenerator]
[DEBUG] 2019-11-14 11:29:54.580 [http-nio-8080-exec-6] DefaultIdentifierGeneratorFactory - Registering IdentifierGenerator strategy [uuid.hex] -> [org.hibernate.id.UUIDHexGenerator]
[DEBUG] 2019-11-14 11:29:54.583 [http-nio-8080-exec-6] DefaultIdentifierGeneratorFactory - Registering IdentifierGenerator strategy [assigned] -> [org.hibernate.id.Assigned]
[DEBUG] 2019-11-14 11:29:54.584 [http-nio-8080-exec-6] DefaultIdentifierGeneratorFactory - Registering IdentifierGenerator strategy [identity] -> [org.hibernate.id.IdentityGenerator]
[DEBUG] 2019-11-14 11:29:54.586 [http-nio-8080-exec-6] DefaultIdentifierGeneratorFactory - Registering IdentifierGenerator strategy [select] -> [org.hibernate.id.SelectGenerator]
[DEBUG] 2019-11-14 11:29:54.587 [http-nio-8080-exec-6] DefaultIdentifierGeneratorFactory - Registering IdentifierGenerator strategy [sequence] -> [org.hibernate.id.enhanced.SequenceStyleGenerator]
[DEBUG] 2019-11-14 11:29:54.588 [http-nio-8080-exec-6] DefaultIdentifierGeneratorFactory - Registering IdentifierGenerator strategy [seqhilo] -> [org.hibernate.id.SequenceHiLoGenerator]
[DEBUG] 2019-11-14 11:29:54.588 [http-nio-8080-exec-6] DefaultIdentifierGeneratorFactory - Registering IdentifierGenerator strategy [increment] -> [org.hibernate.id.IncrementGenerator]
[DEBUG] 2019-11-14 11:29:54.589 [http-nio-8080-exec-6] DefaultIdentifierGeneratorFactory - Registering IdentifierGenerator strategy [foreign] -> [org.hibernate.id.ForeignGenerator]
[DEBUG] 2019-11-14 11:29:54.589 [http-nio-8080-exec-6] DefaultIdentifierGeneratorFactory - Registering IdentifierGenerator strategy [sequence-identity] -> [org.hibernate.id.SequenceIdentityGenerator]
[DEBUG] 2019-11-14 11:29:54.589 [http-nio-8080-exec-6] DefaultIdentifierGeneratorFactory - Registering IdentifierGenerator strategy [enhanced-sequence] -> [org.hibernate.id.enhanced.SequenceStyleGenerator]
[DEBUG] 2019-11-14 11:29:54.590 [http-nio-8080-exec-6] DefaultIdentifierGeneratorFactory - Registering IdentifierGenerator strategy [enhanced-table] -> [org.hibernate.id.enhanced.TableGenerator]
[INFO ] 2019-11-14 11:29:54.618 [http-nio-8080-exec-6] C3P0ConnectionProvider - HHH010002: C3P0 using driver: com.mysql.cj.jdbc.Driver at URL: jdbc:mysql://localhost:3306/favorite_places
[INFO ] 2019-11-14 11:29:54.619 [http-nio-8080-exec-6] C3P0ConnectionProvider - HHH10001001: Connection properties: {password=****, user=root}
[INFO ] 2019-11-14 11:29:54.619 [http-nio-8080-exec-6] C3P0ConnectionProvider - HHH10001003: Autocommit mode: false
[INFO ] 2019-11-14 11:29:55.717 [http-nio-8080-exec-6] C3P0ConnectionProvider - HHH10001007: JDBC isolation level: <unknown>
[DEBUG] 2019-11-14 11:29:56.275 [http-nio-8080-exec-6] JdbcEnvironmentInitiator - Database ->
       name : MySQL
    version : 8.0.17
      major : 8
      minor : 0
[DEBUG] 2019-11-14 11:29:56.278 [http-nio-8080-exec-6] JdbcEnvironmentInitiator - Driver ->
       name : MySQL Connector/J
    version : mysql-connector-java-8.0.16 (Revision: 34cbc6bc61f72836e26327537a432d6db7c77de6)
      major : 8
      minor : 0
[DEBUG] 2019-11-14 11:29:56.278 [http-nio-8080-exec-6] JdbcEnvironmentInitiator - JDBC version : 4.2
[INFO ] 2019-11-14 11:29:56.355 [http-nio-8080-exec-6] Dialect - HHH000400: Using dialect: org.hibernate.dialect.MySQL8Dialect
[DEBUG] 2019-11-14 11:29:56.414 [http-nio-8080-exec-6] IdentifierHelperBuilder - JDBC driver metadata reported database stores quoted identifiers in more than one case
[DEBUG] 2019-11-14 11:29:56.518 [http-nio-8080-exec-6] IdentifierHelperBuilder - IdentifierCaseStrategy for both quoted and unquoted identifiers was set to the same strategy [MIXED]; that will likely lead to problems in schema update and validation if using quoted identifiers
[DEBUG] 2019-11-14 11:29:56.619 [http-nio-8080-exec-6] Namespace - Created database namespace [logicalName=Name{catalog=null, schema=null}, physicalName=Name{catalog=null, schema=null}]
[DEBUG] 2019-11-14 11:29:56.635 [http-nio-8080-exec-6] TypeConfiguration$Scope - Scoping TypeConfiguration [org.hibernate.type.spi.TypeConfiguration@366ba373] to MetadataBuildingContext [org.hibernate.boot.internal.MetadataBuildingContextRootImpl@341d60a3]
[DEBUG] 2019-11-14 11:29:56.764 [http-nio-8080-exec-6] AnnotationBinder - Binding entity from annotated class: com.teamresistance.entity.Favorites
[DEBUG] 2019-11-14 11:29:56.831 [http-nio-8080-exec-6] Ejb3Column - Binding column: Ejb3DiscriminatorColumn{logicalColumnName'DTYPE', discriminatorTypeName='string'}
[DEBUG] 2019-11-14 11:29:56.847 [http-nio-8080-exec-6] EntityBinder - Import with entity name Favorites
[DEBUG] 2019-11-14 11:29:56.857 [http-nio-8080-exec-6] EntityBinder - Bind entity com.teamresistance.entity.Favorites on table favorites
[DEBUG] 2019-11-14 11:29:56.928 [http-nio-8080-exec-6] Ejb3Column - Binding column: Ejb3Column{table=org.hibernate.mapping.Table(favorites), mappingColumn=Id, insertable=true, updatable=true, unique=false}
[DEBUG] 2019-11-14 11:29:56.941 [http-nio-8080-exec-6] PropertyBinder - MetadataSourceProcessor property Id with lazy=false
[DEBUG] 2019-11-14 11:29:56.946 [http-nio-8080-exec-6] AbstractPropertyHolder - Attempting to locate auto-apply AttributeConverter for property [com.teamresistance.entity.Favorites:Id]
[DEBUG] 2019-11-14 11:29:56.953 [http-nio-8080-exec-6] SimpleValueBinder - building SimpleValue for Id
[DEBUG] 2019-11-14 11:29:56.958 [http-nio-8080-exec-6] PropertyBinder - Building property Id
[DEBUG] 2019-11-14 11:29:56.967 [http-nio-8080-exec-6] BinderHelper - #makeIdGenerator(org.hibernate.mapping.SimpleValue([org.hibernate.mapping.Column(Id)]), Id, org.hibernate.id.enhanced.SequenceStyleGenerator, native, ...)
[DEBUG] 2019-11-14 11:29:56.971 [http-nio-8080-exec-6] Ejb3Column - Binding column: Ejb3Column{table=org.hibernate.mapping.Table(favorites), mappingColumn=available, insertable=true, updatable=true, unique=false}
[DEBUG] 2019-11-14 11:29:56.974 [http-nio-8080-exec-6] PropertyBinder - MetadataSourceProcessor property availableLots with lazy=false
[DEBUG] 2019-11-14 11:29:56.974 [http-nio-8080-exec-6] AbstractPropertyHolder - Attempting to locate auto-apply AttributeConverter for property [com.teamresistance.entity.Favorites:availableLots]
[DEBUG] 2019-11-14 11:29:56.974 [http-nio-8080-exec-6] SimpleValueBinder - building SimpleValue for availableLots
[DEBUG] 2019-11-14 11:29:56.974 [http-nio-8080-exec-6] PropertyBinder - Building property availableLots
[DEBUG] 2019-11-14 11:29:56.975 [http-nio-8080-exec-6] Ejb3Column - Binding column: Ejb3Column{table=org.hibernate.mapping.Table(favorites), mappingColumn=description, insertable=true, updatable=true, unique=false}
[DEBUG] 2019-11-14 11:29:56.975 [http-nio-8080-exec-6] PropertyBinder - MetadataSourceProcessor property description with lazy=false
[DEBUG] 2019-11-14 11:29:56.975 [http-nio-8080-exec-6] AbstractPropertyHolder - Attempting to locate auto-apply AttributeConverter for property [com.teamresistance.entity.Favorites:description]
[DEBUG] 2019-11-14 11:29:56.975 [http-nio-8080-exec-6] SimpleValueBinder - building SimpleValue for description
[DEBUG] 2019-11-14 11:29:56.975 [http-nio-8080-exec-6] PropertyBinder - Building property description
[DEBUG] 2019-11-14 11:29:56.975 [http-nio-8080-exec-6] Ejb3Column - Binding column: Ejb3Column{table=org.hibernate.mapping.Table(favorites), mappingColumn=name, insertable=true, updatable=true, unique=false}
[DEBUG] 2019-11-14 11:29:56.976 [http-nio-8080-exec-6] PropertyBinder - MetadataSourceProcessor property name with lazy=false
[DEBUG] 2019-11-14 11:29:56.976 [http-nio-8080-exec-6] AbstractPropertyHolder - Attempting to locate auto-apply AttributeConverter for property [com.teamresistance.entity.Favorites:name]
[DEBUG] 2019-11-14 11:29:56.976 [http-nio-8080-exec-6] SimpleValueBinder - building SimpleValue for name
[DEBUG] 2019-11-14 11:29:56.976 [http-nio-8080-exec-6] PropertyBinder - Building property name
[DEBUG] 2019-11-14 11:29:56.976 [http-nio-8080-exec-6] Ejb3Column - Binding column: Ejb3Column{table=org.hibernate.mapping.Table(favorites), mappingColumn=parkingLotId, insertable=true, updatable=true, unique=false}
[DEBUG] 2019-11-14 11:29:56.977 [http-nio-8080-exec-6] PropertyBinder - MetadataSourceProcessor property parkingLotId with lazy=false
[DEBUG] 2019-11-14 11:29:56.979 [http-nio-8080-exec-6] AbstractPropertyHolder - Attempting to locate auto-apply AttributeConverter for property [com.teamresistance.entity.Favorites:parkingLotId]
[DEBUG] 2019-11-14 11:29:56.979 [http-nio-8080-exec-6] SimpleValueBinder - building SimpleValue for parkingLotId
[DEBUG] 2019-11-14 11:29:56.982 [http-nio-8080-exec-6] PropertyBinder - Building property parkingLotId
[DEBUG] 2019-11-14 11:29:56.982 [http-nio-8080-exec-6] Ejb3Column - Binding column: Ejb3Column{table=org.hibernate.mapping.Table(favorites), mappingColumn=price, insertable=true, updatable=true, unique=false}
[DEBUG] 2019-11-14 11:29:56.983 [http-nio-8080-exec-6] PropertyBinder - MetadataSourceProcessor property price with lazy=false
[DEBUG] 2019-11-14 11:29:56.983 [http-nio-8080-exec-6] AbstractPropertyHolder - Attempting to locate auto-apply AttributeConverter for property [com.teamresistance.entity.Favorites:price]
[DEBUG] 2019-11-14 11:29:56.983 [http-nio-8080-exec-6] SimpleValueBinder - building SimpleValue for price
[DEBUG] 2019-11-14 11:29:56.983 [http-nio-8080-exec-6] PropertyBinder - Building property price
[DEBUG] 2019-11-14 11:29:56.986 [http-nio-8080-exec-6] Ejb3Column - Binding column: Ejb3JoinColumn{logicalColumnName='null', referencedColumn='null', mappedBy='null'}
[DEBUG] 2019-11-14 11:29:56.987 [http-nio-8080-exec-6] Ejb3Column - Binding column: Ejb3Column{table=org.hibernate.mapping.Table(favorites), mappingColumn=user, insertable=true, updatable=true, unique=false}
[DEBUG] 2019-11-14 11:29:56.995 [http-nio-8080-exec-6] PropertyBinder - Building property user
[DEBUG] 2019-11-14 11:29:56.997 [http-nio-8080-exec-6] AnnotationBinder - Binding entity from annotated class: com.teamresistance.entity.User
[DEBUG] 2019-11-14 11:29:56.997 [http-nio-8080-exec-6] Ejb3Column - Binding column: Ejb3DiscriminatorColumn{logicalColumnName'DTYPE', discriminatorTypeName='string'}
[DEBUG] 2019-11-14 11:29:57.000 [http-nio-8080-exec-6] EntityBinder - Import with entity name User
[DEBUG] 2019-11-14 11:29:57.000 [http-nio-8080-exec-6] EntityBinder - Bind entity com.teamresistance.entity.User on table user
[DEBUG] 2019-11-14 11:29:57.021 [http-nio-8080-exec-6] Ejb3Column - Binding column: Ejb3Column{table=org.hibernate.mapping.Table(user), mappingColumn=userID, insertable=true, updatable=true, unique=false}
[DEBUG] 2019-11-14 11:29:57.021 [http-nio-8080-exec-6] PropertyBinder - MetadataSourceProcessor property userID with lazy=false
[DEBUG] 2019-11-14 11:29:57.021 [http-nio-8080-exec-6] AbstractPropertyHolder - Attempting to locate auto-apply AttributeConverter for property [com.teamresistance.entity.User:userID]
[DEBUG] 2019-11-14 11:29:57.021 [http-nio-8080-exec-6] SimpleValueBinder - building SimpleValue for userID
[DEBUG] 2019-11-14 11:29:57.021 [http-nio-8080-exec-6] PropertyBinder - Building property userID
[DEBUG] 2019-11-14 11:29:57.022 [http-nio-8080-exec-6] BinderHelper - #makeIdGenerator(org.hibernate.mapping.SimpleValue([org.hibernate.mapping.Column(userID)]), userID, org.hibernate.id.enhanced.SequenceStyleGenerator, native, ...)
[DEBUG] 2019-11-14 11:29:57.023 [http-nio-8080-exec-6] Ejb3Column - Binding column: Ejb3JoinColumn{logicalColumnName='null', referencedColumn='null', mappedBy='user'}
[DEBUG] 2019-11-14 11:29:57.023 [http-nio-8080-exec-6] Ejb3Column - Binding column: Ejb3Column{table=org.hibernate.mapping.Table(user), mappingColumn=favorites, insertable=true, updatable=true, unique=false}
[DEBUG] 2019-11-14 11:29:57.036 [http-nio-8080-exec-6] Ejb3Column - Binding column: Ejb3Column{table=org.hibernate.mapping.Table(user), mappingColumn=null, insertable=true, updatable=true, unique=false}
[DEBUG] 2019-11-14 11:29:57.058 [http-nio-8080-exec-6] Ejb3Column - Binding column: Ejb3Column{table=org.hibernate.mapping.Table(user), mappingColumn=element, insertable=true, updatable=true, unique=false}
[DEBUG] 2019-11-14 11:29:57.058 [http-nio-8080-exec-6] Ejb3Column - Binding column: Ejb3Column{table=org.hibernate.mapping.Table(user), mappingColumn=favorites_KEY, insertable=true, updatable=true, unique=false}
[DEBUG] 2019-11-14 11:29:57.062 [http-nio-8080-exec-6] Ejb3Column - Binding column: Ejb3JoinColumn{logicalColumnName='favorites_KEY', referencedColumn='null', mappedBy='null'}
[DEBUG] 2019-11-14 11:29:57.063 [http-nio-8080-exec-6] Ejb3Column - Binding column: Ejb3JoinColumn{logicalColumnName='null', referencedColumn='null', mappedBy='user'}
[DEBUG] 2019-11-14 11:29:57.063 [http-nio-8080-exec-6] Ejb3Column - Binding column: Ejb3JoinColumn{logicalColumnName='null', referencedColumn='null', mappedBy='user'}
[DEBUG] 2019-11-14 11:29:57.064 [http-nio-8080-exec-6] CollectionBinder - Collection role: com.teamresistance.entity.User.favorites
[DEBUG] 2019-11-14 11:29:57.072 [http-nio-8080-exec-6] PropertyBinder - Building property favorites
[DEBUG] 2019-11-14 11:29:57.073 [http-nio-8080-exec-6] Ejb3Column - Binding column: Ejb3Column{table=org.hibernate.mapping.Table(user), mappingColumn=passWord, insertable=true, updatable=true, unique=false}
[DEBUG] 2019-11-14 11:29:57.073 [http-nio-8080-exec-6] PropertyBinder - MetadataSourceProcessor property passWord with lazy=false
[DEBUG] 2019-11-14 11:29:57.073 [http-nio-8080-exec-6] AbstractPropertyHolder - Attempting to locate auto-apply AttributeConverter for property [com.teamresistance.entity.User:passWord]
[DEBUG] 2019-11-14 11:29:57.074 [http-nio-8080-exec-6] SimpleValueBinder - building SimpleValue for passWord
[DEBUG] 2019-11-14 11:29:57.075 [http-nio-8080-exec-6] PropertyBinder - Building property passWord
[DEBUG] 2019-11-14 11:29:57.076 [http-nio-8080-exec-6] Ejb3Column - Binding column: Ejb3Column{table=org.hibernate.mapping.Table(user), mappingColumn=userName, insertable=true, updatable=true, unique=false}
[DEBUG] 2019-11-14 11:29:57.076 [http-nio-8080-exec-6] PropertyBinder - MetadataSourceProcessor property userName with lazy=false
[DEBUG] 2019-11-14 11:29:57.076 [http-nio-8080-exec-6] AbstractPropertyHolder - Attempting to locate auto-apply AttributeConverter for property [com.teamresistance.entity.User:userName]
[DEBUG] 2019-11-14 11:29:57.076 [http-nio-8080-exec-6] SimpleValueBinder - building SimpleValue for userName
[DEBUG] 2019-11-14 11:29:57.076 [http-nio-8080-exec-6] PropertyBinder - Building property userName
[DEBUG] 2019-11-14 11:29:57.077 [http-nio-8080-exec-6] SimpleValueBinder - Starting fillSimpleValue for Id
[DEBUG] 2019-11-14 11:29:57.081 [http-nio-8080-exec-6] SimpleValueBinder - Starting fillSimpleValue for availableLots
[DEBUG] 2019-11-14 11:29:57.082 [http-nio-8080-exec-6] SimpleValueBinder - Starting fillSimpleValue for description
[DEBUG] 2019-11-14 11:29:57.082 [http-nio-8080-exec-6] SimpleValueBinder - Starting fillSimpleValue for name
[DEBUG] 2019-11-14 11:29:57.082 [http-nio-8080-exec-6] SimpleValueBinder - Starting fillSimpleValue for parkingLotId
[DEBUG] 2019-11-14 11:29:57.082 [http-nio-8080-exec-6] SimpleValueBinder - Starting fillSimpleValue for price
[DEBUG] 2019-11-14 11:29:57.082 [http-nio-8080-exec-6] SimpleValueBinder - Starting fillSimpleValue for userID
[DEBUG] 2019-11-14 11:29:57.082 [http-nio-8080-exec-6] SimpleValueBinder - Starting fillSimpleValue for passWord
[DEBUG] 2019-11-14 11:29:57.082 [http-nio-8080-exec-6] SimpleValueBinder - Starting fillSimpleValue for userName
[DEBUG] 2019-11-14 11:29:57.094 [http-nio-8080-exec-6] PrimaryKey - Forcing column [id] to be non-null as it is part of the primary key for table [favorites]
[DEBUG] 2019-11-14 11:29:57.095 [http-nio-8080-exec-6] PrimaryKey - Forcing column [userid] to be non-null as it is part of the primary key for table [user]
[DEBUG] 2019-11-14 11:29:57.095 [http-nio-8080-exec-6] CollectionSecondPass - Second pass for collection: com.teamresistance.entity.User.favorites
[DEBUG] 2019-11-14 11:29:57.097 [http-nio-8080-exec-6] CollectionBinder - Binding a OneToMany: com.teamresistance.entity.User.favorites through a foreign key
[DEBUG] 2019-11-14 11:29:57.099 [http-nio-8080-exec-6] CollectionBinder - Mapping collection: com.teamresistance.entity.User.favorites -> favorites
[DEBUG] 2019-11-14 11:29:57.103 [http-nio-8080-exec-6] TableBinder - Retrieving property com.teamresistance.entity.Favorites.user
[DEBUG] 2019-11-14 11:29:57.104 [http-nio-8080-exec-6] CollectionSecondPass - Mapped collection key: user_userID, one-to-many: com.teamresistance.entity.Favorites
[DEBUG] 2019-11-14 11:29:57.104 [http-nio-8080-exec-6] InFlightMetadataCollectorImpl - Resolving reference to class: com.teamresistance.entity.User
[DEBUG] 2019-11-14 11:29:57.111 [http-nio-8080-exec-6] InFlightMetadataCollectorImpl - Resolving reference to class: com.teamresistance.entity.User
[DEBUG] 2019-11-14 11:29:57.192 [http-nio-8080-exec-6] SessionFactoryImpl - Building session factory
[DEBUG] 2019-11-14 11:29:57.193 [http-nio-8080-exec-6] Settings - SessionFactory name : null
[DEBUG] 2019-11-14 11:29:57.194 [http-nio-8080-exec-6] Settings - Automatic flush during beforeCompletion(): enabled
[DEBUG] 2019-11-14 11:29:57.194 [http-nio-8080-exec-6] Settings - Automatic session close at end of transaction: disabled
[DEBUG] 2019-11-14 11:29:57.194 [http-nio-8080-exec-6] Settings - Statistics: disabled
[DEBUG] 2019-11-14 11:29:57.194 [http-nio-8080-exec-6] Settings - Deleted entity synthetic identifier rollback: disabled
[DEBUG] 2019-11-14 11:29:57.194 [http-nio-8080-exec-6] Settings - Default entity-mode: pojo
[DEBUG] 2019-11-14 11:29:57.194 [http-nio-8080-exec-6] Settings - Check Nullability in Core (should be disabled when Bean Validation is on): enabled
[DEBUG] 2019-11-14 11:29:57.194 [http-nio-8080-exec-6] Settings - Allow initialization of lazy state outside session : disabled
[DEBUG] 2019-11-14 11:29:57.194 [http-nio-8080-exec-6] Settings - Using BatchFetchStyle : LEGACY
[DEBUG] 2019-11-14 11:29:57.194 [http-nio-8080-exec-6] Settings - Default batch fetch size: -1
[DEBUG] 2019-11-14 11:29:57.194 [http-nio-8080-exec-6] Settings - Maximum outer join fetch depth: 2
[DEBUG] 2019-11-14 11:29:57.194 [http-nio-8080-exec-6] Settings - Default null ordering: NONE
[DEBUG] 2019-11-14 11:29:57.194 [http-nio-8080-exec-6] Settings - Order SQL updates by primary key: disabled
[DEBUG] 2019-11-14 11:29:57.194 [http-nio-8080-exec-6] Settings - Order SQL inserts for batching: disabled
[DEBUG] 2019-11-14 11:29:57.194 [http-nio-8080-exec-6] Settings - multi-tenancy strategy : NONE
[DEBUG] 2019-11-14 11:29:57.194 [http-nio-8080-exec-6] Settings - JTA Track by Thread: enabled
[DEBUG] 2019-11-14 11:29:57.194 [http-nio-8080-exec-6] Settings - Query language substitutions: {}
[DEBUG] 2019-11-14 11:29:57.195 [http-nio-8080-exec-6] Settings - Named query checking : enabled
[DEBUG] 2019-11-14 11:29:57.198 [http-nio-8080-exec-6] Settings - Second-level cache: disabled
[DEBUG] 2019-11-14 11:29:57.198 [http-nio-8080-exec-6] Settings - Second-level query cache: disabled
[DEBUG] 2019-11-14 11:29:57.198 [http-nio-8080-exec-6] Settings - Second-level query cache factory: null
[DEBUG] 2019-11-14 11:29:57.199 [http-nio-8080-exec-6] Settings - Second-level cache region prefix: null
[DEBUG] 2019-11-14 11:29:57.199 [http-nio-8080-exec-6] Settings - Optimize second-level cache for minimal puts: disabled
[DEBUG] 2019-11-14 11:29:57.199 [http-nio-8080-exec-6] Settings - Structured second-level cache entries: disabled
[DEBUG] 2019-11-14 11:29:57.199 [http-nio-8080-exec-6] Settings - Second-level cache direct-reference entries: disabled
[DEBUG] 2019-11-14 11:29:57.199 [http-nio-8080-exec-6] Settings - Automatic eviction of collection cache: disabled
[DEBUG] 2019-11-14 11:29:57.199 [http-nio-8080-exec-6] Settings - JDBC batch size: 15
[DEBUG] 2019-11-14 11:29:57.199 [http-nio-8080-exec-6] Settings - JDBC batch updates for versioned data: enabled
[DEBUG] 2019-11-14 11:29:57.199 [http-nio-8080-exec-6] Settings - Scrollable result sets: enabled
[DEBUG] 2019-11-14 11:29:57.199 [http-nio-8080-exec-6] Settings - Wrap result sets: disabled
[DEBUG] 2019-11-14 11:29:57.199 [http-nio-8080-exec-6] Settings - JDBC3 getGeneratedKeys(): enabled
[DEBUG] 2019-11-14 11:29:57.199 [http-nio-8080-exec-6] Settings - JDBC result set fetch size: null
[DEBUG] 2019-11-14 11:29:57.199 [http-nio-8080-exec-6] Settings - Connection release mode: AFTER_TRANSACTION
[DEBUG] 2019-11-14 11:29:57.199 [http-nio-8080-exec-6] Settings - Generate SQL with comments: disabled
[DEBUG] 2019-11-14 11:29:57.199 [http-nio-8080-exec-6] Settings - JPA compliance - query : 
[DEBUG] 2019-11-14 11:29:57.199 [http-nio-8080-exec-6] Settings - JPA compliance - closed-handling : 
[DEBUG] 2019-11-14 11:29:57.199 [http-nio-8080-exec-6] Settings - JPA compliance - lists : 
[DEBUG] 2019-11-14 11:29:57.199 [http-nio-8080-exec-6] Settings - JPA compliance - transactions : 
[INFO ] 2019-11-14 11:29:57.306 [http-nio-8080-exec-6] beans - HHH10005002: No explicit CDI BeanManager reference was passed to Hibernate, but CDI is available on the Hibernate ClassLoader.
[DEBUG] 2019-11-14 11:29:57.361 [http-nio-8080-exec-6] SessionFactoryImpl - Session factory constructed with filter configurations : {}
[DEBUG] 2019-11-14 11:29:57.365 [http-nio-8080-exec-6] SessionFactoryImpl - Instantiating session factory with properties: {awt.toolkit=sun.awt.X11.XToolkit, java.specification.version=11, sun.cpu.isalist=, hibernate.c3p0.idle_test_period=3000, sun.jnu.encoding=UTF-8, hibernate.c3p0.min_size=5, sun.arch.data.model=64, java.vendor.url=https://ubuntu.com/, catalina.useNaming=true, openejb.provider.default=org.apache.tomee, sun.boot.library.path=/usr/lib/jvm/java-11-openjdk-amd64/lib, com.sun.management.jmxremote.ssl=false, sun.java.command=org.apache.catalina.startup.Bootstrap start, jdk.debug=release, java.specification.vendor=Oracle Corporation, java.naming.factory.url.pkgs=org.apache.naming:org.apache.openejb.core.ivm.naming, openejb.embedder.source=ServerListener, java.version.date=2019-07-16, java.home=/usr/lib/jvm/java-11-openjdk-amd64, ignore.endorsed.dirs=, file.separator=/, java.vm.compressedOopsMode=Zero based, line.separator=
, hibernate.c3p0.timeout=300, java.specification.name=Java Platform API Specification, java.vm.specification.vendor=Oracle Corporation, openejb.scan.webapp.container=true, com.sun.management.jmxremote.password.file=/home/student/.IntelliJIdea2019.1/system/tomcat/Unnamed_parkingLots_2/jmxremote.password, package.definition=sun.,java.,org.apache.catalina.,org.apache.coyote.,org.apache.jasper.,org.apache.naming.,org.apache.tomcat., openejb.deployments.classpath.filter.systemapps=false, jdk.tls.ephemeralDHKeySize=2048, java.util.logging.config.file=/home/student/.IntelliJIdea2019.1/system/tomcat/Unnamed_parkingLots_2/conf/logging.properties, java.protocol.handler.pkgs=org.apache.catalina.webresources, connection.password=student, sun.management.compiler=HotSpot 64-Bit Tiered Compilers, openejb.scan.webapp.container.excludes=, java.runtime.version=11.0.4+11-post-Ubuntu-1ubuntu218.04.3, user.name=student, org.apache.johnzon.max-string-length=8192, file.encoding=UTF-8, derby.system.home=/home/student/tomcat/bin, org.apache.catalina.security.SecurityListener.UMASK=0027, hibernate.connection.driver_class=com.mysql.cj.jdbc.Driver, java.io.tmpdir=/home/student/tomcat/temp, tomcat.util.scan.StandardJarScanFilter.jarsToScan=log4j-taglib*.jar,log4j-web*.jar,log4javascript*.jar,slf4j-taglib*.jar, java.version=11.0.4, com.sun.management.jmxremote.port=1099, tomcat.util.scan.StandardJarScanFilter.jarsToSkip=annotations-api.jar,ant-junit*.jar,ant-launcher.jar,ant.jar,asm-*.jar,aspectj*.jar,bootstrap.jar,catalina-ant.jar,catalina-ha.jar,catalina-jmx-remote.jar,catalina-storeconfig.jar,catalina-tribes.jar,catalina-ws.jar,catalina.jar,cglib-*.jar,cobertura-*.jar,commons-beanutils*.jar,commons-codec*.jar,commons-collections*.jar,commons-daemon.jar,commons-dbcp*.jar,commons-digester*.jar,commons-fileupload*.jar,commons-httpclient*.jar,commons-io*.jar,commons-lang*.jar,commons-logging*.jar,commons-math*.jar,commons-pool*.jar,dom4j-*.jar,easymock-*.jar,ecj-*.jar,el-api.jar,geronimo-spec-jaxrpc*.jar,h2*.jar,hamcrest-*.jar,hibernate*.jar,httpclient*.jar,icu4j-*.jar,jasper-el.jar,jasper.jar,jaspic-api.jar,jaxb-*.jar,jaxen-*.jar,jdom-*.jar,jetty-*.jar,jmx-tools.jar,jmx.jar,jsp-api.jar,jstl.jar,jta*.jar,junit-*.jar,junit.jar,log4j*.jar,mail*.jar,objenesis-*.jar,oraclepki.jar,oro-*.jar,servlet-api-*.jar,servlet-api.jar,slf4j*.jar,taglibs-standard-spec-*.jar,tagsoup-*.jar,tomcat-api.jar,tomcat-coyote.jar,tomcat-dbcp.jar,tomcat-i18n-*.jar,tomcat-jdbc.jar,tomcat-jni.jar,tomcat-juli-adapters.jar,tomcat-juli.jar,tomcat-util-scan.jar,tomcat-util.jar,tomcat-websocket.jar,tools.jar,websocket-api.jar,wsdl4j*.jar,xercesImpl.jar,xml-apis.jar,xmlParserAPIs-*.jar,xmlParserAPIs.jar,xom-*.jar, connection.username=root, java.vm.specification.name=Java Virtual Machine Specification, java.awt.printerjob=sun.print.PSPrinterJob, sun.os.patch.level=unknown, connection.driver_class=com.mysql.cj.jdbc.Driver, tomcat.built=May 4 2019 09:17:16 UTC, java.library.path=/usr/java/packages/lib:/usr/lib/x86_64-linux-gnu/jni:/lib/x86_64-linux-gnu:/usr/lib/x86_64-linux-gnu:/usr/lib/jni:/lib:/usr/lib, java.vendor=Ubuntu, tomee.version=7.1.1, java.rmi.server.randomIDs=true, sun.io.unicode.encoding=UnicodeLittle, tomcat.util.buf.StringCache.byte.enabled=true, sun.desktop=gnome, java.class.path=/home/student/tomcat/bin/bootstrap.jar:/home/student/tomcat/bin/tomcat-juli.jar, tomcat.version=8.5.41.0, java.vm.vendor=Ubuntu, openejb.home=/home/student/tomcat, openejb.system.apps=true, user.timezone=America/Chicago, os.name=Linux, java.vm.specification.version=11, sun.java.launcher=SUN_STANDARD, user.country=US, openejb.base=/home/student/.IntelliJIdea2019.1/system/tomcat/Unnamed_parkingLots_2, com.sun.management.jmxremote=, sun.cpu.endian=little, user.home=/home/student, hibernate.c3p0.max_statements=50, user.language=en, openejb.deployments.classpath=false, java.awt.graphicsenv=sun.awt.X11GraphicsEnvironment, package.access=sun.,org.apache.catalina.,org.apache.coyote.,org.apache.jasper.,org.apache.tomcat., openejb.loader=tomcat-system, server.loader=, com.sun.management.jmxremote.access.file=/home/student/.IntelliJIdea2019.1/system/tomcat/Unnamed_parkingLots_2/jmxremote.access, hibernate.c3p0.max_size=20, java.naming.factory.initial=org.apache.naming.java.javaURLContextFactory, path.separator=:, org.apache.openejb.core.security.JaccProvider=org.apache.openejb.core.security.jacc.BasicJaccProvider, common.loader="/home/student/tomcat/lib","/home/student/tomcat/lib/*.jar","/home/student/tomcat/lib","/home/student/tomcat/lib/*.jar", hibernate.connection.username=****, os.version=5.0.0-36-generic, openejb.version=7.1.1, org.apache.security.jacc.EJBMethodPermission.methodInterfaces=BusinessLocalHome,BusinessRemoteHome,BusinessRemote,BusinessLocal, java.runtime.name=OpenJDK Runtime Environment, hibernate.connection.url=jdbc:mysql://localhost:3306/favorite_places, java.vm.name=OpenJDK 64-Bit Server VM, openejb.scan.webapp.container.includes=.*(geronimo|mp-jwt|failsafe).*, java.vendor.url.bug=https://bugs.launchpad.net/ubuntu/+source/openjdk-lts, tomee.remote.support=true, catalina.home=/home/student/tomcat, user.dir=/home/student/tomcat/bin, bval.in-container=true, os.arch=amd64, openjpa.Log=org.apache.openejb.openjpa.JULOpenJPALogFactory, hibernate.connection.password=****, tomee.serialization.class.blacklist=-, tomee.serialization.class.whitelist=, shared.loader=, catalina.base=/home/student/.IntelliJIdea2019.1/system/tomcat/Unnamed_parkingLots_2, hibernate.boot.CfgXmlAccessService.key=org.hibernate.boot.cfgxml.spi.LoadedConfig@45706e08, noBanner=true, java.util.logging.manager=org.apache.juli.ClassLoaderLogManager, org.apache.webbeans.logger.WebBeansLoggerFacade=org.apache.openejb.cdi.logging.ContainerJULLoggerFactory, java.vm.info=mixed mode, sharing, java.vm.version=11.0.4+11-post-Ubuntu-1ubuntu218.04.3, hibernate.bytecode.use_reflection_optimizer=false, java.rmi.server.hostname=127.0.0.1, javax.security.jacc.PolicyConfigurationFactory.provider=org.apache.openejb.core.security.JaccProvider$Factory, connection.url=jdbc:mysql://localhost:3306/favorite_places, java.class.version=55.0, authconfigprovider.factory=false}
[DEBUG] 2019-11-14 11:29:57.417 [http-nio-8080-exec-6] ClassLoaderAccessImpl - Not known whether passed class name [com.teamresistance.entity.User] is safe
[DEBUG] 2019-11-14 11:29:57.417 [http-nio-8080-exec-6] ClassLoaderAccessImpl - No temp ClassLoader provided; using live ClassLoader for loading potentially unsafe class : com.teamresistance.entity.User
[DEBUG] 2019-11-14 11:29:57.438 [http-nio-8080-exec-6] ClassLoaderAccessImpl - Not known whether passed class name [com.teamresistance.entity.Favorites] is safe
[DEBUG] 2019-11-14 11:29:57.438 [http-nio-8080-exec-6] ClassLoaderAccessImpl - No temp ClassLoader provided; using live ClassLoader for loading potentially unsafe class : com.teamresistance.entity.Favorites
[DEBUG] 2019-11-14 11:29:57.441 [http-nio-8080-exec-6] JaccIntegrator - Skipping JACC integration as it was not enabled
[DEBUG] 2019-11-14 11:29:57.442 [http-nio-8080-exec-6] SessionFactoryImpl - Instantiated session factory
[DEBUG] 2019-11-14 11:29:57.442 [http-nio-8080-exec-6] TypeConfiguration$Scope - Scoping TypeConfiguration [org.hibernate.type.spi.TypeConfiguration@366ba373] to SessionFactoryImpl [org.hibernate.internal.SessionFactoryImpl@4522f25a]
[DEBUG] 2019-11-14 11:29:57.502 [http-nio-8080-exec-6] ClassLoaderAccessImpl - Not known whether passed class name [com.teamresistance.entity.User] is safe
[DEBUG] 2019-11-14 11:29:57.502 [http-nio-8080-exec-6] ClassLoaderAccessImpl - No temp ClassLoader provided; using live ClassLoader for loading potentially unsafe class : com.teamresistance.entity.User
[DEBUG] 2019-11-14 11:29:57.537 [http-nio-8080-exec-6] ClassLoaderAccessImpl - Not known whether passed class name [com.teamresistance.entity.User] is safe
[DEBUG] 2019-11-14 11:29:57.537 [http-nio-8080-exec-6] ClassLoaderAccessImpl - No temp ClassLoader provided; using live ClassLoader for loading potentially unsafe class : com.teamresistance.entity.User
[DEBUG] 2019-11-14 11:29:57.970 [http-nio-8080-exec-6] ClassLoaderAccessImpl - Not known whether passed class name [com.teamresistance.entity.Favorites] is safe
[DEBUG] 2019-11-14 11:29:57.973 [http-nio-8080-exec-6] ClassLoaderAccessImpl - No temp ClassLoader provided; using live ClassLoader for loading potentially unsafe class : com.teamresistance.entity.Favorites
[DEBUG] 2019-11-14 11:29:57.974 [http-nio-8080-exec-6] ClassLoaderAccessImpl - Not known whether passed class name [com.teamresistance.entity.Favorites] is safe
[DEBUG] 2019-11-14 11:29:57.974 [http-nio-8080-exec-6] ClassLoaderAccessImpl - No temp ClassLoader provided; using live ClassLoader for loading potentially unsafe class : com.teamresistance.entity.Favorites
[DEBUG] 2019-11-14 11:29:58.049 [http-nio-8080-exec-6] AbstractCollectionPersister - Static SQL for collection: com.teamresistance.entity.User.favorites
[DEBUG] 2019-11-14 11:29:58.049 [http-nio-8080-exec-6] AbstractCollectionPersister -  Row insert: update favorites set user_userID=? where Id=?
[DEBUG] 2019-11-14 11:29:58.050 [http-nio-8080-exec-6] AbstractCollectionPersister -  Row update: update favorites set  where Id=?
[DEBUG] 2019-11-14 11:29:58.050 [http-nio-8080-exec-6] AbstractCollectionPersister -  Row delete: update favorites set user_userID=null where user_userID=? and Id=?
[DEBUG] 2019-11-14 11:29:58.050 [http-nio-8080-exec-6] AbstractCollectionPersister -  One-shot delete: update favorites set user_userID=null where user_userID=?
[DEBUG] 2019-11-14 11:29:58.058 [http-nio-8080-exec-6] AbstractEntityPersister - Static SQL for entity: com.teamresistance.entity.User
[DEBUG] 2019-11-14 11:29:58.058 [http-nio-8080-exec-6] AbstractEntityPersister -  Version select: select userID from user where userID =?
[DEBUG] 2019-11-14 11:29:58.058 [http-nio-8080-exec-6] AbstractEntityPersister -  Snapshot select: select user_.userID, user_.passWord as passWord2_1_, user_.userName as userName3_1_ from user user_ where user_.userID=?
[DEBUG] 2019-11-14 11:29:58.058 [http-nio-8080-exec-6] AbstractEntityPersister -  Insert 0: insert into user (passWord, userName, userID) values (?, ?, ?)
[DEBUG] 2019-11-14 11:29:58.059 [http-nio-8080-exec-6] AbstractEntityPersister -  Update 0: update user set passWord=?, userName=? where userID=?
[DEBUG] 2019-11-14 11:29:58.059 [http-nio-8080-exec-6] AbstractEntityPersister -  Delete 0: delete from user where userID=?
[DEBUG] 2019-11-14 11:29:58.059 [http-nio-8080-exec-6] AbstractEntityPersister -  Identity insert: insert into user (passWord, userName) values (?, ?)
[DEBUG] 2019-11-14 11:29:58.105 [http-nio-8080-exec-6] QuerySpacesImpl - Adding QuerySpace : uid = <gen:0> -> org.hibernate.loader.plan.build.internal.spaces.EntityQuerySpaceImpl@49846cda]
[DEBUG] 2019-11-14 11:29:58.106 [http-nio-8080-exec-6] MetamodelGraphWalker - Visiting attribute path : favorites
[DEBUG] 2019-11-14 11:29:58.114 [http-nio-8080-exec-6] QuerySpacesImpl - Adding QuerySpace : uid = <gen:1> -> org.hibernate.loader.plan.build.internal.spaces.CollectionQuerySpaceImpl@637a644d]
[DEBUG] 2019-11-14 11:29:58.117 [http-nio-8080-exec-6] QuerySpacesImpl - Adding QuerySpace : uid = <gen:2> -> org.hibernate.loader.plan.build.internal.spaces.EntityQuerySpaceImpl@86938c5]
[DEBUG] 2019-11-14 11:29:58.118 [http-nio-8080-exec-6] MetamodelGraphWalker - Visiting attribute path : favorites.availableLots
[DEBUG] 2019-11-14 11:29:58.118 [http-nio-8080-exec-6] MetamodelGraphWalker - Visiting attribute path : favorites.description
[DEBUG] 2019-11-14 11:29:58.118 [http-nio-8080-exec-6] MetamodelGraphWalker - Visiting attribute path : favorites.name
[DEBUG] 2019-11-14 11:29:58.118 [http-nio-8080-exec-6] MetamodelGraphWalker - Visiting attribute path : favorites.parkingLotId
[DEBUG] 2019-11-14 11:29:58.118 [http-nio-8080-exec-6] MetamodelGraphWalker - Visiting attribute path : favorites.price
[DEBUG] 2019-11-14 11:29:58.118 [http-nio-8080-exec-6] MetamodelGraphWalker - Visiting attribute path : favorites.user
[DEBUG] 2019-11-14 11:29:58.118 [http-nio-8080-exec-6] MetamodelGraphWalker - Property path deemed to be circular : favorites.user
[DEBUG] 2019-11-14 11:29:58.120 [http-nio-8080-exec-6] MetamodelGraphWalker - Visiting attribute path : passWord
[DEBUG] 2019-11-14 11:29:58.120 [http-nio-8080-exec-6] MetamodelGraphWalker - Visiting attribute path : userName
[DEBUG] 2019-11-14 11:29:58.120 [http-nio-8080-exec-6] FetchStyleLoadPlanBuildingAssociationVisitationStrategy - Building LoadPlan...
[DEBUG] 2019-11-14 11:29:58.141 [http-nio-8080-exec-6] LoadQueryJoinAndFetchProcessor - processing queryspace <gen:0>
[DEBUG] 2019-11-14 11:29:58.154 [http-nio-8080-exec-6] LoadPlanTreePrinter - LoadPlan(entity=com.teamresistance.entity.User)
    - Returns
       - EntityReturnImpl(entity=com.teamresistance.entity.User, querySpaceUid=<gen:0>, path=com.teamresistance.entity.User)
          - CollectionAttributeFetchImpl(collection=com.teamresistance.entity.User.favorites, querySpaceUid=<gen:1>, path=com.teamresistance.entity.User.favorites)
             - (collection element) CollectionFetchableElementEntityGraph(entity=com.teamresistance.entity.Favorites, querySpaceUid=<gen:2>, path=com.teamresistance.entity.User.favorites.<elements>)
    - QuerySpaces
       - EntityQuerySpaceImpl(uid=<gen:0>, entity=com.teamresistance.entity.User)
          - SQL table alias mapping - user0_
          - alias suffix - 0_
          - suffixed key columns - {userID1_1_0_}
          - JOIN (JoinDefinedByMetadata(favorites)) : <gen:0> -> <gen:1>
             - CollectionQuerySpaceImpl(uid=<gen:1>, collection=com.teamresistance.entity.User.favorites)
                - SQL table alias mapping - favorites1_
                - alias suffix - 1_
                - suffixed key columns - {user_use7_0_1_}
                - entity-element alias suffix - 2_
                - 2_entity-element suffixed key columns - Id1_0_2_
                - JOIN (JoinDefinedByMetadata(elements)) : <gen:1> -> <gen:2>
                   - EntityQuerySpaceImpl(uid=<gen:2>, entity=com.teamresistance.entity.Favorites)
                      - SQL table alias mapping - favorites1_
                      - alias suffix - 2_
                      - suffixed key columns - {Id1_0_2_}

[DEBUG] 2019-11-14 11:29:58.160 [http-nio-8080-exec-6] EntityLoader - Static select for entity com.teamresistance.entity.User [NONE]: select user0_.userID as userID1_1_0_, user0_.passWord as passWord2_1_0_, user0_.userName as userName3_1_0_, favorites1_.user_userID as user_use7_0_1_, favorites1_.Id as Id1_0_1_, favorites1_.Id as Id1_0_2_, favorites1_.available as availabl2_0_2_, favorites1_.description as descript3_0_2_, favorites1_.name as name4_0_2_, favorites1_.parkingLotId as parkingL5_0_2_, favorites1_.price as price6_0_2_, favorites1_.user_userID as user_use7_0_2_ from user user0_ left outer join favorites favorites1_ on user0_.userID=favorites1_.user_userID where user0_.userID=?
[DEBUG] 2019-11-14 11:29:58.160 [http-nio-8080-exec-6] QuerySpacesImpl - Adding QuerySpace : uid = <gen:0> -> org.hibernate.loader.plan.build.internal.spaces.EntityQuerySpaceImpl@196e9a05]
[DEBUG] 2019-11-14 11:29:58.161 [http-nio-8080-exec-6] MetamodelGraphWalker - Visiting attribute path : favorites
[DEBUG] 2019-11-14 11:29:58.161 [http-nio-8080-exec-6] QuerySpacesImpl - Adding QuerySpace : uid = <gen:1> -> org.hibernate.loader.plan.build.internal.spaces.CollectionQuerySpaceImpl@1106029b]
[DEBUG] 2019-11-14 11:29:58.161 [http-nio-8080-exec-6] QuerySpacesImpl - Adding QuerySpace : uid = <gen:2> -> org.hibernate.loader.plan.build.internal.spaces.EntityQuerySpaceImpl@709a759e]
[DEBUG] 2019-11-14 11:29:58.161 [http-nio-8080-exec-6] MetamodelGraphWalker - Visiting attribute path : favorites.availableLots
[DEBUG] 2019-11-14 11:29:58.161 [http-nio-8080-exec-6] MetamodelGraphWalker - Visiting attribute path : favorites.description
[DEBUG] 2019-11-14 11:29:58.161 [http-nio-8080-exec-6] MetamodelGraphWalker - Visiting attribute path : favorites.name
[DEBUG] 2019-11-14 11:29:58.161 [http-nio-8080-exec-6] MetamodelGraphWalker - Visiting attribute path : favorites.parkingLotId
[DEBUG] 2019-11-14 11:29:58.161 [http-nio-8080-exec-6] MetamodelGraphWalker - Visiting attribute path : favorites.price
[DEBUG] 2019-11-14 11:29:58.161 [http-nio-8080-exec-6] MetamodelGraphWalker - Visiting attribute path : favorites.user
[DEBUG] 2019-11-14 11:29:58.161 [http-nio-8080-exec-6] MetamodelGraphWalker - Property path deemed to be circular : favorites.user
[DEBUG] 2019-11-14 11:29:58.162 [http-nio-8080-exec-6] MetamodelGraphWalker - Visiting attribute path : passWord
[DEBUG] 2019-11-14 11:29:58.162 [http-nio-8080-exec-6] MetamodelGraphWalker - Visiting attribute path : userName
[DEBUG] 2019-11-14 11:29:58.162 [http-nio-8080-exec-6] FetchStyleLoadPlanBuildingAssociationVisitationStrategy - Building LoadPlan...
[DEBUG] 2019-11-14 11:29:58.162 [http-nio-8080-exec-6] LoadQueryJoinAndFetchProcessor - processing queryspace <gen:0>
[DEBUG] 2019-11-14 11:29:58.162 [http-nio-8080-exec-6] LoadPlanTreePrinter - LoadPlan(entity=com.teamresistance.entity.User)
    - Returns
       - EntityReturnImpl(entity=com.teamresistance.entity.User, querySpaceUid=<gen:0>, path=com.teamresistance.entity.User)
          - CollectionAttributeFetchImpl(collection=com.teamresistance.entity.User.favorites, querySpaceUid=<gen:1>, path=com.teamresistance.entity.User.favorites)
             - (collection element) CollectionFetchableElementEntityGraph(entity=com.teamresistance.entity.Favorites, querySpaceUid=<gen:2>, path=com.teamresistance.entity.User.favorites.<elements>)
    - QuerySpaces
       - EntityQuerySpaceImpl(uid=<gen:0>, entity=com.teamresistance.entity.User)
          - SQL table alias mapping - user0_
          - alias suffix - 0_
          - suffixed key columns - {userID1_1_0_}
          - JOIN (JoinDefinedByMetadata(favorites)) : <gen:0> -> <gen:1>
             - CollectionQuerySpaceImpl(uid=<gen:1>, collection=com.teamresistance.entity.User.favorites)
                - SQL table alias mapping - favorites1_
                - alias suffix - 1_
                - suffixed key columns - {user_use7_0_1_}
                - entity-element alias suffix - 2_
                - 2_entity-element suffixed key columns - Id1_0_2_
                - JOIN (JoinDefinedByMetadata(elements)) : <gen:1> -> <gen:2>
                   - EntityQuerySpaceImpl(uid=<gen:2>, entity=com.teamresistance.entity.Favorites)
                      - SQL table alias mapping - favorites1_
                      - alias suffix - 2_
                      - suffixed key columns - {Id1_0_2_}

[DEBUG] 2019-11-14 11:29:58.162 [http-nio-8080-exec-6] EntityLoader - Static select for entity com.teamresistance.entity.User [READ]: select user0_.userID as userID1_1_0_, user0_.passWord as passWord2_1_0_, user0_.userName as userName3_1_0_, favorites1_.user_userID as user_use7_0_1_, favorites1_.Id as Id1_0_1_, favorites1_.Id as Id1_0_2_, favorites1_.available as availabl2_0_2_, favorites1_.description as descript3_0_2_, favorites1_.name as name4_0_2_, favorites1_.parkingLotId as parkingL5_0_2_, favorites1_.price as price6_0_2_, favorites1_.user_userID as user_use7_0_2_ from user user0_ left outer join favorites favorites1_ on user0_.userID=favorites1_.user_userID where user0_.userID=?
[DEBUG] 2019-11-14 11:29:58.185 [http-nio-8080-exec-6] Loader - Static select for action ACTION_MERGE on entity com.teamresistance.entity.User: select user0_.userID as userID1_1_1_, user0_.passWord as passWord2_1_1_, user0_.userName as userName3_1_1_, favorites1_.user_userID as user_use7_0_3_, favorites1_.Id as Id1_0_3_, favorites1_.Id as Id1_0_0_, favorites1_.available as availabl2_0_0_, favorites1_.description as descript3_0_0_, favorites1_.name as name4_0_0_, favorites1_.parkingLotId as parkingL5_0_0_, favorites1_.price as price6_0_0_, favorites1_.user_userID as user_use7_0_0_ from user user0_ left outer join favorites favorites1_ on user0_.userID=favorites1_.user_userID where user0_.userID=?
[DEBUG] 2019-11-14 11:29:58.185 [http-nio-8080-exec-6] Loader - Static select for action ACTION_REFRESH on entity com.teamresistance.entity.User: select user0_.userID as userID1_1_1_, user0_.passWord as passWord2_1_1_, user0_.userName as userName3_1_1_, favorites1_.user_userID as user_use7_0_3_, favorites1_.Id as Id1_0_3_, favorites1_.Id as Id1_0_0_, favorites1_.available as availabl2_0_0_, favorites1_.description as descript3_0_0_, favorites1_.name as name4_0_0_, favorites1_.parkingLotId as parkingL5_0_0_, favorites1_.price as price6_0_0_, favorites1_.user_userID as user_use7_0_0_ from user user0_ left outer join favorites favorites1_ on user0_.userID=favorites1_.user_userID where user0_.userID=?
[DEBUG] 2019-11-14 11:29:58.186 [http-nio-8080-exec-6] AbstractEntityPersister - Static SQL for entity: com.teamresistance.entity.Favorites
[DEBUG] 2019-11-14 11:29:58.186 [http-nio-8080-exec-6] AbstractEntityPersister -  Version select: select Id from favorites where Id =?
[DEBUG] 2019-11-14 11:29:58.186 [http-nio-8080-exec-6] AbstractEntityPersister -  Snapshot select: select favorites_.Id, favorites_.available as availabl2_0_, favorites_.description as descript3_0_, favorites_.name as name4_0_, favorites_.parkingLotId as parkingL5_0_, favorites_.price as price6_0_, favorites_.user_userID as user_use7_0_ from favorites favorites_ where favorites_.Id=?
[DEBUG] 2019-11-14 11:29:58.186 [http-nio-8080-exec-6] AbstractEntityPersister -  Insert 0: insert into favorites (available, description, name, parkingLotId, price, user_userID, Id) values (?, ?, ?, ?, ?, ?, ?)
[DEBUG] 2019-11-14 11:29:58.186 [http-nio-8080-exec-6] AbstractEntityPersister -  Update 0: update favorites set available=?, description=?, name=?, parkingLotId=?, price=?, user_userID=? where Id=?
[DEBUG] 2019-11-14 11:29:58.186 [http-nio-8080-exec-6] AbstractEntityPersister -  Delete 0: delete from favorites where Id=?
[DEBUG] 2019-11-14 11:29:58.186 [http-nio-8080-exec-6] AbstractEntityPersister -  Identity insert: insert into favorites (available, description, name, parkingLotId, price, user_userID) values (?, ?, ?, ?, ?, ?)
[DEBUG] 2019-11-14 11:29:58.187 [http-nio-8080-exec-6] QuerySpacesImpl - Adding QuerySpace : uid = <gen:0> -> org.hibernate.loader.plan.build.internal.spaces.EntityQuerySpaceImpl@13fcca9]
[DEBUG] 2019-11-14 11:29:58.187 [http-nio-8080-exec-6] MetamodelGraphWalker - Visiting attribute path : availableLots
[DEBUG] 2019-11-14 11:29:58.187 [http-nio-8080-exec-6] MetamodelGraphWalker - Visiting attribute path : description
[DEBUG] 2019-11-14 11:29:58.187 [http-nio-8080-exec-6] MetamodelGraphWalker - Visiting attribute path : name
[DEBUG] 2019-11-14 11:29:58.187 [http-nio-8080-exec-6] MetamodelGraphWalker - Visiting attribute path : parkingLotId
[DEBUG] 2019-11-14 11:29:58.187 [http-nio-8080-exec-6] MetamodelGraphWalker - Visiting attribute path : price
[DEBUG] 2019-11-14 11:29:58.187 [http-nio-8080-exec-6] MetamodelGraphWalker - Visiting attribute path : user
[DEBUG] 2019-11-14 11:29:58.187 [http-nio-8080-exec-6] QuerySpacesImpl - Adding QuerySpace : uid = <gen:1> -> org.hibernate.loader.plan.build.internal.spaces.EntityQuerySpaceImpl@401af08f]
[DEBUG] 2019-11-14 11:29:58.188 [http-nio-8080-exec-6] MetamodelGraphWalker - Visiting attribute path : user.favorites
[DEBUG] 2019-11-14 11:29:58.188 [http-nio-8080-exec-6] MetamodelGraphWalker - Property path deemed to be circular : user.favorites
[DEBUG] 2019-11-14 11:29:58.188 [http-nio-8080-exec-6] MetamodelGraphWalker - Visiting attribute path : user.passWord
[DEBUG] 2019-11-14 11:29:58.188 [http-nio-8080-exec-6] MetamodelGraphWalker - Visiting attribute path : user.userName
[DEBUG] 2019-11-14 11:29:58.188 [http-nio-8080-exec-6] FetchStyleLoadPlanBuildingAssociationVisitationStrategy - Building LoadPlan...
[DEBUG] 2019-11-14 11:29:58.188 [http-nio-8080-exec-6] LoadQueryJoinAndFetchProcessor - processing queryspace <gen:0>
[DEBUG] 2019-11-14 11:29:58.189 [http-nio-8080-exec-6] LoadPlanTreePrinter - LoadPlan(entity=com.teamresistance.entity.Favorites)
    - Returns
       - EntityReturnImpl(entity=com.teamresistance.entity.Favorites, querySpaceUid=<gen:0>, path=com.teamresistance.entity.Favorites)
          - EntityAttributeFetchImpl(entity=com.teamresistance.entity.User, querySpaceUid=<gen:1>, path=com.teamresistance.entity.Favorites.user)
    - QuerySpaces
       - EntityQuerySpaceImpl(uid=<gen:0>, entity=com.teamresistance.entity.Favorites)
          - SQL table alias mapping - favorites0_
          - alias suffix - 0_
          - suffixed key columns - {Id1_0_0_}
          - JOIN (JoinDefinedByMetadata(user)) : <gen:0> -> <gen:1>
             - EntityQuerySpaceImpl(uid=<gen:1>, entity=com.teamresistance.entity.User)
                - SQL table alias mapping - user1_
                - alias suffix - 1_
                - suffixed key columns - {userID1_1_1_}

[DEBUG] 2019-11-14 11:29:58.190 [http-nio-8080-exec-6] EntityLoader - Static select for entity com.teamresistance.entity.Favorites [NONE]: select favorites0_.Id as Id1_0_0_, favorites0_.available as availabl2_0_0_, favorites0_.description as descript3_0_0_, favorites0_.name as name4_0_0_, favorites0_.parkingLotId as parkingL5_0_0_, favorites0_.price as price6_0_0_, favorites0_.user_userID as user_use7_0_0_, user1_.userID as userID1_1_1_, user1_.passWord as passWord2_1_1_, user1_.userName as userName3_1_1_ from favorites favorites0_ left outer join user user1_ on favorites0_.user_userID=user1_.userID where favorites0_.Id=?
[DEBUG] 2019-11-14 11:29:58.190 [http-nio-8080-exec-6] QuerySpacesImpl - Adding QuerySpace : uid = <gen:0> -> org.hibernate.loader.plan.build.internal.spaces.EntityQuerySpaceImpl@3d78faa6]
[DEBUG] 2019-11-14 11:29:58.190 [http-nio-8080-exec-6] MetamodelGraphWalker - Visiting attribute path : availableLots
[DEBUG] 2019-11-14 11:29:58.190 [http-nio-8080-exec-6] MetamodelGraphWalker - Visiting attribute path : description
[DEBUG] 2019-11-14 11:29:58.190 [http-nio-8080-exec-6] MetamodelGraphWalker - Visiting attribute path : name
[DEBUG] 2019-11-14 11:29:58.190 [http-nio-8080-exec-6] MetamodelGraphWalker - Visiting attribute path : parkingLotId
[DEBUG] 2019-11-14 11:29:58.190 [http-nio-8080-exec-6] MetamodelGraphWalker - Visiting attribute path : price
[DEBUG] 2019-11-14 11:29:58.190 [http-nio-8080-exec-6] MetamodelGraphWalker - Visiting attribute path : user
[DEBUG] 2019-11-14 11:29:58.190 [http-nio-8080-exec-6] QuerySpacesImpl - Adding QuerySpace : uid = <gen:1> -> org.hibernate.loader.plan.build.internal.spaces.EntityQuerySpaceImpl@62e5535e]
[DEBUG] 2019-11-14 11:29:58.191 [http-nio-8080-exec-6] MetamodelGraphWalker - Visiting attribute path : user.favorites
[DEBUG] 2019-11-14 11:29:58.191 [http-nio-8080-exec-6] MetamodelGraphWalker - Property path deemed to be circular : user.favorites
[DEBUG] 2019-11-14 11:29:58.191 [http-nio-8080-exec-6] MetamodelGraphWalker - Visiting attribute path : user.passWord
[DEBUG] 2019-11-14 11:29:58.191 [http-nio-8080-exec-6] MetamodelGraphWalker - Visiting attribute path : user.userName
[DEBUG] 2019-11-14 11:29:58.191 [http-nio-8080-exec-6] FetchStyleLoadPlanBuildingAssociationVisitationStrategy - Building LoadPlan...
[DEBUG] 2019-11-14 11:29:58.191 [http-nio-8080-exec-6] LoadQueryJoinAndFetchProcessor - processing queryspace <gen:0>
[DEBUG] 2019-11-14 11:29:58.192 [http-nio-8080-exec-6] LoadPlanTreePrinter - LoadPlan(entity=com.teamresistance.entity.Favorites)
    - Returns
       - EntityReturnImpl(entity=com.teamresistance.entity.Favorites, querySpaceUid=<gen:0>, path=com.teamresistance.entity.Favorites)
          - EntityAttributeFetchImpl(entity=com.teamresistance.entity.User, querySpaceUid=<gen:1>, path=com.teamresistance.entity.Favorites.user)
    - QuerySpaces
       - EntityQuerySpaceImpl(uid=<gen:0>, entity=com.teamresistance.entity.Favorites)
          - SQL table alias mapping - favorites0_
          - alias suffix - 0_
          - suffixed key columns - {Id1_0_0_}
          - JOIN (JoinDefinedByMetadata(user)) : <gen:0> -> <gen:1>
             - EntityQuerySpaceImpl(uid=<gen:1>, entity=com.teamresistance.entity.User)
                - SQL table alias mapping - user1_
                - alias suffix - 1_
                - suffixed key columns - {userID1_1_1_}

[DEBUG] 2019-11-14 11:29:58.192 [http-nio-8080-exec-6] EntityLoader - Static select for entity com.teamresistance.entity.Favorites [READ]: select favorites0_.Id as Id1_0_0_, favorites0_.available as availabl2_0_0_, favorites0_.description as descript3_0_0_, favorites0_.name as name4_0_0_, favorites0_.parkingLotId as parkingL5_0_0_, favorites0_.price as price6_0_0_, favorites0_.user_userID as user_use7_0_0_, user1_.userID as userID1_1_1_, user1_.passWord as passWord2_1_1_, user1_.userName as userName3_1_1_ from favorites favorites0_ left outer join user user1_ on favorites0_.user_userID=user1_.userID where favorites0_.Id=?
[DEBUG] 2019-11-14 11:29:58.192 [http-nio-8080-exec-6] Loader - Static select for action ACTION_MERGE on entity com.teamresistance.entity.Favorites: select favorites0_.Id as Id1_0_0_, favorites0_.available as availabl2_0_0_, favorites0_.description as descript3_0_0_, favorites0_.name as name4_0_0_, favorites0_.parkingLotId as parkingL5_0_0_, favorites0_.price as price6_0_0_, favorites0_.user_userID as user_use7_0_0_ from favorites favorites0_ where favorites0_.Id=?
[DEBUG] 2019-11-14 11:29:58.192 [http-nio-8080-exec-6] Loader - Static select for action ACTION_REFRESH on entity com.teamresistance.entity.Favorites: select favorites0_.Id as Id1_0_0_, favorites0_.available as availabl2_0_0_, favorites0_.description as descript3_0_0_, favorites0_.name as name4_0_0_, favorites0_.parkingLotId as parkingL5_0_0_, favorites0_.price as price6_0_0_, favorites0_.user_userID as user_use7_0_0_ from favorites favorites0_ where favorites0_.Id=?
[DEBUG] 2019-11-14 11:29:58.221 [http-nio-8080-exec-6] QuerySpacesImpl - Adding QuerySpace : uid = <gen:0> -> org.hibernate.loader.plan.build.internal.spaces.CollectionQuerySpaceImpl@35e17481]
[DEBUG] 2019-11-14 11:29:58.222 [http-nio-8080-exec-6] QuerySpacesImpl - Adding QuerySpace : uid = <gen:1> -> org.hibernate.loader.plan.build.internal.spaces.EntityQuerySpaceImpl@44dac972]
[DEBUG] 2019-11-14 11:29:58.223 [http-nio-8080-exec-6] MetamodelGraphWalker - Visiting attribute path : availableLots
[DEBUG] 2019-11-14 11:29:58.223 [http-nio-8080-exec-6] MetamodelGraphWalker - Visiting attribute path : description
[DEBUG] 2019-11-14 11:29:58.223 [http-nio-8080-exec-6] MetamodelGraphWalker - Visiting attribute path : name
[DEBUG] 2019-11-14 11:29:58.223 [http-nio-8080-exec-6] MetamodelGraphWalker - Visiting attribute path : parkingLotId
[DEBUG] 2019-11-14 11:29:58.223 [http-nio-8080-exec-6] MetamodelGraphWalker - Visiting attribute path : price
[DEBUG] 2019-11-14 11:29:58.223 [http-nio-8080-exec-6] MetamodelGraphWalker - Visiting attribute path : user
[DEBUG] 2019-11-14 11:29:58.223 [http-nio-8080-exec-6] MetamodelGraphWalker - Property path deemed to be circular : user
[DEBUG] 2019-11-14 11:29:58.223 [http-nio-8080-exec-6] FetchStyleLoadPlanBuildingAssociationVisitationStrategy - Building LoadPlan...
[DEBUG] 2019-11-14 11:29:58.230 [http-nio-8080-exec-6] LoadQueryJoinAndFetchProcessor - processing queryspace <gen:0>
[DEBUG] 2019-11-14 11:29:58.230 [http-nio-8080-exec-6] LoadPlanTreePrinter - LoadPlan(collection=com.teamresistance.entity.User.favorites)
    - Returns
       - CollectionReturnImpl(collection=com.teamresistance.entity.User.favorites, querySpaceUid=<gen:0>, path=[com.teamresistance.entity.User.favorites])
          - (collection element) CollectionFetchableElementEntityGraph(entity=com.teamresistance.entity.Favorites, querySpaceUid=<gen:1>, path=[com.teamresistance.entity.User.favorites].<elements>)
    - QuerySpaces
       - CollectionQuerySpaceImpl(uid=<gen:0>, collection=com.teamresistance.entity.User.favorites)
          - SQL table alias mapping - favorites0_
          - alias suffix - 0_
          - suffixed key columns - {user_use7_0_0_}
          - entity-element alias suffix - 1_
          - 1_entity-element suffixed key columns - Id1_0_1_
          - JOIN (JoinDefinedByMetadata(elements)) : <gen:0> -> <gen:1>
             - EntityQuerySpaceImpl(uid=<gen:1>, entity=com.teamresistance.entity.Favorites)
                - SQL table alias mapping - favorites0_
                - alias suffix - 1_
                - suffixed key columns - {Id1_0_1_}

[DEBUG] 2019-11-14 11:29:58.234 [http-nio-8080-exec-6] CollectionLoader - Static select for collection com.teamresistance.entity.User.favorites: select favorites0_.user_userID as user_use7_0_0_, favorites0_.Id as Id1_0_0_, favorites0_.Id as Id1_0_1_, favorites0_.available as availabl2_0_1_, favorites0_.description as descript3_0_1_, favorites0_.name as name4_0_1_, favorites0_.parkingLotId as parkingL5_0_1_, favorites0_.price as price6_0_1_, favorites0_.user_userID as user_use7_0_1_ from favorites favorites0_ where favorites0_.user_userID=?
[DEBUG] 2019-11-14 11:29:58.318 [http-nio-8080-exec-6] SchemaManagementToolCoordinator - No actions specified; doing nothing
[DEBUG] 2019-11-14 11:29:58.318 [http-nio-8080-exec-6] JtaPlatformInitiator - No JtaPlatform was specified, checking resolver
[DEBUG] 2019-11-14 11:29:58.319 [http-nio-8080-exec-6] JtaPlatformResolverInitiator - No JtaPlatformResolver was specified, using default [org.hibernate.engine.transaction.jta.platform.internal.StandardJtaPlatformResolver]
[DEBUG] 2019-11-14 11:29:58.334 [http-nio-8080-exec-6] StandardJtaPlatformResolver - Could not resolve JtaPlatform, using default [org.hibernate.engine.transaction.jta.platform.internal.NoJtaPlatform]
[INFO ] 2019-11-14 11:29:58.335 [http-nio-8080-exec-6] JtaPlatformInitiator - HHH000490: Using JtaPlatform implementation: [org.hibernate.engine.transaction.jta.platform.internal.NoJtaPlatform]
[DEBUG] 2019-11-14 11:29:58.340 [http-nio-8080-exec-6] NamedQueryRepository - Checking 0 named HQL queries
[DEBUG] 2019-11-14 11:29:58.341 [http-nio-8080-exec-6] NamedQueryRepository - Checking 0 named SQL queries
[DEBUG] 2019-11-14 11:29:58.345 [http-nio-8080-exec-6] SessionFactoryRegistry - Initializing SessionFactoryRegistry : org.hibernate.internal.SessionFactoryRegistry@5364f719
[DEBUG] 2019-11-14 11:29:58.347 [http-nio-8080-exec-6] SessionFactoryRegistry - Registering SessionFactory: cc6794c8-9e95-47bb-b369-f6716a895c81 (<unnamed>)
[DEBUG] 2019-11-14 11:29:58.347 [http-nio-8080-exec-6] SessionFactoryRegistry - Not binding SessionFactory to JNDI, no JNDI name configured
[DEBUG] 2019-11-14 11:29:58.510 [http-nio-8080-exec-6] StatisticsInitiator - Statistics initialized [enabled=false]
[DEBUG] 2019-11-14 11:29:58.560 [http-nio-8080-exec-6] CriteriaQueryImpl - Rendered criteria query -> select generatedAlias0 from User as generatedAlias0 where generatedAlias0.userName like :param0
[DEBUG] 2019-11-14 11:29:58.581 [http-nio-8080-exec-6] QueryTranslatorFactoryInitiator - QueryTranslatorFactory: org.hibernate.hql.internal.ast.ASTQueryTranslatorFactory@15b69f89
[DEBUG] 2019-11-14 11:29:58.609 [http-nio-8080-exec-6] QueryTranslatorImpl - parse() - HQL: select generatedAlias0 from com.teamresistance.entity.User as generatedAlias0 where generatedAlias0.userName like :param0
[DEBUG] 2019-11-14 11:29:58.617 [http-nio-8080-exec-6] ErrorTracker - throwQueryException() : no errors
[DEBUG] 2019-11-14 11:29:58.718 [http-nio-8080-exec-6] QueryTranslatorImpl - --- HQL AST ---
 \-[QUERY] Node: 'query'
    +-[SELECT_FROM] Node: 'SELECT_FROM'
    |  +-[FROM] Node: 'from'
    |  |  \-[RANGE] Node: 'RANGE'
    |  |     +-[DOT] Node: '.'
    |  |     |  +-[DOT] Node: '.'
    |  |     |  |  +-[DOT] Node: '.'
    |  |     |  |  |  +-[IDENT] Node: 'com'
    |  |     |  |  |  \-[IDENT] Node: 'teamresistance'
    |  |     |  |  \-[IDENT] Node: 'entity'
    |  |     |  \-[IDENT] Node: 'User'
    |  |     \-[ALIAS] Node: 'generatedAlias0'
    |  \-[SELECT] Node: 'select'
    |     \-[IDENT] Node: 'generatedAlias0'
    \-[WHERE] Node: 'where'
       \-[LIKE] Node: 'like'
          +-[DOT] Node: '.'
          |  +-[IDENT] Node: 'generatedAlias0'
          |  \-[IDENT] Node: 'userName'
          \-[COLON] Node: ':'
             \-[IDENT] Node: 'param0'

[DEBUG] 2019-11-14 11:29:58.769 [http-nio-8080-exec-6] HqlSqlBaseWalker - select << begin [level=1, statement=select]
[DEBUG] 2019-11-14 11:29:58.802 [http-nio-8080-exec-6] FromElement - FromClause{level=1} : com.teamresistance.entity.User (generatedAlias0) -> user0_
[DEBUG] 2019-11-14 11:29:58.804 [http-nio-8080-exec-6] FromReferenceNode - Resolved : generatedAlias0 -> user0_.userID
[DEBUG] 2019-11-14 11:29:58.812 [http-nio-8080-exec-6] FromReferenceNode - Resolved : generatedAlias0 -> user0_.userID
[DEBUG] 2019-11-14 11:29:58.814 [http-nio-8080-exec-6] DotNode - getDataType() : userName -> org.hibernate.type.StringType@3f5d1b13
[DEBUG] 2019-11-14 11:29:58.815 [http-nio-8080-exec-6] FromReferenceNode - Resolved : generatedAlias0.userName -> user0_.userName
[DEBUG] 2019-11-14 11:29:58.818 [http-nio-8080-exec-6] HqlSqlBaseWalker - select : finishing up [level=1, statement=select]
[DEBUG] 2019-11-14 11:29:58.819 [http-nio-8080-exec-6] HqlSqlWalker - processQuery() :  ( SELECT ( {select clause} user0_.userID ) ( FromClause{level=1} user user0_ ) ( where ( like ( user0_.userName user0_.userID userName ) ? ) ) )
[DEBUG] 2019-11-14 11:29:58.841 [http-nio-8080-exec-6] JoinProcessor - Using FROM fragment [user user0_]
[DEBUG] 2019-11-14 11:29:58.844 [http-nio-8080-exec-6] HqlSqlBaseWalker - select >> end [level=1, statement=select]
[DEBUG] 2019-11-14 11:29:58.845 [http-nio-8080-exec-6] QueryTranslatorImpl - --- SQL AST ---
 \-[SELECT] QueryNode: 'SELECT'  querySpaces (user)
    +-[SELECT_CLAUSE] SelectClause: '{select clause}'
    |  +-[ALIAS_REF] IdentNode: 'user0_.userID as userID1_1_' {alias=generatedAlias0, className=com.teamresistance.entity.User, tableAlias=user0_}
    |  \-[SQL_TOKEN] SqlFragment: 'user0_.passWord as passWord2_1_, user0_.userName as userName3_1_'
    +-[FROM] FromClause: 'from' FromClause{level=1, fromElementCounter=1, fromElements=1, fromElementByClassAlias=[generatedAlias0], fromElementByTableAlias=[user0_], fromElementsByPath=[], collectionJoinFromElementsByPath=[], impliedElements=[]}
    |  \-[FROM_FRAGMENT] FromElement: 'user user0_' FromElement{explicit,not a collection join,not a fetch join,fetch non-lazy properties,classAlias=generatedAlias0,role=null,tableName=user,tableAlias=user0_,origin=null,columns={,className=com.teamresistance.entity.User}}
    \-[WHERE] SqlNode: 'where'
       \-[LIKE] BinaryLogicOperatorNode: 'like'
          +-[DOT] DotNode: 'user0_.userName' {propertyName=userName,dereferenceType=PRIMITIVE,getPropertyPath=userName,path=generatedAlias0.userName,tableAlias=user0_,className=com.teamresistance.entity.User,classAlias=generatedAlias0}
          |  +-[ALIAS_REF] IdentNode: 'user0_.userID' {alias=generatedAlias0, className=com.teamresistance.entity.User, tableAlias=user0_}
          |  \-[IDENT] IdentNode: 'userName' {originalText=userName}
          \-[NAMED_PARAM] ParameterNode: '?' {name=param0, expectedType=org.hibernate.type.StringType@3f5d1b13}

[DEBUG] 2019-11-14 11:29:58.845 [http-nio-8080-exec-6] ErrorTracker - throwQueryException() : no errors
[DEBUG] 2019-11-14 11:29:58.852 [http-nio-8080-exec-6] QueryTranslatorImpl - HQL: select generatedAlias0 from com.teamresistance.entity.User as generatedAlias0 where generatedAlias0.userName like :param0
[DEBUG] 2019-11-14 11:29:58.852 [http-nio-8080-exec-6] QueryTranslatorImpl - SQL: select user0_.userID as userID1_1_, user0_.passWord as passWord2_1_, user0_.userName as userName3_1_ from user user0_ where user0_.userName like ?
[DEBUG] 2019-11-14 11:29:58.853 [http-nio-8080-exec-6] ErrorTracker - throwQueryException() : no errors
[DEBUG] 2019-11-14 11:29:58.876 [http-nio-8080-exec-6] SQL - select user0_.userID as userID1_1_, user0_.passWord as passWord2_1_, user0_.userName as userName3_1_ from user user0_ where user0_.userName like ?
[DEBUG] 2019-11-14 11:29:58.925 [http-nio-8080-exec-6] SqlExceptionHelper - could not extract ResultSet [n/a]
java.sql.SQLSyntaxErrorException: Unknown column 'user0_.userID' in 'field list'
	at com.mysql.cj.jdbc.exceptions.SQLError.createSQLException(SQLError.java:120) ~[mysql-connector-java-8.0.16.jar:?]
	at com.mysql.cj.jdbc.exceptions.SQLError.createSQLException(SQLError.java:97) ~[mysql-connector-java-8.0.16.jar:?]
	at com.mysql.cj.jdbc.exceptions.SQLExceptionsMapping.translateException(SQLExceptionsMapping.java:122) ~[mysql-connector-java-8.0.16.jar:?]
	at com.mysql.cj.jdbc.ClientPreparedStatement.executeInternal(ClientPreparedStatement.java:955) ~[mysql-connector-java-8.0.16.jar:?]
	at com.mysql.cj.jdbc.ClientPreparedStatement.executeQuery(ClientPreparedStatement.java:1005) ~[mysql-connector-java-8.0.16.jar:?]
	at com.mchange.v2.c3p0.impl.NewProxyPreparedStatement.executeQuery(NewProxyPreparedStatement.java:379) ~[c3p0-0.9.5.3.jar:0.9.5.3]
	at org.hibernate.engine.jdbc.internal.ResultSetReturnImpl.extract(ResultSetReturnImpl.java:60) [hibernate-core-5.4.4.Final.jar:5.4.4.Final]
	at org.hibernate.loader.Loader.getResultSet(Loader.java:2287) [hibernate-core-5.4.4.Final.jar:5.4.4.Final]
	at org.hibernate.loader.Loader.executeQueryStatement(Loader.java:2045) [hibernate-core-5.4.4.Final.jar:5.4.4.Final]
	at org.hibernate.loader.Loader.executeQueryStatement(Loader.java:2007) [hibernate-core-5.4.4.Final.jar:5.4.4.Final]
	at org.hibernate.loader.Loader.doQuery(Loader.java:953) [hibernate-core-5.4.4.Final.jar:5.4.4.Final]
	at org.hibernate.loader.Loader.doQueryAndInitializeNonLazyCollections(Loader.java:354) [hibernate-core-5.4.4.Final.jar:5.4.4.Final]
	at org.hibernate.loader.Loader.doList(Loader.java:2810) [hibernate-core-5.4.4.Final.jar:5.4.4.Final]
	at org.hibernate.loader.Loader.doList(Loader.java:2792) [hibernate-core-5.4.4.Final.jar:5.4.4.Final]
	at org.hibernate.loader.Loader.listIgnoreQueryCache(Loader.java:2624) [hibernate-core-5.4.4.Final.jar:5.4.4.Final]
	at org.hibernate.loader.Loader.list(Loader.java:2619) [hibernate-core-5.4.4.Final.jar:5.4.4.Final]
	at org.hibernate.loader.hql.QueryLoader.list(QueryLoader.java:506) [hibernate-core-5.4.4.Final.jar:5.4.4.Final]
	at org.hibernate.hql.internal.ast.QueryTranslatorImpl.list(QueryTranslatorImpl.java:396) [hibernate-core-5.4.4.Final.jar:5.4.4.Final]
	at org.hibernate.engine.query.spi.HQLQueryPlan.performList(HQLQueryPlan.java:219) [hibernate-core-5.4.4.Final.jar:5.4.4.Final]
	at org.hibernate.internal.SessionImpl.list(SessionImpl.java:1547) [hibernate-core-5.4.4.Final.jar:5.4.4.Final]
	at org.hibernate.query.internal.AbstractProducedQuery.doList(AbstractProducedQuery.java:1557) [hibernate-core-5.4.4.Final.jar:5.4.4.Final]
	at org.hibernate.query.internal.AbstractProducedQuery.list(AbstractProducedQuery.java:1525) [hibernate-core-5.4.4.Final.jar:5.4.4.Final]
	at org.hibernate.query.internal.AbstractProducedQuery.getSingleResult(AbstractProducedQuery.java:1573) [hibernate-core-5.4.4.Final.jar:5.4.4.Final]
	at org.hibernate.query.criteria.internal.compile.CriteriaQueryTypeQueryAdapter.getSingleResult(CriteriaQueryTypeQueryAdapter.java:111) [hibernate-core-5.4.4.Final.jar:5.4.4.Final]
	at com.teamresistance.persistence.GenericDao.getByProperty(GenericDao.java:118) [classes/:?]
	at com.teamresistance.controller.AddServlet.doGet(AddServlet.java:44) [classes/:?]
	at javax.servlet.http.HttpServlet.service(HttpServlet.java:635) [servlet-api.jar:?]
	at javax.servlet.http.HttpServlet.service(HttpServlet.java:742) [servlet-api.jar:?]
	at org.apache.catalina.core.ApplicationFilterChain.internalDoFilter(ApplicationFilterChain.java:231) [catalina.jar:8.5.41]
	at org.apache.catalina.core.ApplicationFilterChain.doFilter(ApplicationFilterChain.java:166) [catalina.jar:8.5.41]
	at org.apache.tomcat.websocket.server.WsFilter.doFilter(WsFilter.java:52) [tomcat-websocket.jar:8.5.41]
	at org.apache.catalina.core.ApplicationFilterChain.internalDoFilter(ApplicationFilterChain.java:193) [catalina.jar:8.5.41]
	at org.apache.catalina.core.ApplicationFilterChain.doFilter(ApplicationFilterChain.java:166) [catalina.jar:8.5.41]
	at org.apache.catalina.core.StandardWrapperValve.invoke(StandardWrapperValve.java:199) [catalina.jar:8.5.41]
	at org.apache.catalina.core.StandardContextValve.invoke(StandardContextValve.java:96) [catalina.jar:8.5.41]
	at org.apache.tomee.catalina.OpenEJBValve.invoke(OpenEJBValve.java:44) [tomee-catalina-7.1.1.jar:7.1.1]
	at org.apache.catalina.authenticator.AuthenticatorBase.invoke(AuthenticatorBase.java:493) [catalina.jar:8.5.41]
	at org.apache.catalina.core.StandardHostValve.invoke(StandardHostValve.java:137) [catalina.jar:8.5.41]
	at org.apache.catalina.valves.ErrorReportValve.invoke(ErrorReportValve.java:81) [catalina.jar:8.5.41]
	at org.apache.tomee.catalina.OpenEJBSecurityListener$RequestCapturer.invoke(OpenEJBSecurityListener.java:97) [tomee-catalina-7.1.1.jar:7.1.1]
	at org.apache.catalina.valves.AbstractAccessLogValve.invoke(AbstractAccessLogValve.java:660) [catalina.jar:8.5.41]
	at org.apache.catalina.core.StandardEngineValve.invoke(StandardEngineValve.java:87) [catalina.jar:8.5.41]
	at org.apache.catalina.connector.CoyoteAdapter.service(CoyoteAdapter.java:343) [catalina.jar:8.5.41]
	at org.apache.coyote.http11.Http11Processor.service(Http11Processor.java:798) [tomcat-coyote.jar:8.5.41]
	at org.apache.coyote.AbstractProcessorLight.process(AbstractProcessorLight.java:66) [tomcat-coyote.jar:8.5.41]
	at org.apache.coyote.AbstractProtocol$ConnectionHandler.process(AbstractProtocol.java:808) [tomcat-coyote.jar:8.5.41]
	at org.apache.tomcat.util.net.NioEndpoint$SocketProcessor.doRun(NioEndpoint.java:1498) [tomcat-coyote.jar:8.5.41]
	at org.apache.tomcat.util.net.SocketProcessorBase.run(SocketProcessorBase.java:49) [tomcat-coyote.jar:8.5.41]
	at java.util.concurrent.ThreadPoolExecutor.runWorker(ThreadPoolExecutor.java:1128) [?:?]
	at java.util.concurrent.ThreadPoolExecutor$Worker.run(ThreadPoolExecutor.java:628) [?:?]
	at org.apache.tomcat.util.threads.TaskThread$WrappingRunnable.run(TaskThread.java:61) [tomcat-util.jar:8.5.41]
	at java.lang.Thread.run(Thread.java:834) [?:?]
[WARN ] 2019-11-14 11:29:58.936 [http-nio-8080-exec-6] SqlExceptionHelper - SQL Error: 1054, SQLState: 42S22
[ERROR] 2019-11-14 11:29:58.936 [http-nio-8080-exec-6] SqlExceptionHelper - Unknown column 'user0_.userID' in 'field list'
[DEBUG] 2019-11-14 11:29:58.936 [http-nio-8080-exec-6] LogicalConnectionManagedImpl - Initiating JDBC connection release from afterTransaction
[DEBUG] 2019-11-14 11:29:58.942 [http-nio-8080-exec-6] TransactionImpl - On TransactionImpl creation, JpaCompliance#isJpaTransactionComplianceEnabled == false
